<!DOCTYPE html PUBLIC "-//W3C//DTD XHTML 1.1//EN" "http://www.w3.org/TR/xhtml11/DTD/xhtml11.dtd">
<html xmlns="http://www.w3.org/1999/xhtml"><head><title>TestNG Report</title><style type="text/css">table {margin-bottom:10px;border-collapse:collapse;empty-cells:show}th,td {border:1px solid #009;padding:.25em .5em}th {vertical-align:bottom}td {vertical-align:top}table a {font-weight:bold}.stripe td {background-color: #E6EBF9}.num {text-align:right}.passedodd td {background-color: #3F3}.passedeven td {background-color: #0A0}.skippedodd td {background-color: #DDD}.skippedeven td {background-color: #CCC}.failedodd td,.attn {background-color: #F33}.failedeven td,.stripe .attn {background-color: #D00}.stacktrace {white-space:pre;font-family:monospace}.totop {font-size:85%;text-align:center;border-bottom:2px solid #000}</style></head><body><table><tr><th>Test</th><th># Passed</th><th># Skipped</th><th># Failed</th><th>Time (ms)</th><th>Included Groups</th><th>Excluded Groups</th></tr><tr><th colspan="7">Sign Up Suite</th></tr><tr><td><a href="#t0">TaskingTemplateTests</a></td><td class="num">5</td><td class="num">0</td><td class="num attn">9</td><td class="num">87,652</td><td></td><td></td></tr></table><table><thead><tr><th>Class</th><th>Method</th><th>Start</th><th>Time (ms)</th></tr></thead><tbody><tr><th colspan="4">Sign Up Suite</th></tr></tbody><tbody id="t0"><tr><th colspan="4">TaskingTemplateTests &#8212; failed</th></tr><tr class="failedeven"><td rowspan="9">runThrghTestNG.TaskingTemplate</td><td><a href="#m0">Adition_of_New_TaskTemplate_on_Listing_page</a></td><td rowspan="1">1423743220814</td><td rowspan="1">10</td></tr><tr class="failedeven"><td><a href="#m1">Adition_of_New_Task_on_Tasking_Template_Item</a></td><td rowspan="1">1423743241962</td><td rowspan="1">9</td></tr><tr class="failedeven"><td><a href="#m2">Back_button_functionality_on_Item_TaskTemplate_Listing_page</a></td><td rowspan="1">1423743234660</td><td rowspan="1">16</td></tr><tr class="failedeven"><td><a href="#m3">Cancel_button_functionality_on_Edit_of_TaskTemplate_on_Listing_page</a></td><td rowspan="1">1423743224193</td><td rowspan="1">3090</td></tr><tr class="failedeven"><td><a href="#m4">Cancel_button_functionality_on_New_TaskTemplate_on_Listing_page</a></td><td rowspan="1">1423743220494</td><td rowspan="1">26</td></tr><tr class="failedeven"><td><a href="#m5">Check_validation_for_New_Task_fields_on_Tasking_Template_Item</a></td><td rowspan="1">1423743241828</td><td rowspan="1">16</td></tr><tr class="failedeven"><td><a href="#m6">Edit_of_TaskTemplate_on_Listing_page</a></td><td rowspan="1">1423743220966</td><td rowspan="1">3088</td></tr><tr class="failedeven"><td><a href="#m7">Element_Verification_on_Item_TaskTemplate_Listing_page</a></td><td rowspan="1">1423743234796</td><td rowspan="1">3877</td></tr><tr class="failedeven"><td><a href="#m8">MultipleTask_button_functionality_on_TaskTemplate_Listing_page</a></td><td rowspan="1">1423743234485</td><td rowspan="1">18</td></tr><tr><th colspan="4">TaskingTemplateTests &#8212; passed</th></tr><tr class="passedeven"><td rowspan="5">runThrghTestNG.TaskingTemplate</td><td><a href="#m9">Check_status_on_Item_TaskTemplate_Listing_page_no_task_present</a></td><td rowspan="1">1423743238792</td><td rowspan="1">3035</td></tr><tr class="passedeven"><td><a href="#m10">Delete_button_functionality_on_TaskTemplate_Listing_page</a></td><td rowspan="1">1423743227403</td><td rowspan="1">7081</td></tr><tr class="passedeven"><td><a href="#m11">Element_Verification_on_TaskTemplate_Listing_page</a></td><td rowspan="1">1423743211061</td><td rowspan="1">3232</td></tr><tr class="passedeven"><td><a href="#m12">Navigation_of_TaskTemplate_Listing_page</a></td><td rowspan="1">1423743169814</td><td rowspan="1">41245</td></tr><tr class="passedeven"><td><a href="#m13">Validation_check_for_manadataory_fields_on_TaskTemplate_on_Listing_page_for_new_record</a></td><td rowspan="1">1423743214294</td><td rowspan="1">6199</td></tr></tbody></table><h2>TaskingTemplateTests</h2><h3 id="m0">runThrghTestNG.TaskingTemplate#Adition_of_New_TaskTemplate_on_Listing_page</h3><table class="result"><tr><th>Messages</th></tr><tr><td><div class="messages">Adition_of_New_TaskTemplate_on_Listing_page failed; Click on image to enlarge&lt;br/&gt;&lt;a target=&quot;_blank&quot; href=&quot;C:\TotalBS\reports\screenshots\Adition_of_New_TaskTemplate_on_Listing_page_12Feb15__0543PM.png&quot;&gt;&lt;img src=&quot;file:///C:\TotalBS\reports\screenshots\Adition_of_New_TaskTemplate_on_Listing_page_12Feb15__0543PM.png&quot; alt=&quot;&quot;height=&apos;100&apos; width=&apos;100&apos;/&gt;&lt;/a&gt;&lt;br /&gt;</div></td></tr><tr><th>Exception</th></tr><tr><td><div class="stacktrace">org.openqa.selenium.NoSuchElementException: no such element
  (Session info: chrome=40.0.2214.111)
  (Driver info: chromedriver=2.9.248315,platform=Windows NT 6.1 SP1 x86_64) (WARNING: The server did not provide any stacktrace information)
Command duration or timeout: 10 milliseconds
For documentation on this error, please visit: http://seleniumhq.org/exceptions/no_such_element.html
Build info: version: &apos;2.32.0&apos;, revision: &apos;6c40c18&apos;, time: &apos;2013-04-09 17:23:22&apos;
System info: os.name: &apos;Windows 7&apos;, os.arch: &apos;amd64&apos;, os.version: &apos;6.1&apos;, java.version: &apos;1.7.0_80-ea&apos;
Session ID: f6d26dcffae9e23e4c8dda2e2b965de3
Driver info: org.openqa.selenium.chrome.ChromeDriver
Capabilities [{platform=XP, acceptSslCerts=true, javascriptEnabled=true, browserName=chrome, chrome={userDataDir=C:\Users\REENA~1.SHA\AppData\Local\Temp\scoped_dir940_23467}, rotatable=false, locationContextEnabled=true, version=40.0.2214.111, takesHeapSnapshot=true, cssSelectorsEnabled=true, databaseEnabled=false, handlesAlerts=true, browserConnectionEnabled=false, webStorageEnabled=true, nativeEvents=true, applicationCacheEnabled=false, takesScreenshot=true}]
	at org.openqa.selenium.remote.ErrorHandler.createThrowable(ErrorHandler.java:187)
	at org.openqa.selenium.remote.ErrorHandler.throwIfResponseFailed(ErrorHandler.java:145)
	at org.openqa.selenium.remote.RemoteWebDriver.execute(RemoteWebDriver.java:554)
	at org.openqa.selenium.remote.RemoteWebDriver.findElement(RemoteWebDriver.java:307)
	at org.openqa.selenium.remote.RemoteWebDriver.findElementById(RemoteWebDriver.java:348)
	at org.openqa.selenium.By$ById.findElement(By.java:216)
	at org.openqa.selenium.remote.RemoteWebDriver.findElement(RemoteWebDriver.java:299)
	at runThrghTestNG.TaskingTemplate.Adition_of_New_TaskTemplate_on_Listing_page(TaskingTemplate.java:150)
... Removed 27 stack frames</div></td></tr></table><p class="totop"><a href="#summary">back to summary</a></p><h3 id="m1">runThrghTestNG.TaskingTemplate#Adition_of_New_Task_on_Tasking_Template_Item</h3><table class="result"><tr><th>Messages</th></tr><tr><td><div class="messages">Adition_of_New_Task_on_Tasking_Template_Item failed; Click on image to enlarge&lt;br/&gt;&lt;a target=&quot;_blank&quot; href=&quot;C:\TotalBS\reports\screenshots\Adition_of_New_Task_on_Tasking_Template_Item_12Feb15__0544PM.png&quot;&gt;&lt;img src=&quot;file:///C:\TotalBS\reports\screenshots\Adition_of_New_Task_on_Tasking_Template_Item_12Feb15__0544PM.png&quot; alt=&quot;&quot;height=&apos;100&apos; width=&apos;100&apos;/&gt;&lt;/a&gt;&lt;br /&gt;</div></td></tr><tr><th>Exception</th></tr><tr><td><div class="stacktrace">org.openqa.selenium.NoSuchElementException: no such element
  (Session info: chrome=40.0.2214.111)
  (Driver info: chromedriver=2.9.248315,platform=Windows NT 6.1 SP1 x86_64) (WARNING: The server did not provide any stacktrace information)
Command duration or timeout: 9 milliseconds
For documentation on this error, please visit: http://seleniumhq.org/exceptions/no_such_element.html
Build info: version: &apos;2.32.0&apos;, revision: &apos;6c40c18&apos;, time: &apos;2013-04-09 17:23:22&apos;
System info: os.name: &apos;Windows 7&apos;, os.arch: &apos;amd64&apos;, os.version: &apos;6.1&apos;, java.version: &apos;1.7.0_80-ea&apos;
Session ID: f6d26dcffae9e23e4c8dda2e2b965de3
Driver info: org.openqa.selenium.chrome.ChromeDriver
Capabilities [{platform=XP, acceptSslCerts=true, javascriptEnabled=true, browserName=chrome, chrome={userDataDir=C:\Users\REENA~1.SHA\AppData\Local\Temp\scoped_dir940_23467}, rotatable=false, locationContextEnabled=true, version=40.0.2214.111, takesHeapSnapshot=true, cssSelectorsEnabled=true, databaseEnabled=false, handlesAlerts=true, browserConnectionEnabled=false, webStorageEnabled=true, nativeEvents=true, applicationCacheEnabled=false, takesScreenshot=true}]
	at org.openqa.selenium.remote.ErrorHandler.createThrowable(ErrorHandler.java:187)
	at org.openqa.selenium.remote.ErrorHandler.throwIfResponseFailed(ErrorHandler.java:145)
	at org.openqa.selenium.remote.RemoteWebDriver.execute(RemoteWebDriver.java:554)
	at org.openqa.selenium.remote.RemoteWebDriver.findElement(RemoteWebDriver.java:307)
	at org.openqa.selenium.remote.RemoteWebDriver.findElementByXPath(RemoteWebDriver.java:404)
	at org.openqa.selenium.By$ByXPath.findElement(By.java:344)
	at org.openqa.selenium.remote.RemoteWebDriver.findElement(RemoteWebDriver.java:299)
	at runThrghTestNG.TaskingTemplate.Adition_of_New_Task_on_Tasking_Template_Item(TaskingTemplate.java:376)
... Removed 27 stack frames</div></td></tr></table><p class="totop"><a href="#summary">back to summary</a></p><h3 id="m2">runThrghTestNG.TaskingTemplate#Back_button_functionality_on_Item_TaskTemplate_Listing_page</h3><table class="result"><tr><th>Messages</th></tr><tr><td><div class="messages">Back_button_functionality_on_Item_TaskTemplate_Listing_page failed; Click on image to enlarge&lt;br/&gt;&lt;a target=&quot;_blank&quot; href=&quot;C:\TotalBS\reports\screenshots\Back_button_functionality_on_Item_TaskTemplate_Listing_page_12Feb15__0543PM.png&quot;&gt;&lt;img src=&quot;file:///C:\TotalBS\reports\screenshots\Back_button_functionality_on_Item_TaskTemplate_Listing_page_12Feb15__0543PM.png&quot; alt=&quot;&quot;height=&apos;100&apos; width=&apos;100&apos;/&gt;&lt;/a&gt;&lt;br /&gt;</div></td></tr><tr><th>Exception</th></tr><tr><td><div class="stacktrace">org.openqa.selenium.NoSuchElementException: no such element
  (Session info: chrome=40.0.2214.111)
  (Driver info: chromedriver=2.9.248315,platform=Windows NT 6.1 SP1 x86_64) (WARNING: The server did not provide any stacktrace information)
Command duration or timeout: 16 milliseconds
For documentation on this error, please visit: http://seleniumhq.org/exceptions/no_such_element.html
Build info: version: &apos;2.32.0&apos;, revision: &apos;6c40c18&apos;, time: &apos;2013-04-09 17:23:22&apos;
System info: os.name: &apos;Windows 7&apos;, os.arch: &apos;amd64&apos;, os.version: &apos;6.1&apos;, java.version: &apos;1.7.0_80-ea&apos;
Session ID: f6d26dcffae9e23e4c8dda2e2b965de3
Driver info: org.openqa.selenium.chrome.ChromeDriver
Capabilities [{platform=XP, acceptSslCerts=true, javascriptEnabled=true, browserName=chrome, chrome={userDataDir=C:\Users\REENA~1.SHA\AppData\Local\Temp\scoped_dir940_23467}, rotatable=false, locationContextEnabled=true, version=40.0.2214.111, takesHeapSnapshot=true, cssSelectorsEnabled=true, databaseEnabled=false, handlesAlerts=true, browserConnectionEnabled=false, webStorageEnabled=true, nativeEvents=true, applicationCacheEnabled=false, takesScreenshot=true}]
	at org.openqa.selenium.remote.ErrorHandler.createThrowable(ErrorHandler.java:187)
	at org.openqa.selenium.remote.ErrorHandler.throwIfResponseFailed(ErrorHandler.java:145)
	at org.openqa.selenium.remote.RemoteWebDriver.execute(RemoteWebDriver.java:554)
	at org.openqa.selenium.remote.RemoteWebDriver.findElement(RemoteWebDriver.java:307)
	at org.openqa.selenium.remote.RemoteWebDriver.findElementByXPath(RemoteWebDriver.java:404)
	at org.openqa.selenium.By$ByXPath.findElement(By.java:344)
	at org.openqa.selenium.remote.RemoteWebDriver.findElement(RemoteWebDriver.java:299)
	at runThrghTestNG.TaskingTemplate.Back_button_functionality_on_Item_TaskTemplate_Listing_page(TaskingTemplate.java:234)
... Removed 27 stack frames</div></td></tr></table><p class="totop"><a href="#summary">back to summary</a></p><h3 id="m3">runThrghTestNG.TaskingTemplate#Cancel_button_functionality_on_Edit_of_TaskTemplate_on_Listing_page</h3><table class="result"><tr><th>Messages</th></tr><tr><td><div class="messages">Cancel_button_functionality_on_Edit_of_TaskTemplate_on_Listing_page failed; Click on image to enlarge&lt;br/&gt;&lt;a target=&quot;_blank&quot; href=&quot;C:\TotalBS\reports\screenshots\Cancel_button_functionality_on_Edit_of_TaskTemplate_on_Listing_page_12Feb15__0543PM.png&quot;&gt;&lt;img src=&quot;file:///C:\TotalBS\reports\screenshots\Cancel_button_functionality_on_Edit_of_TaskTemplate_on_Listing_page_12Feb15__0543PM.png&quot; alt=&quot;&quot;height=&apos;100&apos; width=&apos;100&apos;/&gt;&lt;/a&gt;&lt;br /&gt;</div></td></tr><tr><th>Exception</th></tr><tr><td><div class="stacktrace">org.openqa.selenium.NoSuchElementException: no such element
  (Session info: chrome=40.0.2214.111)
  (Driver info: chromedriver=2.9.248315,platform=Windows NT 6.1 SP1 x86_64) (WARNING: The server did not provide any stacktrace information)
Command duration or timeout: 43 milliseconds
For documentation on this error, please visit: http://seleniumhq.org/exceptions/no_such_element.html
Build info: version: &apos;2.32.0&apos;, revision: &apos;6c40c18&apos;, time: &apos;2013-04-09 17:23:22&apos;
System info: os.name: &apos;Windows 7&apos;, os.arch: &apos;amd64&apos;, os.version: &apos;6.1&apos;, java.version: &apos;1.7.0_80-ea&apos;
Session ID: f6d26dcffae9e23e4c8dda2e2b965de3
Driver info: org.openqa.selenium.chrome.ChromeDriver
Capabilities [{platform=XP, acceptSslCerts=true, javascriptEnabled=true, browserName=chrome, chrome={userDataDir=C:\Users\REENA~1.SHA\AppData\Local\Temp\scoped_dir940_23467}, rotatable=false, locationContextEnabled=true, version=40.0.2214.111, takesHeapSnapshot=true, cssSelectorsEnabled=true, databaseEnabled=false, handlesAlerts=true, browserConnectionEnabled=false, webStorageEnabled=true, nativeEvents=true, applicationCacheEnabled=false, takesScreenshot=true}]
	at org.openqa.selenium.remote.ErrorHandler.createThrowable(ErrorHandler.java:187)
	at org.openqa.selenium.remote.ErrorHandler.throwIfResponseFailed(ErrorHandler.java:145)
	at org.openqa.selenium.remote.RemoteWebDriver.execute(RemoteWebDriver.java:554)
	at org.openqa.selenium.remote.RemoteWebDriver.findElement(RemoteWebDriver.java:307)
	at org.openqa.selenium.remote.RemoteWebDriver.findElementByXPath(RemoteWebDriver.java:404)
	at org.openqa.selenium.By$ByXPath.findElement(By.java:344)
	at org.openqa.selenium.remote.RemoteWebDriver.findElement(RemoteWebDriver.java:299)
	at runThrghTestNG.TaskingTemplate.Cancel_button_functionality_on_Edit_of_TaskTemplate_on_Listing_page(TaskingTemplate.java:188)
... Removed 27 stack frames</div></td></tr></table><p class="totop"><a href="#summary">back to summary</a></p><h3 id="m4">runThrghTestNG.TaskingTemplate#Cancel_button_functionality_on_New_TaskTemplate_on_Listing_page</h3><table class="result"><tr><th>Messages</th></tr><tr><td><div class="messages">Cancel_button_functionality_on_New_TaskTemplate_on_Listing_page failed; Click on image to enlarge&lt;br/&gt;&lt;a target=&quot;_blank&quot; href=&quot;C:\TotalBS\reports\screenshots\Cancel_button_functionality_on_New_TaskTemplate_on_Listing_page_12Feb15__0543PM.png&quot;&gt;&lt;img src=&quot;file:///C:\TotalBS\reports\screenshots\Cancel_button_functionality_on_New_TaskTemplate_on_Listing_page_12Feb15__0543PM.png&quot; alt=&quot;&quot;height=&apos;100&apos; width=&apos;100&apos;/&gt;&lt;/a&gt;&lt;br /&gt;</div></td></tr><tr><th>Exception</th></tr><tr><td><div class="stacktrace">org.openqa.selenium.NoSuchElementException: no such element
  (Session info: chrome=40.0.2214.111)
  (Driver info: chromedriver=2.9.248315,platform=Windows NT 6.1 SP1 x86_64) (WARNING: The server did not provide any stacktrace information)
Command duration or timeout: 14 milliseconds
For documentation on this error, please visit: http://seleniumhq.org/exceptions/no_such_element.html
Build info: version: &apos;2.32.0&apos;, revision: &apos;6c40c18&apos;, time: &apos;2013-04-09 17:23:22&apos;
System info: os.name: &apos;Windows 7&apos;, os.arch: &apos;amd64&apos;, os.version: &apos;6.1&apos;, java.version: &apos;1.7.0_80-ea&apos;
Session ID: f6d26dcffae9e23e4c8dda2e2b965de3
Driver info: org.openqa.selenium.chrome.ChromeDriver
Capabilities [{platform=XP, acceptSslCerts=true, javascriptEnabled=true, browserName=chrome, chrome={userDataDir=C:\Users\REENA~1.SHA\AppData\Local\Temp\scoped_dir940_23467}, rotatable=false, locationContextEnabled=true, version=40.0.2214.111, takesHeapSnapshot=true, cssSelectorsEnabled=true, databaseEnabled=false, handlesAlerts=true, browserConnectionEnabled=false, webStorageEnabled=true, nativeEvents=true, applicationCacheEnabled=false, takesScreenshot=true}]
	at org.openqa.selenium.remote.ErrorHandler.createThrowable(ErrorHandler.java:187)
	at org.openqa.selenium.remote.ErrorHandler.throwIfResponseFailed(ErrorHandler.java:145)
	at org.openqa.selenium.remote.RemoteWebDriver.execute(RemoteWebDriver.java:554)
	at org.openqa.selenium.remote.RemoteWebDriver.findElement(RemoteWebDriver.java:307)
	at org.openqa.selenium.remote.RemoteWebDriver.findElementById(RemoteWebDriver.java:348)
	at org.openqa.selenium.By$ById.findElement(By.java:216)
	at org.openqa.selenium.remote.RemoteWebDriver.findElement(RemoteWebDriver.java:299)
	at runThrghTestNG.TaskingTemplate.Cancel_button_functionality_on_New_TaskTemplate_on_Listing_page(TaskingTemplate.java:129)
... Removed 27 stack frames</div></td></tr></table><p class="totop"><a href="#summary">back to summary</a></p><h3 id="m5">runThrghTestNG.TaskingTemplate#Check_validation_for_New_Task_fields_on_Tasking_Template_Item</h3><table class="result"><tr><th>Messages</th></tr><tr><td><div class="messages">Check_validation_for_New_Task_fields_on_Tasking_Template_Item failed; Click on image to enlarge&lt;br/&gt;&lt;a target=&quot;_blank&quot; href=&quot;C:\TotalBS\reports\screenshots\Check_validation_for_New_Task_fields_on_Tasking_Template_Item_12Feb15__0544PM.png&quot;&gt;&lt;img src=&quot;file:///C:\TotalBS\reports\screenshots\Check_validation_for_New_Task_fields_on_Tasking_Template_Item_12Feb15__0544PM.png&quot; alt=&quot;&quot;height=&apos;100&apos; width=&apos;100&apos;/&gt;&lt;/a&gt;&lt;br /&gt;</div></td></tr><tr><th>Exception</th></tr><tr><td><div class="stacktrace">org.openqa.selenium.NoSuchElementException: no such element
  (Session info: chrome=40.0.2214.111)
  (Driver info: chromedriver=2.9.248315,platform=Windows NT 6.1 SP1 x86_64) (WARNING: The server did not provide any stacktrace information)
Command duration or timeout: 14 milliseconds
For documentation on this error, please visit: http://seleniumhq.org/exceptions/no_such_element.html
Build info: version: &apos;2.32.0&apos;, revision: &apos;6c40c18&apos;, time: &apos;2013-04-09 17:23:22&apos;
System info: os.name: &apos;Windows 7&apos;, os.arch: &apos;amd64&apos;, os.version: &apos;6.1&apos;, java.version: &apos;1.7.0_80-ea&apos;
Session ID: f6d26dcffae9e23e4c8dda2e2b965de3
Driver info: org.openqa.selenium.chrome.ChromeDriver
Capabilities [{platform=XP, acceptSslCerts=true, javascriptEnabled=true, browserName=chrome, chrome={userDataDir=C:\Users\REENA~1.SHA\AppData\Local\Temp\scoped_dir940_23467}, rotatable=false, locationContextEnabled=true, version=40.0.2214.111, takesHeapSnapshot=true, cssSelectorsEnabled=true, databaseEnabled=false, handlesAlerts=true, browserConnectionEnabled=false, webStorageEnabled=true, nativeEvents=true, applicationCacheEnabled=false, takesScreenshot=true}]
	at org.openqa.selenium.remote.ErrorHandler.createThrowable(ErrorHandler.java:187)
	at org.openqa.selenium.remote.ErrorHandler.throwIfResponseFailed(ErrorHandler.java:145)
	at org.openqa.selenium.remote.RemoteWebDriver.execute(RemoteWebDriver.java:554)
	at org.openqa.selenium.remote.RemoteWebDriver.findElement(RemoteWebDriver.java:307)
	at org.openqa.selenium.remote.RemoteWebDriver.findElementByXPath(RemoteWebDriver.java:404)
	at org.openqa.selenium.By$ByXPath.findElement(By.java:344)
	at org.openqa.selenium.remote.RemoteWebDriver.findElement(RemoteWebDriver.java:299)
	at runThrghTestNG.TaskingTemplate.Check_validation_for_New_Task_fields_on_Tasking_Template_Item(TaskingTemplate.java:353)
... Removed 27 stack frames</div></td></tr></table><p class="totop"><a href="#summary">back to summary</a></p><h3 id="m6">runThrghTestNG.TaskingTemplate#Edit_of_TaskTemplate_on_Listing_page</h3><table class="result"><tr><th>Messages</th></tr><tr><td><div class="messages">Edit_of_TaskTemplate_on_Listing_page failed; Click on image to enlarge&lt;br/&gt;&lt;a target=&quot;_blank&quot; href=&quot;C:\TotalBS\reports\screenshots\Edit_of_TaskTemplate_on_Listing_page_12Feb15__0543PM.png&quot;&gt;&lt;img src=&quot;file:///C:\TotalBS\reports\screenshots\Edit_of_TaskTemplate_on_Listing_page_12Feb15__0543PM.png&quot; alt=&quot;&quot;height=&apos;100&apos; width=&apos;100&apos;/&gt;&lt;/a&gt;&lt;br /&gt;</div></td></tr><tr><th>Exception</th></tr><tr><td><div class="stacktrace">org.openqa.selenium.NoSuchElementException: no such element
  (Session info: chrome=40.0.2214.111)
  (Driver info: chromedriver=2.9.248315,platform=Windows NT 6.1 SP1 x86_64) (WARNING: The server did not provide any stacktrace information)
Command duration or timeout: 34 milliseconds
For documentation on this error, please visit: http://seleniumhq.org/exceptions/no_such_element.html
Build info: version: &apos;2.32.0&apos;, revision: &apos;6c40c18&apos;, time: &apos;2013-04-09 17:23:22&apos;
System info: os.name: &apos;Windows 7&apos;, os.arch: &apos;amd64&apos;, os.version: &apos;6.1&apos;, java.version: &apos;1.7.0_80-ea&apos;
Session ID: f6d26dcffae9e23e4c8dda2e2b965de3
Driver info: org.openqa.selenium.chrome.ChromeDriver
Capabilities [{platform=XP, acceptSslCerts=true, javascriptEnabled=true, browserName=chrome, chrome={userDataDir=C:\Users\REENA~1.SHA\AppData\Local\Temp\scoped_dir940_23467}, rotatable=false, locationContextEnabled=true, version=40.0.2214.111, takesHeapSnapshot=true, cssSelectorsEnabled=true, databaseEnabled=false, handlesAlerts=true, browserConnectionEnabled=false, webStorageEnabled=true, nativeEvents=true, applicationCacheEnabled=false, takesScreenshot=true}]
	at org.openqa.selenium.remote.ErrorHandler.createThrowable(ErrorHandler.java:187)
	at org.openqa.selenium.remote.ErrorHandler.throwIfResponseFailed(ErrorHandler.java:145)
	at org.openqa.selenium.remote.RemoteWebDriver.execute(RemoteWebDriver.java:554)
	at org.openqa.selenium.remote.RemoteWebDriver.findElement(RemoteWebDriver.java:307)
	at org.openqa.selenium.remote.RemoteWebDriver.findElementByXPath(RemoteWebDriver.java:404)
	at org.openqa.selenium.By$ByXPath.findElement(By.java:344)
	at org.openqa.selenium.remote.RemoteWebDriver.findElement(RemoteWebDriver.java:299)
	at runThrghTestNG.TaskingTemplate.Edit_of_TaskTemplate_on_Listing_page(TaskingTemplate.java:175)
... Removed 27 stack frames</div></td></tr></table><p class="totop"><a href="#summary">back to summary</a></p><h3 id="m7">runThrghTestNG.TaskingTemplate#Element_Verification_on_Item_TaskTemplate_Listing_page</h3><table class="result"><tr><th>Messages</th></tr><tr><td><div class="messages">Element_Verification_on_Item_TaskTemplate_Listing_page failed; Click on image to enlarge&lt;br/&gt;&lt;a target=&quot;_blank&quot; href=&quot;C:\TotalBS\reports\screenshots\Element_Verification_on_Item_TaskTemplate_Listing_page_12Feb15__0543PM.png&quot;&gt;&lt;img src=&quot;file:///C:\TotalBS\reports\screenshots\Element_Verification_on_Item_TaskTemplate_Listing_page_12Feb15__0543PM.png&quot; alt=&quot;&quot;height=&apos;100&apos; width=&apos;100&apos;/&gt;&lt;/a&gt;&lt;br /&gt;</div></td></tr><tr><th>Exception</th></tr><tr><td><div class="stacktrace">org.openqa.selenium.NoSuchElementException: no such element
  (Session info: chrome=40.0.2214.111)
  (Driver info: chromedriver=2.9.248315,platform=Windows NT 6.1 SP1 x86_64) (WARNING: The server did not provide any stacktrace information)
Command duration or timeout: 25 milliseconds
For documentation on this error, please visit: http://seleniumhq.org/exceptions/no_such_element.html
Build info: version: &apos;2.32.0&apos;, revision: &apos;6c40c18&apos;, time: &apos;2013-04-09 17:23:22&apos;
System info: os.name: &apos;Windows 7&apos;, os.arch: &apos;amd64&apos;, os.version: &apos;6.1&apos;, java.version: &apos;1.7.0_80-ea&apos;
Session ID: f6d26dcffae9e23e4c8dda2e2b965de3
Driver info: org.openqa.selenium.chrome.ChromeDriver
Capabilities [{platform=XP, acceptSslCerts=true, javascriptEnabled=true, browserName=chrome, chrome={userDataDir=C:\Users\REENA~1.SHA\AppData\Local\Temp\scoped_dir940_23467}, rotatable=false, locationContextEnabled=true, version=40.0.2214.111, takesHeapSnapshot=true, cssSelectorsEnabled=true, databaseEnabled=false, handlesAlerts=true, browserConnectionEnabled=false, webStorageEnabled=true, nativeEvents=true, applicationCacheEnabled=false, takesScreenshot=true}]
	at org.openqa.selenium.remote.ErrorHandler.createThrowable(ErrorHandler.java:187)
	at org.openqa.selenium.remote.ErrorHandler.throwIfResponseFailed(ErrorHandler.java:145)
	at org.openqa.selenium.remote.RemoteWebDriver.execute(RemoteWebDriver.java:554)
	at org.openqa.selenium.remote.RemoteWebDriver.findElement(RemoteWebDriver.java:307)
	at org.openqa.selenium.remote.RemoteWebDriver.findElementByXPath(RemoteWebDriver.java:404)
	at org.openqa.selenium.By$ByXPath.findElement(By.java:344)
	at org.openqa.selenium.remote.RemoteWebDriver.findElement(RemoteWebDriver.java:299)
	at runThrghTestNG.TaskingTemplate.Element_Verification_on_Item_TaskTemplate_Listing_page(TaskingTemplate.java:251)
... Removed 27 stack frames</div></td></tr></table><p class="totop"><a href="#summary">back to summary</a></p><h3 id="m8">runThrghTestNG.TaskingTemplate#MultipleTask_button_functionality_on_TaskTemplate_Listing_page</h3><table class="result"><tr><th>Messages</th></tr><tr><td><div class="messages">MultipleTask_button_functionality_on_TaskTemplate_Listing_page failed; Click on image to enlarge&lt;br/&gt;&lt;a target=&quot;_blank&quot; href=&quot;C:\TotalBS\reports\screenshots\MultipleTask_button_functionality_on_TaskTemplate_Listing_page_12Feb15__0543PM.png&quot;&gt;&lt;img src=&quot;file:///C:\TotalBS\reports\screenshots\MultipleTask_button_functionality_on_TaskTemplate_Listing_page_12Feb15__0543PM.png&quot; alt=&quot;&quot;height=&apos;100&apos; width=&apos;100&apos;/&gt;&lt;/a&gt;&lt;br /&gt;</div></td></tr><tr><th>Exception</th></tr><tr><td><div class="stacktrace">org.openqa.selenium.NoSuchElementException: no such element
  (Session info: chrome=40.0.2214.111)
  (Driver info: chromedriver=2.9.248315,platform=Windows NT 6.1 SP1 x86_64) (WARNING: The server did not provide any stacktrace information)
Command duration or timeout: 17 milliseconds
For documentation on this error, please visit: http://seleniumhq.org/exceptions/no_such_element.html
Build info: version: &apos;2.32.0&apos;, revision: &apos;6c40c18&apos;, time: &apos;2013-04-09 17:23:22&apos;
System info: os.name: &apos;Windows 7&apos;, os.arch: &apos;amd64&apos;, os.version: &apos;6.1&apos;, java.version: &apos;1.7.0_80-ea&apos;
Session ID: f6d26dcffae9e23e4c8dda2e2b965de3
Driver info: org.openqa.selenium.chrome.ChromeDriver
Capabilities [{platform=XP, acceptSslCerts=true, javascriptEnabled=true, browserName=chrome, chrome={userDataDir=C:\Users\REENA~1.SHA\AppData\Local\Temp\scoped_dir940_23467}, rotatable=false, locationContextEnabled=true, version=40.0.2214.111, takesHeapSnapshot=true, cssSelectorsEnabled=true, databaseEnabled=false, handlesAlerts=true, browserConnectionEnabled=false, webStorageEnabled=true, nativeEvents=true, applicationCacheEnabled=false, takesScreenshot=true}]
	at org.openqa.selenium.remote.ErrorHandler.createThrowable(ErrorHandler.java:187)
	at org.openqa.selenium.remote.ErrorHandler.throwIfResponseFailed(ErrorHandler.java:145)
	at org.openqa.selenium.remote.RemoteWebDriver.execute(RemoteWebDriver.java:554)
	at org.openqa.selenium.remote.RemoteWebDriver.findElement(RemoteWebDriver.java:307)
	at org.openqa.selenium.remote.RemoteWebDriver.findElementById(RemoteWebDriver.java:348)
	at org.openqa.selenium.By$ById.findElement(By.java:216)
	at org.openqa.selenium.remote.RemoteWebDriver.findElement(RemoteWebDriver.java:299)
	at runThrghTestNG.TaskingTemplate.MultipleTask_button_functionality_on_TaskTemplate_Listing_page(TaskingTemplate.java:210)
... Removed 27 stack frames</div></td></tr></table><p class="totop"><a href="#summary">back to summary</a></p><h3 id="m9">runThrghTestNG.TaskingTemplate#Check_status_on_Item_TaskTemplate_Listing_page_no_task_present</h3><table class="result"></table><p class="totop"><a href="#summary">back to summary</a></p><h3 id="m10">runThrghTestNG.TaskingTemplate#Delete_button_functionality_on_TaskTemplate_Listing_page</h3><table class="result"></table><p class="totop"><a href="#summary">back to summary</a></p><h3 id="m11">runThrghTestNG.TaskingTemplate#Element_Verification_on_TaskTemplate_Listing_page</h3><table class="result"></table><p class="totop"><a href="#summary">back to summary</a></p><h3 id="m12">runThrghTestNG.TaskingTemplate#Navigation_of_TaskTemplate_Listing_page</h3><table class="result"></table><p class="totop"><a href="#summary">back to summary</a></p><h3 id="m13">runThrghTestNG.TaskingTemplate#Validation_check_for_manadataory_fields_on_TaskTemplate_on_Listing_page_for_new_record</h3><table class="result"></table><p class="totop"><a href="#summary">back to summary</a></p></body></html>