<?xml version="1.0" encoding="UTF-8"?>
<testng-results skipped="0" failed="9" total="14" passed="5">
  <reporter-output>
    <line>
      <![CDATA[Browser: chrome]]>
    </line>
    <line>
      <![CDATA[OS: win]]>
    </line>
    <line>
      <![CDATA[Cancel_button_functionality_on_New_TaskTemplate_on_Listing_page failed; Click on image to enlarge<br/><a target="_blank" href="C:\TotalBS\reports\screenshots\Cancel_button_functionality_on_New_TaskTemplate_on_Listing_page_12Feb15__0543PM.png"><img src="file:///C:\TotalBS\reports\screenshots\Cancel_button_functionality_on_New_TaskTemplate_on_Listing_page_12Feb15__0543PM.png" alt=""height='100' width='100'/></a><br />]]>
    </line>
    <line>
      <![CDATA[Adition_of_New_TaskTemplate_on_Listing_page failed; Click on image to enlarge<br/><a target="_blank" href="C:\TotalBS\reports\screenshots\Adition_of_New_TaskTemplate_on_Listing_page_12Feb15__0543PM.png"><img src="file:///C:\TotalBS\reports\screenshots\Adition_of_New_TaskTemplate_on_Listing_page_12Feb15__0543PM.png" alt=""height='100' width='100'/></a><br />]]>
    </line>
    <line>
      <![CDATA[Edit_of_TaskTemplate_on_Listing_page failed; Click on image to enlarge<br/><a target="_blank" href="C:\TotalBS\reports\screenshots\Edit_of_TaskTemplate_on_Listing_page_12Feb15__0543PM.png"><img src="file:///C:\TotalBS\reports\screenshots\Edit_of_TaskTemplate_on_Listing_page_12Feb15__0543PM.png" alt=""height='100' width='100'/></a><br />]]>
    </line>
    <line>
      <![CDATA[Cancel_button_functionality_on_Edit_of_TaskTemplate_on_Listing_page failed; Click on image to enlarge<br/><a target="_blank" href="C:\TotalBS\reports\screenshots\Cancel_button_functionality_on_Edit_of_TaskTemplate_on_Listing_page_12Feb15__0543PM.png"><img src="file:///C:\TotalBS\reports\screenshots\Cancel_button_functionality_on_Edit_of_TaskTemplate_on_Listing_page_12Feb15__0543PM.png" alt=""height='100' width='100'/></a><br />]]>
    </line>
    <line>
      <![CDATA[MultipleTask_button_functionality_on_TaskTemplate_Listing_page failed; Click on image to enlarge<br/><a target="_blank" href="C:\TotalBS\reports\screenshots\MultipleTask_button_functionality_on_TaskTemplate_Listing_page_12Feb15__0543PM.png"><img src="file:///C:\TotalBS\reports\screenshots\MultipleTask_button_functionality_on_TaskTemplate_Listing_page_12Feb15__0543PM.png" alt=""height='100' width='100'/></a><br />]]>
    </line>
    <line>
      <![CDATA[Back_button_functionality_on_Item_TaskTemplate_Listing_page failed; Click on image to enlarge<br/><a target="_blank" href="C:\TotalBS\reports\screenshots\Back_button_functionality_on_Item_TaskTemplate_Listing_page_12Feb15__0543PM.png"><img src="file:///C:\TotalBS\reports\screenshots\Back_button_functionality_on_Item_TaskTemplate_Listing_page_12Feb15__0543PM.png" alt=""height='100' width='100'/></a><br />]]>
    </line>
    <line>
      <![CDATA[Element_Verification_on_Item_TaskTemplate_Listing_page failed; Click on image to enlarge<br/><a target="_blank" href="C:\TotalBS\reports\screenshots\Element_Verification_on_Item_TaskTemplate_Listing_page_12Feb15__0543PM.png"><img src="file:///C:\TotalBS\reports\screenshots\Element_Verification_on_Item_TaskTemplate_Listing_page_12Feb15__0543PM.png" alt=""height='100' width='100'/></a><br />]]>
    </line>
    <line>
      <![CDATA[Check_validation_for_New_Task_fields_on_Tasking_Template_Item failed; Click on image to enlarge<br/><a target="_blank" href="C:\TotalBS\reports\screenshots\Check_validation_for_New_Task_fields_on_Tasking_Template_Item_12Feb15__0544PM.png"><img src="file:///C:\TotalBS\reports\screenshots\Check_validation_for_New_Task_fields_on_Tasking_Template_Item_12Feb15__0544PM.png" alt=""height='100' width='100'/></a><br />]]>
    </line>
    <line>
      <![CDATA[Adition_of_New_Task_on_Tasking_Template_Item failed; Click on image to enlarge<br/><a target="_blank" href="C:\TotalBS\reports\screenshots\Adition_of_New_Task_on_Tasking_Template_Item_12Feb15__0544PM.png"><img src="file:///C:\TotalBS\reports\screenshots\Adition_of_New_Task_on_Tasking_Template_Item_12Feb15__0544PM.png" alt=""height='100' width='100'/></a><br />]]>
    </line>
  </reporter-output>
  <suite name="Sign Up Suite" duration-ms="87652" started-at="2015-02-12T12:12:35Z" finished-at="2015-02-12T12:14:03Z">
    <groups>
      <group name="Tasking Template Test">
        <method signature="TaskingTemplate.Adition_of_New_TaskTemplate_on_Listing_page()[pri:0, instance:runThrghTestNG.TaskingTemplate@42d34b8c]" name="Adition_of_New_TaskTemplate_on_Listing_page" class="runThrghTestNG.TaskingTemplate"/>
        <method signature="TaskingTemplate.Cancel_button_functionality_on_Edit_of_TaskTemplate_on_Listing_page()[pri:0, instance:runThrghTestNG.TaskingTemplate@42d34b8c]" name="Cancel_button_functionality_on_Edit_of_TaskTemplate_on_Listing_page" class="runThrghTestNG.TaskingTemplate"/>
        <method signature="TaskingTemplate.Cancel_button_functionality_on_New_TaskTemplate_on_Listing_page()[pri:0, instance:runThrghTestNG.TaskingTemplate@42d34b8c]" name="Cancel_button_functionality_on_New_TaskTemplate_on_Listing_page" class="runThrghTestNG.TaskingTemplate"/>
        <method signature="TaskingTemplate.Delete_button_functionality_on_TaskTemplate_Listing_page()[pri:0, instance:runThrghTestNG.TaskingTemplate@42d34b8c]" name="Delete_button_functionality_on_TaskTemplate_Listing_page" class="runThrghTestNG.TaskingTemplate"/>
        <method signature="TaskingTemplate.Edit_of_TaskTemplate_on_Listing_page()[pri:0, instance:runThrghTestNG.TaskingTemplate@42d34b8c]" name="Edit_of_TaskTemplate_on_Listing_page" class="runThrghTestNG.TaskingTemplate"/>
        <method signature="TaskingTemplate.Element_Verification_on_Item_TaskTemplate_Listing_page()[pri:0, instance:runThrghTestNG.TaskingTemplate@42d34b8c]" name="Element_Verification_on_Item_TaskTemplate_Listing_page" class="runThrghTestNG.TaskingTemplate"/>
        <method signature="TaskingTemplate.Element_Verification_on_TaskTemplate_Listing_page()[pri:0, instance:runThrghTestNG.TaskingTemplate@42d34b8c]" name="Element_Verification_on_TaskTemplate_Listing_page" class="runThrghTestNG.TaskingTemplate"/>
        <method signature="TaskingTemplate.MultipleTask_button_functionality_on_TaskTemplate_Listing_page()[pri:0, instance:runThrghTestNG.TaskingTemplate@42d34b8c]" name="MultipleTask_button_functionality_on_TaskTemplate_Listing_page" class="runThrghTestNG.TaskingTemplate"/>
        <method signature="TaskingTemplate.Navigation_of_TaskTemplate_Listing_page()[pri:0, instance:runThrghTestNG.TaskingTemplate@42d34b8c]" name="Navigation_of_TaskTemplate_Listing_page" class="runThrghTestNG.TaskingTemplate"/>
        <method signature="TaskingTemplate.Validation_check_for_manadataory_fields_on_TaskTemplate_on_Listing_page_for_new_record()[pri:0, instance:runThrghTestNG.TaskingTemplate@42d34b8c]" name="Validation_check_for_manadataory_fields_on_TaskTemplate_on_Listing_page_for_new_record" class="runThrghTestNG.TaskingTemplate"/>
      </group> <!-- Tasking Template Test -->
      <group name="Tasking Template Item Test">
        <method signature="TaskingTemplate.Adition_of_New_Task_on_Tasking_Template_Item()[pri:0, instance:runThrghTestNG.TaskingTemplate@42d34b8c]" name="Adition_of_New_Task_on_Tasking_Template_Item" class="runThrghTestNG.TaskingTemplate"/>
        <method signature="TaskingTemplate.Back_button_functionality_on_Item_TaskTemplate_Listing_page()[pri:0, instance:runThrghTestNG.TaskingTemplate@42d34b8c]" name="Back_button_functionality_on_Item_TaskTemplate_Listing_page" class="runThrghTestNG.TaskingTemplate"/>
        <method signature="TaskingTemplate.Check_status_on_Item_TaskTemplate_Listing_page_no_task_present()[pri:0, instance:runThrghTestNG.TaskingTemplate@42d34b8c]" name="Check_status_on_Item_TaskTemplate_Listing_page_no_task_present" class="runThrghTestNG.TaskingTemplate"/>
        <method signature="TaskingTemplate.Check_validation_for_New_Task_fields_on_Tasking_Template_Item()[pri:0, instance:runThrghTestNG.TaskingTemplate@42d34b8c]" name="Check_validation_for_New_Task_fields_on_Tasking_Template_Item" class="runThrghTestNG.TaskingTemplate"/>
      </group> <!-- Tasking Template Item Test -->
    </groups>
    <test name="TaskingTemplateTests" duration-ms="87652" started-at="2015-02-12T12:12:35Z" finished-at="2015-02-12T12:14:03Z">
      <class name="runThrghTestNG.TaskingTemplate">
        <test-method status="PASS" signature="initObjects()[pri:0, instance:runThrghTestNG.TaskingTemplate@42d34b8c]" name="initObjects" is-config="true" duration-ms="15" started-at="2015-02-12T17:42:35Z" finished-at="2015-02-12T17:42:35Z">
          <reporter-output>
          </reporter-output>
        </test-method> <!-- initObjects -->
        <test-method status="PASS" signature="initConfigurations()[pri:0, instance:runThrghTestNG.TaskingTemplate@42d34b8c]" name="initConfigurations" is-config="true" duration-ms="0" started-at="2015-02-12T17:42:35Z" finished-at="2015-02-12T17:42:35Z">
          <reporter-output>
          </reporter-output>
        </test-method> <!-- initConfigurations -->
        <test-method status="PASS" signature="setUp(java.lang.String, java.lang.String, java.lang.String, java.lang.String)[pri:0, instance:runThrghTestNG.TaskingTemplate@42d34b8c]" name="setUp" is-config="true" duration-ms="13868" started-at="2015-02-12T17:42:35Z" finished-at="2015-02-12T17:42:49Z">
          <params>
            <param index="0">
              <value>
                <![CDATA[https://bbqubed.tbsmga.com/Connect/Default.aspx]]>
              </value>
            </param>
            <param index="1">
              <value>
                <![CDATA[${environment}]]>
              </value>
            </param>
            <param index="2">
              <value>
                <![CDATA[chrome]]>
              </value>
            </param>
            <param index="3">
              <value>
                <![CDATA[TaskingTemplateTests]]>
              </value>
            </param>
          </params>
          <reporter-output>
            <line>
              <![CDATA[Browser: chrome]]>
            </line>
            <line>
              <![CDATA[OS: win]]>
            </line>
          </reporter-output>
        </test-method> <!-- setUp -->
        <test-method status="PASS" signature="Navigation_of_TaskTemplate_Listing_page()[pri:0, instance:runThrghTestNG.TaskingTemplate@42d34b8c]" name="Navigation_of_TaskTemplate_Listing_page" duration-ms="41245" started-at="2015-02-12T17:42:49Z" finished-at="2015-02-12T17:43:31Z">
          <reporter-output>
          </reporter-output>
        </test-method> <!-- Navigation_of_TaskTemplate_Listing_page -->
        <test-method status="PASS" signature="Element_Verification_on_TaskTemplate_Listing_page()[pri:0, instance:runThrghTestNG.TaskingTemplate@42d34b8c]" name="Element_Verification_on_TaskTemplate_Listing_page" duration-ms="3232" started-at="2015-02-12T17:43:31Z" finished-at="2015-02-12T17:43:34Z">
          <reporter-output>
          </reporter-output>
        </test-method> <!-- Element_Verification_on_TaskTemplate_Listing_page -->
        <test-method status="PASS" signature="Validation_check_for_manadataory_fields_on_TaskTemplate_on_Listing_page_for_new_record()[pri:0, instance:runThrghTestNG.TaskingTemplate@42d34b8c]" name="Validation_check_for_manadataory_fields_on_TaskTemplate_on_Listing_page_for_new_record" duration-ms="6199" started-at="2015-02-12T17:43:34Z" finished-at="2015-02-12T17:43:40Z">
          <reporter-output>
          </reporter-output>
        </test-method> <!-- Validation_check_for_manadataory_fields_on_TaskTemplate_on_Listing_page_for_new_record -->
        <test-method status="FAIL" signature="Cancel_button_functionality_on_New_TaskTemplate_on_Listing_page()[pri:0, instance:runThrghTestNG.TaskingTemplate@42d34b8c]" name="Cancel_button_functionality_on_New_TaskTemplate_on_Listing_page" duration-ms="26" started-at="2015-02-12T17:43:40Z" finished-at="2015-02-12T17:43:40Z">
          <exception class="org.openqa.selenium.NoSuchElementException">
            <message>
              <![CDATA[no such element
  (Session info: chrome=40.0.2214.111)
  (Driver info: chromedriver=2.9.248315,platform=Windows NT 6.1 SP1 x86_64) (WARNING: The server did not provide any stacktrace information)
Command duration or timeout: 14 milliseconds
For documentation on this error, please visit: http://seleniumhq.org/exceptions/no_such_element.html
Build info: version: '2.32.0', revision: '6c40c18', time: '2013-04-09 17:23:22'
System info: os.name: 'Windows 7', os.arch: 'amd64', os.version: '6.1', java.version: '1.7.0_80-ea'
Session ID: f6d26dcffae9e23e4c8dda2e2b965de3
Driver info: org.openqa.selenium.chrome.ChromeDriver
Capabilities [{platform=XP, acceptSslCerts=true, javascriptEnabled=true, browserName=chrome, chrome={userDataDir=C:\Users\REENA~1.SHA\AppData\Local\Temp\scoped_dir940_23467}, rotatable=false, locationContextEnabled=true, version=40.0.2214.111, takesHeapSnapshot=true, cssSelectorsEnabled=true, databaseEnabled=false, handlesAlerts=true, browserConnectionEnabled=false, webStorageEnabled=true, nativeEvents=true, applicationCacheEnabled=false, takesScreenshot=true}]]]>
            </message>
            <full-stacktrace>
              <![CDATA[org.openqa.selenium.NoSuchElementException: no such element
  (Session info: chrome=40.0.2214.111)
  (Driver info: chromedriver=2.9.248315,platform=Windows NT 6.1 SP1 x86_64) (WARNING: The server did not provide any stacktrace information)
Command duration or timeout: 14 milliseconds
For documentation on this error, please visit: http://seleniumhq.org/exceptions/no_such_element.html
Build info: version: '2.32.0', revision: '6c40c18', time: '2013-04-09 17:23:22'
System info: os.name: 'Windows 7', os.arch: 'amd64', os.version: '6.1', java.version: '1.7.0_80-ea'
Session ID: f6d26dcffae9e23e4c8dda2e2b965de3
Driver info: org.openqa.selenium.chrome.ChromeDriver
Capabilities [{platform=XP, acceptSslCerts=true, javascriptEnabled=true, browserName=chrome, chrome={userDataDir=C:\Users\REENA~1.SHA\AppData\Local\Temp\scoped_dir940_23467}, rotatable=false, locationContextEnabled=true, version=40.0.2214.111, takesHeapSnapshot=true, cssSelectorsEnabled=true, databaseEnabled=false, handlesAlerts=true, browserConnectionEnabled=false, webStorageEnabled=true, nativeEvents=true, applicationCacheEnabled=false, takesScreenshot=true}]
	at sun.reflect.NativeConstructorAccessorImpl.newInstance0(Native Method)
	at sun.reflect.NativeConstructorAccessorImpl.newInstance(Unknown Source)
	at sun.reflect.DelegatingConstructorAccessorImpl.newInstance(Unknown Source)
	at java.lang.reflect.Constructor.newInstance(Unknown Source)
	at org.openqa.selenium.remote.ErrorHandler.createThrowable(ErrorHandler.java:187)
	at org.openqa.selenium.remote.ErrorHandler.throwIfResponseFailed(ErrorHandler.java:145)
	at org.openqa.selenium.remote.RemoteWebDriver.execute(RemoteWebDriver.java:554)
	at org.openqa.selenium.remote.RemoteWebDriver.findElement(RemoteWebDriver.java:307)
	at org.openqa.selenium.remote.RemoteWebDriver.findElementById(RemoteWebDriver.java:348)
	at org.openqa.selenium.By$ById.findElement(By.java:216)
	at org.openqa.selenium.remote.RemoteWebDriver.findElement(RemoteWebDriver.java:299)
	at runThrghTestNG.TaskingTemplate.Cancel_button_functionality_on_New_TaskTemplate_on_Listing_page(TaskingTemplate.java:129)
	at sun.reflect.NativeMethodAccessorImpl.invoke0(Native Method)
	at sun.reflect.NativeMethodAccessorImpl.invoke(Unknown Source)
	at sun.reflect.DelegatingMethodAccessorImpl.invoke(Unknown Source)
	at java.lang.reflect.Method.invoke(Unknown Source)
	at org.testng.internal.MethodInvocationHelper.invokeMethod(MethodInvocationHelper.java:84)
	at org.testng.internal.Invoker.invokeMethod(Invoker.java:714)
	at org.testng.internal.Invoker.invokeTestMethod(Invoker.java:901)
	at org.testng.internal.Invoker.invokeTestMethods(Invoker.java:1231)
	at org.testng.internal.TestMethodWorker.invokeTestMethods(TestMethodWorker.java:127)
	at org.testng.internal.TestMethodWorker.run(TestMethodWorker.java:111)
	at org.testng.TestRunner.privateRun(TestRunner.java:767)
	at org.testng.TestRunner.run(TestRunner.java:617)
	at org.testng.SuiteRunner.runTest(SuiteRunner.java:334)
	at org.testng.SuiteRunner.runSequentially(SuiteRunner.java:329)
	at org.testng.SuiteRunner.privateRun(SuiteRunner.java:291)
	at org.testng.SuiteRunner.run(SuiteRunner.java:240)
	at org.testng.SuiteRunnerWorker.runSuite(SuiteRunnerWorker.java:52)
	at org.testng.SuiteRunnerWorker.run(SuiteRunnerWorker.java:86)
	at org.testng.TestNG.runSuitesSequentially(TestNG.java:1224)
	at org.testng.TestNG.runSuitesLocally(TestNG.java:1149)
	at org.testng.TestNG.run(TestNG.java:1057)
	at org.testng.TestNG.privateMain(TestNG.java:1364)
	at org.testng.TestNG.main(TestNG.java:1333)
]]>
            </full-stacktrace>
          </exception> <!-- org.openqa.selenium.NoSuchElementException -->
          <reporter-output>
            <line>
              <![CDATA[Cancel_button_functionality_on_New_TaskTemplate_on_Listing_page failed; Click on image to enlarge<br/><a target="_blank" href="C:\TotalBS\reports\screenshots\Cancel_button_functionality_on_New_TaskTemplate_on_Listing_page_12Feb15__0543PM.png"><img src="file:///C:\TotalBS\reports\screenshots\Cancel_button_functionality_on_New_TaskTemplate_on_Listing_page_12Feb15__0543PM.png" alt=""height='100' width='100'/></a><br />]]>
            </line>
          </reporter-output>
        </test-method> <!-- Cancel_button_functionality_on_New_TaskTemplate_on_Listing_page -->
        <test-method status="FAIL" signature="Adition_of_New_TaskTemplate_on_Listing_page()[pri:0, instance:runThrghTestNG.TaskingTemplate@42d34b8c]" name="Adition_of_New_TaskTemplate_on_Listing_page" duration-ms="10" started-at="2015-02-12T17:43:40Z" finished-at="2015-02-12T17:43:40Z">
          <exception class="org.openqa.selenium.NoSuchElementException">
            <message>
              <![CDATA[no such element
  (Session info: chrome=40.0.2214.111)
  (Driver info: chromedriver=2.9.248315,platform=Windows NT 6.1 SP1 x86_64) (WARNING: The server did not provide any stacktrace information)
Command duration or timeout: 10 milliseconds
For documentation on this error, please visit: http://seleniumhq.org/exceptions/no_such_element.html
Build info: version: '2.32.0', revision: '6c40c18', time: '2013-04-09 17:23:22'
System info: os.name: 'Windows 7', os.arch: 'amd64', os.version: '6.1', java.version: '1.7.0_80-ea'
Session ID: f6d26dcffae9e23e4c8dda2e2b965de3
Driver info: org.openqa.selenium.chrome.ChromeDriver
Capabilities [{platform=XP, acceptSslCerts=true, javascriptEnabled=true, browserName=chrome, chrome={userDataDir=C:\Users\REENA~1.SHA\AppData\Local\Temp\scoped_dir940_23467}, rotatable=false, locationContextEnabled=true, version=40.0.2214.111, takesHeapSnapshot=true, cssSelectorsEnabled=true, databaseEnabled=false, handlesAlerts=true, browserConnectionEnabled=false, webStorageEnabled=true, nativeEvents=true, applicationCacheEnabled=false, takesScreenshot=true}]]]>
            </message>
            <full-stacktrace>
              <![CDATA[org.openqa.selenium.NoSuchElementException: no such element
  (Session info: chrome=40.0.2214.111)
  (Driver info: chromedriver=2.9.248315,platform=Windows NT 6.1 SP1 x86_64) (WARNING: The server did not provide any stacktrace information)
Command duration or timeout: 10 milliseconds
For documentation on this error, please visit: http://seleniumhq.org/exceptions/no_such_element.html
Build info: version: '2.32.0', revision: '6c40c18', time: '2013-04-09 17:23:22'
System info: os.name: 'Windows 7', os.arch: 'amd64', os.version: '6.1', java.version: '1.7.0_80-ea'
Session ID: f6d26dcffae9e23e4c8dda2e2b965de3
Driver info: org.openqa.selenium.chrome.ChromeDriver
Capabilities [{platform=XP, acceptSslCerts=true, javascriptEnabled=true, browserName=chrome, chrome={userDataDir=C:\Users\REENA~1.SHA\AppData\Local\Temp\scoped_dir940_23467}, rotatable=false, locationContextEnabled=true, version=40.0.2214.111, takesHeapSnapshot=true, cssSelectorsEnabled=true, databaseEnabled=false, handlesAlerts=true, browserConnectionEnabled=false, webStorageEnabled=true, nativeEvents=true, applicationCacheEnabled=false, takesScreenshot=true}]
	at sun.reflect.NativeConstructorAccessorImpl.newInstance0(Native Method)
	at sun.reflect.NativeConstructorAccessorImpl.newInstance(Unknown Source)
	at sun.reflect.DelegatingConstructorAccessorImpl.newInstance(Unknown Source)
	at java.lang.reflect.Constructor.newInstance(Unknown Source)
	at org.openqa.selenium.remote.ErrorHandler.createThrowable(ErrorHandler.java:187)
	at org.openqa.selenium.remote.ErrorHandler.throwIfResponseFailed(ErrorHandler.java:145)
	at org.openqa.selenium.remote.RemoteWebDriver.execute(RemoteWebDriver.java:554)
	at org.openqa.selenium.remote.RemoteWebDriver.findElement(RemoteWebDriver.java:307)
	at org.openqa.selenium.remote.RemoteWebDriver.findElementById(RemoteWebDriver.java:348)
	at org.openqa.selenium.By$ById.findElement(By.java:216)
	at org.openqa.selenium.remote.RemoteWebDriver.findElement(RemoteWebDriver.java:299)
	at runThrghTestNG.TaskingTemplate.Adition_of_New_TaskTemplate_on_Listing_page(TaskingTemplate.java:150)
	at sun.reflect.NativeMethodAccessorImpl.invoke0(Native Method)
	at sun.reflect.NativeMethodAccessorImpl.invoke(Unknown Source)
	at sun.reflect.DelegatingMethodAccessorImpl.invoke(Unknown Source)
	at java.lang.reflect.Method.invoke(Unknown Source)
	at org.testng.internal.MethodInvocationHelper.invokeMethod(MethodInvocationHelper.java:84)
	at org.testng.internal.Invoker.invokeMethod(Invoker.java:714)
	at org.testng.internal.Invoker.invokeTestMethod(Invoker.java:901)
	at org.testng.internal.Invoker.invokeTestMethods(Invoker.java:1231)
	at org.testng.internal.TestMethodWorker.invokeTestMethods(TestMethodWorker.java:127)
	at org.testng.internal.TestMethodWorker.run(TestMethodWorker.java:111)
	at org.testng.TestRunner.privateRun(TestRunner.java:767)
	at org.testng.TestRunner.run(TestRunner.java:617)
	at org.testng.SuiteRunner.runTest(SuiteRunner.java:334)
	at org.testng.SuiteRunner.runSequentially(SuiteRunner.java:329)
	at org.testng.SuiteRunner.privateRun(SuiteRunner.java:291)
	at org.testng.SuiteRunner.run(SuiteRunner.java:240)
	at org.testng.SuiteRunnerWorker.runSuite(SuiteRunnerWorker.java:52)
	at org.testng.SuiteRunnerWorker.run(SuiteRunnerWorker.java:86)
	at org.testng.TestNG.runSuitesSequentially(TestNG.java:1224)
	at org.testng.TestNG.runSuitesLocally(TestNG.java:1149)
	at org.testng.TestNG.run(TestNG.java:1057)
	at org.testng.TestNG.privateMain(TestNG.java:1364)
	at org.testng.TestNG.main(TestNG.java:1333)
]]>
            </full-stacktrace>
          </exception> <!-- org.openqa.selenium.NoSuchElementException -->
          <reporter-output>
            <line>
              <![CDATA[Adition_of_New_TaskTemplate_on_Listing_page failed; Click on image to enlarge<br/><a target="_blank" href="C:\TotalBS\reports\screenshots\Adition_of_New_TaskTemplate_on_Listing_page_12Feb15__0543PM.png"><img src="file:///C:\TotalBS\reports\screenshots\Adition_of_New_TaskTemplate_on_Listing_page_12Feb15__0543PM.png" alt=""height='100' width='100'/></a><br />]]>
            </line>
          </reporter-output>
        </test-method> <!-- Adition_of_New_TaskTemplate_on_Listing_page -->
        <test-method status="FAIL" signature="Edit_of_TaskTemplate_on_Listing_page()[pri:0, instance:runThrghTestNG.TaskingTemplate@42d34b8c]" name="Edit_of_TaskTemplate_on_Listing_page" duration-ms="3088" started-at="2015-02-12T17:43:40Z" finished-at="2015-02-12T17:43:44Z">
          <exception class="org.openqa.selenium.NoSuchElementException">
            <message>
              <![CDATA[no such element
  (Session info: chrome=40.0.2214.111)
  (Driver info: chromedriver=2.9.248315,platform=Windows NT 6.1 SP1 x86_64) (WARNING: The server did not provide any stacktrace information)
Command duration or timeout: 34 milliseconds
For documentation on this error, please visit: http://seleniumhq.org/exceptions/no_such_element.html
Build info: version: '2.32.0', revision: '6c40c18', time: '2013-04-09 17:23:22'
System info: os.name: 'Windows 7', os.arch: 'amd64', os.version: '6.1', java.version: '1.7.0_80-ea'
Session ID: f6d26dcffae9e23e4c8dda2e2b965de3
Driver info: org.openqa.selenium.chrome.ChromeDriver
Capabilities [{platform=XP, acceptSslCerts=true, javascriptEnabled=true, browserName=chrome, chrome={userDataDir=C:\Users\REENA~1.SHA\AppData\Local\Temp\scoped_dir940_23467}, rotatable=false, locationContextEnabled=true, version=40.0.2214.111, takesHeapSnapshot=true, cssSelectorsEnabled=true, databaseEnabled=false, handlesAlerts=true, browserConnectionEnabled=false, webStorageEnabled=true, nativeEvents=true, applicationCacheEnabled=false, takesScreenshot=true}]]]>
            </message>
            <full-stacktrace>
              <![CDATA[org.openqa.selenium.NoSuchElementException: no such element
  (Session info: chrome=40.0.2214.111)
  (Driver info: chromedriver=2.9.248315,platform=Windows NT 6.1 SP1 x86_64) (WARNING: The server did not provide any stacktrace information)
Command duration or timeout: 34 milliseconds
For documentation on this error, please visit: http://seleniumhq.org/exceptions/no_such_element.html
Build info: version: '2.32.0', revision: '6c40c18', time: '2013-04-09 17:23:22'
System info: os.name: 'Windows 7', os.arch: 'amd64', os.version: '6.1', java.version: '1.7.0_80-ea'
Session ID: f6d26dcffae9e23e4c8dda2e2b965de3
Driver info: org.openqa.selenium.chrome.ChromeDriver
Capabilities [{platform=XP, acceptSslCerts=true, javascriptEnabled=true, browserName=chrome, chrome={userDataDir=C:\Users\REENA~1.SHA\AppData\Local\Temp\scoped_dir940_23467}, rotatable=false, locationContextEnabled=true, version=40.0.2214.111, takesHeapSnapshot=true, cssSelectorsEnabled=true, databaseEnabled=false, handlesAlerts=true, browserConnectionEnabled=false, webStorageEnabled=true, nativeEvents=true, applicationCacheEnabled=false, takesScreenshot=true}]
	at sun.reflect.NativeConstructorAccessorImpl.newInstance0(Native Method)
	at sun.reflect.NativeConstructorAccessorImpl.newInstance(Unknown Source)
	at sun.reflect.DelegatingConstructorAccessorImpl.newInstance(Unknown Source)
	at java.lang.reflect.Constructor.newInstance(Unknown Source)
	at org.openqa.selenium.remote.ErrorHandler.createThrowable(ErrorHandler.java:187)
	at org.openqa.selenium.remote.ErrorHandler.throwIfResponseFailed(ErrorHandler.java:145)
	at org.openqa.selenium.remote.RemoteWebDriver.execute(RemoteWebDriver.java:554)
	at org.openqa.selenium.remote.RemoteWebDriver.findElement(RemoteWebDriver.java:307)
	at org.openqa.selenium.remote.RemoteWebDriver.findElementByXPath(RemoteWebDriver.java:404)
	at org.openqa.selenium.By$ByXPath.findElement(By.java:344)
	at org.openqa.selenium.remote.RemoteWebDriver.findElement(RemoteWebDriver.java:299)
	at runThrghTestNG.TaskingTemplate.Edit_of_TaskTemplate_on_Listing_page(TaskingTemplate.java:175)
	at sun.reflect.NativeMethodAccessorImpl.invoke0(Native Method)
	at sun.reflect.NativeMethodAccessorImpl.invoke(Unknown Source)
	at sun.reflect.DelegatingMethodAccessorImpl.invoke(Unknown Source)
	at java.lang.reflect.Method.invoke(Unknown Source)
	at org.testng.internal.MethodInvocationHelper.invokeMethod(MethodInvocationHelper.java:84)
	at org.testng.internal.Invoker.invokeMethod(Invoker.java:714)
	at org.testng.internal.Invoker.invokeTestMethod(Invoker.java:901)
	at org.testng.internal.Invoker.invokeTestMethods(Invoker.java:1231)
	at org.testng.internal.TestMethodWorker.invokeTestMethods(TestMethodWorker.java:127)
	at org.testng.internal.TestMethodWorker.run(TestMethodWorker.java:111)
	at org.testng.TestRunner.privateRun(TestRunner.java:767)
	at org.testng.TestRunner.run(TestRunner.java:617)
	at org.testng.SuiteRunner.runTest(SuiteRunner.java:334)
	at org.testng.SuiteRunner.runSequentially(SuiteRunner.java:329)
	at org.testng.SuiteRunner.privateRun(SuiteRunner.java:291)
	at org.testng.SuiteRunner.run(SuiteRunner.java:240)
	at org.testng.SuiteRunnerWorker.runSuite(SuiteRunnerWorker.java:52)
	at org.testng.SuiteRunnerWorker.run(SuiteRunnerWorker.java:86)
	at org.testng.TestNG.runSuitesSequentially(TestNG.java:1224)
	at org.testng.TestNG.runSuitesLocally(TestNG.java:1149)
	at org.testng.TestNG.run(TestNG.java:1057)
	at org.testng.TestNG.privateMain(TestNG.java:1364)
	at org.testng.TestNG.main(TestNG.java:1333)
]]>
            </full-stacktrace>
          </exception> <!-- org.openqa.selenium.NoSuchElementException -->
          <reporter-output>
            <line>
              <![CDATA[Edit_of_TaskTemplate_on_Listing_page failed; Click on image to enlarge<br/><a target="_blank" href="C:\TotalBS\reports\screenshots\Edit_of_TaskTemplate_on_Listing_page_12Feb15__0543PM.png"><img src="file:///C:\TotalBS\reports\screenshots\Edit_of_TaskTemplate_on_Listing_page_12Feb15__0543PM.png" alt=""height='100' width='100'/></a><br />]]>
            </line>
          </reporter-output>
        </test-method> <!-- Edit_of_TaskTemplate_on_Listing_page -->
        <test-method status="FAIL" signature="Cancel_button_functionality_on_Edit_of_TaskTemplate_on_Listing_page()[pri:0, instance:runThrghTestNG.TaskingTemplate@42d34b8c]" name="Cancel_button_functionality_on_Edit_of_TaskTemplate_on_Listing_page" duration-ms="3090" started-at="2015-02-12T17:43:44Z" finished-at="2015-02-12T17:43:47Z">
          <exception class="org.openqa.selenium.NoSuchElementException">
            <message>
              <![CDATA[no such element
  (Session info: chrome=40.0.2214.111)
  (Driver info: chromedriver=2.9.248315,platform=Windows NT 6.1 SP1 x86_64) (WARNING: The server did not provide any stacktrace information)
Command duration or timeout: 43 milliseconds
For documentation on this error, please visit: http://seleniumhq.org/exceptions/no_such_element.html
Build info: version: '2.32.0', revision: '6c40c18', time: '2013-04-09 17:23:22'
System info: os.name: 'Windows 7', os.arch: 'amd64', os.version: '6.1', java.version: '1.7.0_80-ea'
Session ID: f6d26dcffae9e23e4c8dda2e2b965de3
Driver info: org.openqa.selenium.chrome.ChromeDriver
Capabilities [{platform=XP, acceptSslCerts=true, javascriptEnabled=true, browserName=chrome, chrome={userDataDir=C:\Users\REENA~1.SHA\AppData\Local\Temp\scoped_dir940_23467}, rotatable=false, locationContextEnabled=true, version=40.0.2214.111, takesHeapSnapshot=true, cssSelectorsEnabled=true, databaseEnabled=false, handlesAlerts=true, browserConnectionEnabled=false, webStorageEnabled=true, nativeEvents=true, applicationCacheEnabled=false, takesScreenshot=true}]]]>
            </message>
            <full-stacktrace>
              <![CDATA[org.openqa.selenium.NoSuchElementException: no such element
  (Session info: chrome=40.0.2214.111)
  (Driver info: chromedriver=2.9.248315,platform=Windows NT 6.1 SP1 x86_64) (WARNING: The server did not provide any stacktrace information)
Command duration or timeout: 43 milliseconds
For documentation on this error, please visit: http://seleniumhq.org/exceptions/no_such_element.html
Build info: version: '2.32.0', revision: '6c40c18', time: '2013-04-09 17:23:22'
System info: os.name: 'Windows 7', os.arch: 'amd64', os.version: '6.1', java.version: '1.7.0_80-ea'
Session ID: f6d26dcffae9e23e4c8dda2e2b965de3
Driver info: org.openqa.selenium.chrome.ChromeDriver
Capabilities [{platform=XP, acceptSslCerts=true, javascriptEnabled=true, browserName=chrome, chrome={userDataDir=C:\Users\REENA~1.SHA\AppData\Local\Temp\scoped_dir940_23467}, rotatable=false, locationContextEnabled=true, version=40.0.2214.111, takesHeapSnapshot=true, cssSelectorsEnabled=true, databaseEnabled=false, handlesAlerts=true, browserConnectionEnabled=false, webStorageEnabled=true, nativeEvents=true, applicationCacheEnabled=false, takesScreenshot=true}]
	at sun.reflect.NativeConstructorAccessorImpl.newInstance0(Native Method)
	at sun.reflect.NativeConstructorAccessorImpl.newInstance(Unknown Source)
	at sun.reflect.DelegatingConstructorAccessorImpl.newInstance(Unknown Source)
	at java.lang.reflect.Constructor.newInstance(Unknown Source)
	at org.openqa.selenium.remote.ErrorHandler.createThrowable(ErrorHandler.java:187)
	at org.openqa.selenium.remote.ErrorHandler.throwIfResponseFailed(ErrorHandler.java:145)
	at org.openqa.selenium.remote.RemoteWebDriver.execute(RemoteWebDriver.java:554)
	at org.openqa.selenium.remote.RemoteWebDriver.findElement(RemoteWebDriver.java:307)
	at org.openqa.selenium.remote.RemoteWebDriver.findElementByXPath(RemoteWebDriver.java:404)
	at org.openqa.selenium.By$ByXPath.findElement(By.java:344)
	at org.openqa.selenium.remote.RemoteWebDriver.findElement(RemoteWebDriver.java:299)
	at runThrghTestNG.TaskingTemplate.Cancel_button_functionality_on_Edit_of_TaskTemplate_on_Listing_page(TaskingTemplate.java:188)
	at sun.reflect.NativeMethodAccessorImpl.invoke0(Native Method)
	at sun.reflect.NativeMethodAccessorImpl.invoke(Unknown Source)
	at sun.reflect.DelegatingMethodAccessorImpl.invoke(Unknown Source)
	at java.lang.reflect.Method.invoke(Unknown Source)
	at org.testng.internal.MethodInvocationHelper.invokeMethod(MethodInvocationHelper.java:84)
	at org.testng.internal.Invoker.invokeMethod(Invoker.java:714)
	at org.testng.internal.Invoker.invokeTestMethod(Invoker.java:901)
	at org.testng.internal.Invoker.invokeTestMethods(Invoker.java:1231)
	at org.testng.internal.TestMethodWorker.invokeTestMethods(TestMethodWorker.java:127)
	at org.testng.internal.TestMethodWorker.run(TestMethodWorker.java:111)
	at org.testng.TestRunner.privateRun(TestRunner.java:767)
	at org.testng.TestRunner.run(TestRunner.java:617)
	at org.testng.SuiteRunner.runTest(SuiteRunner.java:334)
	at org.testng.SuiteRunner.runSequentially(SuiteRunner.java:329)
	at org.testng.SuiteRunner.privateRun(SuiteRunner.java:291)
	at org.testng.SuiteRunner.run(SuiteRunner.java:240)
	at org.testng.SuiteRunnerWorker.runSuite(SuiteRunnerWorker.java:52)
	at org.testng.SuiteRunnerWorker.run(SuiteRunnerWorker.java:86)
	at org.testng.TestNG.runSuitesSequentially(TestNG.java:1224)
	at org.testng.TestNG.runSuitesLocally(TestNG.java:1149)
	at org.testng.TestNG.run(TestNG.java:1057)
	at org.testng.TestNG.privateMain(TestNG.java:1364)
	at org.testng.TestNG.main(TestNG.java:1333)
]]>
            </full-stacktrace>
          </exception> <!-- org.openqa.selenium.NoSuchElementException -->
          <reporter-output>
            <line>
              <![CDATA[Cancel_button_functionality_on_Edit_of_TaskTemplate_on_Listing_page failed; Click on image to enlarge<br/><a target="_blank" href="C:\TotalBS\reports\screenshots\Cancel_button_functionality_on_Edit_of_TaskTemplate_on_Listing_page_12Feb15__0543PM.png"><img src="file:///C:\TotalBS\reports\screenshots\Cancel_button_functionality_on_Edit_of_TaskTemplate_on_Listing_page_12Feb15__0543PM.png" alt=""height='100' width='100'/></a><br />]]>
            </line>
          </reporter-output>
        </test-method> <!-- Cancel_button_functionality_on_Edit_of_TaskTemplate_on_Listing_page -->
        <test-method status="PASS" signature="Delete_button_functionality_on_TaskTemplate_Listing_page()[pri:0, instance:runThrghTestNG.TaskingTemplate@42d34b8c]" name="Delete_button_functionality_on_TaskTemplate_Listing_page" duration-ms="7081" started-at="2015-02-12T17:43:47Z" finished-at="2015-02-12T17:43:54Z">
          <reporter-output>
          </reporter-output>
        </test-method> <!-- Delete_button_functionality_on_TaskTemplate_Listing_page -->
        <test-method status="FAIL" signature="MultipleTask_button_functionality_on_TaskTemplate_Listing_page()[pri:0, instance:runThrghTestNG.TaskingTemplate@42d34b8c]" name="MultipleTask_button_functionality_on_TaskTemplate_Listing_page" duration-ms="18" started-at="2015-02-12T17:43:54Z" finished-at="2015-02-12T17:43:54Z">
          <exception class="org.openqa.selenium.NoSuchElementException">
            <message>
              <![CDATA[no such element
  (Session info: chrome=40.0.2214.111)
  (Driver info: chromedriver=2.9.248315,platform=Windows NT 6.1 SP1 x86_64) (WARNING: The server did not provide any stacktrace information)
Command duration or timeout: 17 milliseconds
For documentation on this error, please visit: http://seleniumhq.org/exceptions/no_such_element.html
Build info: version: '2.32.0', revision: '6c40c18', time: '2013-04-09 17:23:22'
System info: os.name: 'Windows 7', os.arch: 'amd64', os.version: '6.1', java.version: '1.7.0_80-ea'
Session ID: f6d26dcffae9e23e4c8dda2e2b965de3
Driver info: org.openqa.selenium.chrome.ChromeDriver
Capabilities [{platform=XP, acceptSslCerts=true, javascriptEnabled=true, browserName=chrome, chrome={userDataDir=C:\Users\REENA~1.SHA\AppData\Local\Temp\scoped_dir940_23467}, rotatable=false, locationContextEnabled=true, version=40.0.2214.111, takesHeapSnapshot=true, cssSelectorsEnabled=true, databaseEnabled=false, handlesAlerts=true, browserConnectionEnabled=false, webStorageEnabled=true, nativeEvents=true, applicationCacheEnabled=false, takesScreenshot=true}]]]>
            </message>
            <full-stacktrace>
              <![CDATA[org.openqa.selenium.NoSuchElementException: no such element
  (Session info: chrome=40.0.2214.111)
  (Driver info: chromedriver=2.9.248315,platform=Windows NT 6.1 SP1 x86_64) (WARNING: The server did not provide any stacktrace information)
Command duration or timeout: 17 milliseconds
For documentation on this error, please visit: http://seleniumhq.org/exceptions/no_such_element.html
Build info: version: '2.32.0', revision: '6c40c18', time: '2013-04-09 17:23:22'
System info: os.name: 'Windows 7', os.arch: 'amd64', os.version: '6.1', java.version: '1.7.0_80-ea'
Session ID: f6d26dcffae9e23e4c8dda2e2b965de3
Driver info: org.openqa.selenium.chrome.ChromeDriver
Capabilities [{platform=XP, acceptSslCerts=true, javascriptEnabled=true, browserName=chrome, chrome={userDataDir=C:\Users\REENA~1.SHA\AppData\Local\Temp\scoped_dir940_23467}, rotatable=false, locationContextEnabled=true, version=40.0.2214.111, takesHeapSnapshot=true, cssSelectorsEnabled=true, databaseEnabled=false, handlesAlerts=true, browserConnectionEnabled=false, webStorageEnabled=true, nativeEvents=true, applicationCacheEnabled=false, takesScreenshot=true}]
	at sun.reflect.NativeConstructorAccessorImpl.newInstance0(Native Method)
	at sun.reflect.NativeConstructorAccessorImpl.newInstance(Unknown Source)
	at sun.reflect.DelegatingConstructorAccessorImpl.newInstance(Unknown Source)
	at java.lang.reflect.Constructor.newInstance(Unknown Source)
	at org.openqa.selenium.remote.ErrorHandler.createThrowable(ErrorHandler.java:187)
	at org.openqa.selenium.remote.ErrorHandler.throwIfResponseFailed(ErrorHandler.java:145)
	at org.openqa.selenium.remote.RemoteWebDriver.execute(RemoteWebDriver.java:554)
	at org.openqa.selenium.remote.RemoteWebDriver.findElement(RemoteWebDriver.java:307)
	at org.openqa.selenium.remote.RemoteWebDriver.findElementById(RemoteWebDriver.java:348)
	at org.openqa.selenium.By$ById.findElement(By.java:216)
	at org.openqa.selenium.remote.RemoteWebDriver.findElement(RemoteWebDriver.java:299)
	at runThrghTestNG.TaskingTemplate.MultipleTask_button_functionality_on_TaskTemplate_Listing_page(TaskingTemplate.java:210)
	at sun.reflect.NativeMethodAccessorImpl.invoke0(Native Method)
	at sun.reflect.NativeMethodAccessorImpl.invoke(Unknown Source)
	at sun.reflect.DelegatingMethodAccessorImpl.invoke(Unknown Source)
	at java.lang.reflect.Method.invoke(Unknown Source)
	at org.testng.internal.MethodInvocationHelper.invokeMethod(MethodInvocationHelper.java:84)
	at org.testng.internal.Invoker.invokeMethod(Invoker.java:714)
	at org.testng.internal.Invoker.invokeTestMethod(Invoker.java:901)
	at org.testng.internal.Invoker.invokeTestMethods(Invoker.java:1231)
	at org.testng.internal.TestMethodWorker.invokeTestMethods(TestMethodWorker.java:127)
	at org.testng.internal.TestMethodWorker.run(TestMethodWorker.java:111)
	at org.testng.TestRunner.privateRun(TestRunner.java:767)
	at org.testng.TestRunner.run(TestRunner.java:617)
	at org.testng.SuiteRunner.runTest(SuiteRunner.java:334)
	at org.testng.SuiteRunner.runSequentially(SuiteRunner.java:329)
	at org.testng.SuiteRunner.privateRun(SuiteRunner.java:291)
	at org.testng.SuiteRunner.run(SuiteRunner.java:240)
	at org.testng.SuiteRunnerWorker.runSuite(SuiteRunnerWorker.java:52)
	at org.testng.SuiteRunnerWorker.run(SuiteRunnerWorker.java:86)
	at org.testng.TestNG.runSuitesSequentially(TestNG.java:1224)
	at org.testng.TestNG.runSuitesLocally(TestNG.java:1149)
	at org.testng.TestNG.run(TestNG.java:1057)
	at org.testng.TestNG.privateMain(TestNG.java:1364)
	at org.testng.TestNG.main(TestNG.java:1333)
]]>
            </full-stacktrace>
          </exception> <!-- org.openqa.selenium.NoSuchElementException -->
          <reporter-output>
            <line>
              <![CDATA[MultipleTask_button_functionality_on_TaskTemplate_Listing_page failed; Click on image to enlarge<br/><a target="_blank" href="C:\TotalBS\reports\screenshots\MultipleTask_button_functionality_on_TaskTemplate_Listing_page_12Feb15__0543PM.png"><img src="file:///C:\TotalBS\reports\screenshots\MultipleTask_button_functionality_on_TaskTemplate_Listing_page_12Feb15__0543PM.png" alt=""height='100' width='100'/></a><br />]]>
            </line>
          </reporter-output>
        </test-method> <!-- MultipleTask_button_functionality_on_TaskTemplate_Listing_page -->
        <test-method status="FAIL" signature="Back_button_functionality_on_Item_TaskTemplate_Listing_page()[pri:0, instance:runThrghTestNG.TaskingTemplate@42d34b8c]" name="Back_button_functionality_on_Item_TaskTemplate_Listing_page" duration-ms="16" started-at="2015-02-12T17:43:54Z" finished-at="2015-02-12T17:43:54Z">
          <exception class="org.openqa.selenium.NoSuchElementException">
            <message>
              <![CDATA[no such element
  (Session info: chrome=40.0.2214.111)
  (Driver info: chromedriver=2.9.248315,platform=Windows NT 6.1 SP1 x86_64) (WARNING: The server did not provide any stacktrace information)
Command duration or timeout: 16 milliseconds
For documentation on this error, please visit: http://seleniumhq.org/exceptions/no_such_element.html
Build info: version: '2.32.0', revision: '6c40c18', time: '2013-04-09 17:23:22'
System info: os.name: 'Windows 7', os.arch: 'amd64', os.version: '6.1', java.version: '1.7.0_80-ea'
Session ID: f6d26dcffae9e23e4c8dda2e2b965de3
Driver info: org.openqa.selenium.chrome.ChromeDriver
Capabilities [{platform=XP, acceptSslCerts=true, javascriptEnabled=true, browserName=chrome, chrome={userDataDir=C:\Users\REENA~1.SHA\AppData\Local\Temp\scoped_dir940_23467}, rotatable=false, locationContextEnabled=true, version=40.0.2214.111, takesHeapSnapshot=true, cssSelectorsEnabled=true, databaseEnabled=false, handlesAlerts=true, browserConnectionEnabled=false, webStorageEnabled=true, nativeEvents=true, applicationCacheEnabled=false, takesScreenshot=true}]]]>
            </message>
            <full-stacktrace>
              <![CDATA[org.openqa.selenium.NoSuchElementException: no such element
  (Session info: chrome=40.0.2214.111)
  (Driver info: chromedriver=2.9.248315,platform=Windows NT 6.1 SP1 x86_64) (WARNING: The server did not provide any stacktrace information)
Command duration or timeout: 16 milliseconds
For documentation on this error, please visit: http://seleniumhq.org/exceptions/no_such_element.html
Build info: version: '2.32.0', revision: '6c40c18', time: '2013-04-09 17:23:22'
System info: os.name: 'Windows 7', os.arch: 'amd64', os.version: '6.1', java.version: '1.7.0_80-ea'
Session ID: f6d26dcffae9e23e4c8dda2e2b965de3
Driver info: org.openqa.selenium.chrome.ChromeDriver
Capabilities [{platform=XP, acceptSslCerts=true, javascriptEnabled=true, browserName=chrome, chrome={userDataDir=C:\Users\REENA~1.SHA\AppData\Local\Temp\scoped_dir940_23467}, rotatable=false, locationContextEnabled=true, version=40.0.2214.111, takesHeapSnapshot=true, cssSelectorsEnabled=true, databaseEnabled=false, handlesAlerts=true, browserConnectionEnabled=false, webStorageEnabled=true, nativeEvents=true, applicationCacheEnabled=false, takesScreenshot=true}]
	at sun.reflect.NativeConstructorAccessorImpl.newInstance0(Native Method)
	at sun.reflect.NativeConstructorAccessorImpl.newInstance(Unknown Source)
	at sun.reflect.DelegatingConstructorAccessorImpl.newInstance(Unknown Source)
	at java.lang.reflect.Constructor.newInstance(Unknown Source)
	at org.openqa.selenium.remote.ErrorHandler.createThrowable(ErrorHandler.java:187)
	at org.openqa.selenium.remote.ErrorHandler.throwIfResponseFailed(ErrorHandler.java:145)
	at org.openqa.selenium.remote.RemoteWebDriver.execute(RemoteWebDriver.java:554)
	at org.openqa.selenium.remote.RemoteWebDriver.findElement(RemoteWebDriver.java:307)
	at org.openqa.selenium.remote.RemoteWebDriver.findElementByXPath(RemoteWebDriver.java:404)
	at org.openqa.selenium.By$ByXPath.findElement(By.java:344)
	at org.openqa.selenium.remote.RemoteWebDriver.findElement(RemoteWebDriver.java:299)
	at runThrghTestNG.TaskingTemplate.Back_button_functionality_on_Item_TaskTemplate_Listing_page(TaskingTemplate.java:234)
	at sun.reflect.NativeMethodAccessorImpl.invoke0(Native Method)
	at sun.reflect.NativeMethodAccessorImpl.invoke(Unknown Source)
	at sun.reflect.DelegatingMethodAccessorImpl.invoke(Unknown Source)
	at java.lang.reflect.Method.invoke(Unknown Source)
	at org.testng.internal.MethodInvocationHelper.invokeMethod(MethodInvocationHelper.java:84)
	at org.testng.internal.Invoker.invokeMethod(Invoker.java:714)
	at org.testng.internal.Invoker.invokeTestMethod(Invoker.java:901)
	at org.testng.internal.Invoker.invokeTestMethods(Invoker.java:1231)
	at org.testng.internal.TestMethodWorker.invokeTestMethods(TestMethodWorker.java:127)
	at org.testng.internal.TestMethodWorker.run(TestMethodWorker.java:111)
	at org.testng.TestRunner.privateRun(TestRunner.java:767)
	at org.testng.TestRunner.run(TestRunner.java:617)
	at org.testng.SuiteRunner.runTest(SuiteRunner.java:334)
	at org.testng.SuiteRunner.runSequentially(SuiteRunner.java:329)
	at org.testng.SuiteRunner.privateRun(SuiteRunner.java:291)
	at org.testng.SuiteRunner.run(SuiteRunner.java:240)
	at org.testng.SuiteRunnerWorker.runSuite(SuiteRunnerWorker.java:52)
	at org.testng.SuiteRunnerWorker.run(SuiteRunnerWorker.java:86)
	at org.testng.TestNG.runSuitesSequentially(TestNG.java:1224)
	at org.testng.TestNG.runSuitesLocally(TestNG.java:1149)
	at org.testng.TestNG.run(TestNG.java:1057)
	at org.testng.TestNG.privateMain(TestNG.java:1364)
	at org.testng.TestNG.main(TestNG.java:1333)
]]>
            </full-stacktrace>
          </exception> <!-- org.openqa.selenium.NoSuchElementException -->
          <reporter-output>
            <line>
              <![CDATA[Back_button_functionality_on_Item_TaskTemplate_Listing_page failed; Click on image to enlarge<br/><a target="_blank" href="C:\TotalBS\reports\screenshots\Back_button_functionality_on_Item_TaskTemplate_Listing_page_12Feb15__0543PM.png"><img src="file:///C:\TotalBS\reports\screenshots\Back_button_functionality_on_Item_TaskTemplate_Listing_page_12Feb15__0543PM.png" alt=""height='100' width='100'/></a><br />]]>
            </line>
          </reporter-output>
        </test-method> <!-- Back_button_functionality_on_Item_TaskTemplate_Listing_page -->
        <test-method status="FAIL" signature="Element_Verification_on_Item_TaskTemplate_Listing_page()[pri:0, instance:runThrghTestNG.TaskingTemplate@42d34b8c]" name="Element_Verification_on_Item_TaskTemplate_Listing_page" duration-ms="3877" started-at="2015-02-12T17:43:54Z" finished-at="2015-02-12T17:43:58Z">
          <exception class="org.openqa.selenium.NoSuchElementException">
            <message>
              <![CDATA[no such element
  (Session info: chrome=40.0.2214.111)
  (Driver info: chromedriver=2.9.248315,platform=Windows NT 6.1 SP1 x86_64) (WARNING: The server did not provide any stacktrace information)
Command duration or timeout: 25 milliseconds
For documentation on this error, please visit: http://seleniumhq.org/exceptions/no_such_element.html
Build info: version: '2.32.0', revision: '6c40c18', time: '2013-04-09 17:23:22'
System info: os.name: 'Windows 7', os.arch: 'amd64', os.version: '6.1', java.version: '1.7.0_80-ea'
Session ID: f6d26dcffae9e23e4c8dda2e2b965de3
Driver info: org.openqa.selenium.chrome.ChromeDriver
Capabilities [{platform=XP, acceptSslCerts=true, javascriptEnabled=true, browserName=chrome, chrome={userDataDir=C:\Users\REENA~1.SHA\AppData\Local\Temp\scoped_dir940_23467}, rotatable=false, locationContextEnabled=true, version=40.0.2214.111, takesHeapSnapshot=true, cssSelectorsEnabled=true, databaseEnabled=false, handlesAlerts=true, browserConnectionEnabled=false, webStorageEnabled=true, nativeEvents=true, applicationCacheEnabled=false, takesScreenshot=true}]]]>
            </message>
            <full-stacktrace>
              <![CDATA[org.openqa.selenium.NoSuchElementException: no such element
  (Session info: chrome=40.0.2214.111)
  (Driver info: chromedriver=2.9.248315,platform=Windows NT 6.1 SP1 x86_64) (WARNING: The server did not provide any stacktrace information)
Command duration or timeout: 25 milliseconds
For documentation on this error, please visit: http://seleniumhq.org/exceptions/no_such_element.html
Build info: version: '2.32.0', revision: '6c40c18', time: '2013-04-09 17:23:22'
System info: os.name: 'Windows 7', os.arch: 'amd64', os.version: '6.1', java.version: '1.7.0_80-ea'
Session ID: f6d26dcffae9e23e4c8dda2e2b965de3
Driver info: org.openqa.selenium.chrome.ChromeDriver
Capabilities [{platform=XP, acceptSslCerts=true, javascriptEnabled=true, browserName=chrome, chrome={userDataDir=C:\Users\REENA~1.SHA\AppData\Local\Temp\scoped_dir940_23467}, rotatable=false, locationContextEnabled=true, version=40.0.2214.111, takesHeapSnapshot=true, cssSelectorsEnabled=true, databaseEnabled=false, handlesAlerts=true, browserConnectionEnabled=false, webStorageEnabled=true, nativeEvents=true, applicationCacheEnabled=false, takesScreenshot=true}]
	at sun.reflect.NativeConstructorAccessorImpl.newInstance0(Native Method)
	at sun.reflect.NativeConstructorAccessorImpl.newInstance(Unknown Source)
	at sun.reflect.DelegatingConstructorAccessorImpl.newInstance(Unknown Source)
	at java.lang.reflect.Constructor.newInstance(Unknown Source)
	at org.openqa.selenium.remote.ErrorHandler.createThrowable(ErrorHandler.java:187)
	at org.openqa.selenium.remote.ErrorHandler.throwIfResponseFailed(ErrorHandler.java:145)
	at org.openqa.selenium.remote.RemoteWebDriver.execute(RemoteWebDriver.java:554)
	at org.openqa.selenium.remote.RemoteWebDriver.findElement(RemoteWebDriver.java:307)
	at org.openqa.selenium.remote.RemoteWebDriver.findElementByXPath(RemoteWebDriver.java:404)
	at org.openqa.selenium.By$ByXPath.findElement(By.java:344)
	at org.openqa.selenium.remote.RemoteWebDriver.findElement(RemoteWebDriver.java:299)
	at runThrghTestNG.TaskingTemplate.Element_Verification_on_Item_TaskTemplate_Listing_page(TaskingTemplate.java:251)
	at sun.reflect.NativeMethodAccessorImpl.invoke0(Native Method)
	at sun.reflect.NativeMethodAccessorImpl.invoke(Unknown Source)
	at sun.reflect.DelegatingMethodAccessorImpl.invoke(Unknown Source)
	at java.lang.reflect.Method.invoke(Unknown Source)
	at org.testng.internal.MethodInvocationHelper.invokeMethod(MethodInvocationHelper.java:84)
	at org.testng.internal.Invoker.invokeMethod(Invoker.java:714)
	at org.testng.internal.Invoker.invokeTestMethod(Invoker.java:901)
	at org.testng.internal.Invoker.invokeTestMethods(Invoker.java:1231)
	at org.testng.internal.TestMethodWorker.invokeTestMethods(TestMethodWorker.java:127)
	at org.testng.internal.TestMethodWorker.run(TestMethodWorker.java:111)
	at org.testng.TestRunner.privateRun(TestRunner.java:767)
	at org.testng.TestRunner.run(TestRunner.java:617)
	at org.testng.SuiteRunner.runTest(SuiteRunner.java:334)
	at org.testng.SuiteRunner.runSequentially(SuiteRunner.java:329)
	at org.testng.SuiteRunner.privateRun(SuiteRunner.java:291)
	at org.testng.SuiteRunner.run(SuiteRunner.java:240)
	at org.testng.SuiteRunnerWorker.runSuite(SuiteRunnerWorker.java:52)
	at org.testng.SuiteRunnerWorker.run(SuiteRunnerWorker.java:86)
	at org.testng.TestNG.runSuitesSequentially(TestNG.java:1224)
	at org.testng.TestNG.runSuitesLocally(TestNG.java:1149)
	at org.testng.TestNG.run(TestNG.java:1057)
	at org.testng.TestNG.privateMain(TestNG.java:1364)
	at org.testng.TestNG.main(TestNG.java:1333)
]]>
            </full-stacktrace>
          </exception> <!-- org.openqa.selenium.NoSuchElementException -->
          <reporter-output>
            <line>
              <![CDATA[Element_Verification_on_Item_TaskTemplate_Listing_page failed; Click on image to enlarge<br/><a target="_blank" href="C:\TotalBS\reports\screenshots\Element_Verification_on_Item_TaskTemplate_Listing_page_12Feb15__0543PM.png"><img src="file:///C:\TotalBS\reports\screenshots\Element_Verification_on_Item_TaskTemplate_Listing_page_12Feb15__0543PM.png" alt=""height='100' width='100'/></a><br />]]>
            </line>
          </reporter-output>
        </test-method> <!-- Element_Verification_on_Item_TaskTemplate_Listing_page -->
        <test-method status="PASS" signature="Check_status_on_Item_TaskTemplate_Listing_page_no_task_present()[pri:0, instance:runThrghTestNG.TaskingTemplate@42d34b8c]" name="Check_status_on_Item_TaskTemplate_Listing_page_no_task_present" duration-ms="3035" started-at="2015-02-12T17:43:58Z" finished-at="2015-02-12T17:44:01Z">
          <reporter-output>
          </reporter-output>
        </test-method> <!-- Check_status_on_Item_TaskTemplate_Listing_page_no_task_present -->
        <test-method status="FAIL" signature="Check_validation_for_New_Task_fields_on_Tasking_Template_Item()[pri:0, instance:runThrghTestNG.TaskingTemplate@42d34b8c]" name="Check_validation_for_New_Task_fields_on_Tasking_Template_Item" duration-ms="16" started-at="2015-02-12T17:44:01Z" finished-at="2015-02-12T17:44:01Z">
          <exception class="org.openqa.selenium.NoSuchElementException">
            <message>
              <![CDATA[no such element
  (Session info: chrome=40.0.2214.111)
  (Driver info: chromedriver=2.9.248315,platform=Windows NT 6.1 SP1 x86_64) (WARNING: The server did not provide any stacktrace information)
Command duration or timeout: 14 milliseconds
For documentation on this error, please visit: http://seleniumhq.org/exceptions/no_such_element.html
Build info: version: '2.32.0', revision: '6c40c18', time: '2013-04-09 17:23:22'
System info: os.name: 'Windows 7', os.arch: 'amd64', os.version: '6.1', java.version: '1.7.0_80-ea'
Session ID: f6d26dcffae9e23e4c8dda2e2b965de3
Driver info: org.openqa.selenium.chrome.ChromeDriver
Capabilities [{platform=XP, acceptSslCerts=true, javascriptEnabled=true, browserName=chrome, chrome={userDataDir=C:\Users\REENA~1.SHA\AppData\Local\Temp\scoped_dir940_23467}, rotatable=false, locationContextEnabled=true, version=40.0.2214.111, takesHeapSnapshot=true, cssSelectorsEnabled=true, databaseEnabled=false, handlesAlerts=true, browserConnectionEnabled=false, webStorageEnabled=true, nativeEvents=true, applicationCacheEnabled=false, takesScreenshot=true}]]]>
            </message>
            <full-stacktrace>
              <![CDATA[org.openqa.selenium.NoSuchElementException: no such element
  (Session info: chrome=40.0.2214.111)
  (Driver info: chromedriver=2.9.248315,platform=Windows NT 6.1 SP1 x86_64) (WARNING: The server did not provide any stacktrace information)
Command duration or timeout: 14 milliseconds
For documentation on this error, please visit: http://seleniumhq.org/exceptions/no_such_element.html
Build info: version: '2.32.0', revision: '6c40c18', time: '2013-04-09 17:23:22'
System info: os.name: 'Windows 7', os.arch: 'amd64', os.version: '6.1', java.version: '1.7.0_80-ea'
Session ID: f6d26dcffae9e23e4c8dda2e2b965de3
Driver info: org.openqa.selenium.chrome.ChromeDriver
Capabilities [{platform=XP, acceptSslCerts=true, javascriptEnabled=true, browserName=chrome, chrome={userDataDir=C:\Users\REENA~1.SHA\AppData\Local\Temp\scoped_dir940_23467}, rotatable=false, locationContextEnabled=true, version=40.0.2214.111, takesHeapSnapshot=true, cssSelectorsEnabled=true, databaseEnabled=false, handlesAlerts=true, browserConnectionEnabled=false, webStorageEnabled=true, nativeEvents=true, applicationCacheEnabled=false, takesScreenshot=true}]
	at sun.reflect.NativeConstructorAccessorImpl.newInstance0(Native Method)
	at sun.reflect.NativeConstructorAccessorImpl.newInstance(Unknown Source)
	at sun.reflect.DelegatingConstructorAccessorImpl.newInstance(Unknown Source)
	at java.lang.reflect.Constructor.newInstance(Unknown Source)
	at org.openqa.selenium.remote.ErrorHandler.createThrowable(ErrorHandler.java:187)
	at org.openqa.selenium.remote.ErrorHandler.throwIfResponseFailed(ErrorHandler.java:145)
	at org.openqa.selenium.remote.RemoteWebDriver.execute(RemoteWebDriver.java:554)
	at org.openqa.selenium.remote.RemoteWebDriver.findElement(RemoteWebDriver.java:307)
	at org.openqa.selenium.remote.RemoteWebDriver.findElementByXPath(RemoteWebDriver.java:404)
	at org.openqa.selenium.By$ByXPath.findElement(By.java:344)
	at org.openqa.selenium.remote.RemoteWebDriver.findElement(RemoteWebDriver.java:299)
	at runThrghTestNG.TaskingTemplate.Check_validation_for_New_Task_fields_on_Tasking_Template_Item(TaskingTemplate.java:353)
	at sun.reflect.NativeMethodAccessorImpl.invoke0(Native Method)
	at sun.reflect.NativeMethodAccessorImpl.invoke(Unknown Source)
	at sun.reflect.DelegatingMethodAccessorImpl.invoke(Unknown Source)
	at java.lang.reflect.Method.invoke(Unknown Source)
	at org.testng.internal.MethodInvocationHelper.invokeMethod(MethodInvocationHelper.java:84)
	at org.testng.internal.Invoker.invokeMethod(Invoker.java:714)
	at org.testng.internal.Invoker.invokeTestMethod(Invoker.java:901)
	at org.testng.internal.Invoker.invokeTestMethods(Invoker.java:1231)
	at org.testng.internal.TestMethodWorker.invokeTestMethods(TestMethodWorker.java:127)
	at org.testng.internal.TestMethodWorker.run(TestMethodWorker.java:111)
	at org.testng.TestRunner.privateRun(TestRunner.java:767)
	at org.testng.TestRunner.run(TestRunner.java:617)
	at org.testng.SuiteRunner.runTest(SuiteRunner.java:334)
	at org.testng.SuiteRunner.runSequentially(SuiteRunner.java:329)
	at org.testng.SuiteRunner.privateRun(SuiteRunner.java:291)
	at org.testng.SuiteRunner.run(SuiteRunner.java:240)
	at org.testng.SuiteRunnerWorker.runSuite(SuiteRunnerWorker.java:52)
	at org.testng.SuiteRunnerWorker.run(SuiteRunnerWorker.java:86)
	at org.testng.TestNG.runSuitesSequentially(TestNG.java:1224)
	at org.testng.TestNG.runSuitesLocally(TestNG.java:1149)
	at org.testng.TestNG.run(TestNG.java:1057)
	at org.testng.TestNG.privateMain(TestNG.java:1364)
	at org.testng.TestNG.main(TestNG.java:1333)
]]>
            </full-stacktrace>
          </exception> <!-- org.openqa.selenium.NoSuchElementException -->
          <reporter-output>
            <line>
              <![CDATA[Check_validation_for_New_Task_fields_on_Tasking_Template_Item failed; Click on image to enlarge<br/><a target="_blank" href="C:\TotalBS\reports\screenshots\Check_validation_for_New_Task_fields_on_Tasking_Template_Item_12Feb15__0544PM.png"><img src="file:///C:\TotalBS\reports\screenshots\Check_validation_for_New_Task_fields_on_Tasking_Template_Item_12Feb15__0544PM.png" alt=""height='100' width='100'/></a><br />]]>
            </line>
          </reporter-output>
        </test-method> <!-- Check_validation_for_New_Task_fields_on_Tasking_Template_Item -->
        <test-method status="FAIL" signature="Adition_of_New_Task_on_Tasking_Template_Item()[pri:0, instance:runThrghTestNG.TaskingTemplate@42d34b8c]" name="Adition_of_New_Task_on_Tasking_Template_Item" duration-ms="9" started-at="2015-02-12T17:44:01Z" finished-at="2015-02-12T17:44:01Z">
          <exception class="org.openqa.selenium.NoSuchElementException">
            <message>
              <![CDATA[no such element
  (Session info: chrome=40.0.2214.111)
  (Driver info: chromedriver=2.9.248315,platform=Windows NT 6.1 SP1 x86_64) (WARNING: The server did not provide any stacktrace information)
Command duration or timeout: 9 milliseconds
For documentation on this error, please visit: http://seleniumhq.org/exceptions/no_such_element.html
Build info: version: '2.32.0', revision: '6c40c18', time: '2013-04-09 17:23:22'
System info: os.name: 'Windows 7', os.arch: 'amd64', os.version: '6.1', java.version: '1.7.0_80-ea'
Session ID: f6d26dcffae9e23e4c8dda2e2b965de3
Driver info: org.openqa.selenium.chrome.ChromeDriver
Capabilities [{platform=XP, acceptSslCerts=true, javascriptEnabled=true, browserName=chrome, chrome={userDataDir=C:\Users\REENA~1.SHA\AppData\Local\Temp\scoped_dir940_23467}, rotatable=false, locationContextEnabled=true, version=40.0.2214.111, takesHeapSnapshot=true, cssSelectorsEnabled=true, databaseEnabled=false, handlesAlerts=true, browserConnectionEnabled=false, webStorageEnabled=true, nativeEvents=true, applicationCacheEnabled=false, takesScreenshot=true}]]]>
            </message>
            <full-stacktrace>
              <![CDATA[org.openqa.selenium.NoSuchElementException: no such element
  (Session info: chrome=40.0.2214.111)
  (Driver info: chromedriver=2.9.248315,platform=Windows NT 6.1 SP1 x86_64) (WARNING: The server did not provide any stacktrace information)
Command duration or timeout: 9 milliseconds
For documentation on this error, please visit: http://seleniumhq.org/exceptions/no_such_element.html
Build info: version: '2.32.0', revision: '6c40c18', time: '2013-04-09 17:23:22'
System info: os.name: 'Windows 7', os.arch: 'amd64', os.version: '6.1', java.version: '1.7.0_80-ea'
Session ID: f6d26dcffae9e23e4c8dda2e2b965de3
Driver info: org.openqa.selenium.chrome.ChromeDriver
Capabilities [{platform=XP, acceptSslCerts=true, javascriptEnabled=true, browserName=chrome, chrome={userDataDir=C:\Users\REENA~1.SHA\AppData\Local\Temp\scoped_dir940_23467}, rotatable=false, locationContextEnabled=true, version=40.0.2214.111, takesHeapSnapshot=true, cssSelectorsEnabled=true, databaseEnabled=false, handlesAlerts=true, browserConnectionEnabled=false, webStorageEnabled=true, nativeEvents=true, applicationCacheEnabled=false, takesScreenshot=true}]
	at sun.reflect.NativeConstructorAccessorImpl.newInstance0(Native Method)
	at sun.reflect.NativeConstructorAccessorImpl.newInstance(Unknown Source)
	at sun.reflect.DelegatingConstructorAccessorImpl.newInstance(Unknown Source)
	at java.lang.reflect.Constructor.newInstance(Unknown Source)
	at org.openqa.selenium.remote.ErrorHandler.createThrowable(ErrorHandler.java:187)
	at org.openqa.selenium.remote.ErrorHandler.throwIfResponseFailed(ErrorHandler.java:145)
	at org.openqa.selenium.remote.RemoteWebDriver.execute(RemoteWebDriver.java:554)
	at org.openqa.selenium.remote.RemoteWebDriver.findElement(RemoteWebDriver.java:307)
	at org.openqa.selenium.remote.RemoteWebDriver.findElementByXPath(RemoteWebDriver.java:404)
	at org.openqa.selenium.By$ByXPath.findElement(By.java:344)
	at org.openqa.selenium.remote.RemoteWebDriver.findElement(RemoteWebDriver.java:299)
	at runThrghTestNG.TaskingTemplate.Adition_of_New_Task_on_Tasking_Template_Item(TaskingTemplate.java:376)
	at sun.reflect.NativeMethodAccessorImpl.invoke0(Native Method)
	at sun.reflect.NativeMethodAccessorImpl.invoke(Unknown Source)
	at sun.reflect.DelegatingMethodAccessorImpl.invoke(Unknown Source)
	at java.lang.reflect.Method.invoke(Unknown Source)
	at org.testng.internal.MethodInvocationHelper.invokeMethod(MethodInvocationHelper.java:84)
	at org.testng.internal.Invoker.invokeMethod(Invoker.java:714)
	at org.testng.internal.Invoker.invokeTestMethod(Invoker.java:901)
	at org.testng.internal.Invoker.invokeTestMethods(Invoker.java:1231)
	at org.testng.internal.TestMethodWorker.invokeTestMethods(TestMethodWorker.java:127)
	at org.testng.internal.TestMethodWorker.run(TestMethodWorker.java:111)
	at org.testng.TestRunner.privateRun(TestRunner.java:767)
	at org.testng.TestRunner.run(TestRunner.java:617)
	at org.testng.SuiteRunner.runTest(SuiteRunner.java:334)
	at org.testng.SuiteRunner.runSequentially(SuiteRunner.java:329)
	at org.testng.SuiteRunner.privateRun(SuiteRunner.java:291)
	at org.testng.SuiteRunner.run(SuiteRunner.java:240)
	at org.testng.SuiteRunnerWorker.runSuite(SuiteRunnerWorker.java:52)
	at org.testng.SuiteRunnerWorker.run(SuiteRunnerWorker.java:86)
	at org.testng.TestNG.runSuitesSequentially(TestNG.java:1224)
	at org.testng.TestNG.runSuitesLocally(TestNG.java:1149)
	at org.testng.TestNG.run(TestNG.java:1057)
	at org.testng.TestNG.privateMain(TestNG.java:1364)
	at org.testng.TestNG.main(TestNG.java:1333)
]]>
            </full-stacktrace>
          </exception> <!-- org.openqa.selenium.NoSuchElementException -->
          <reporter-output>
            <line>
              <![CDATA[Adition_of_New_Task_on_Tasking_Template_Item failed; Click on image to enlarge<br/><a target="_blank" href="C:\TotalBS\reports\screenshots\Adition_of_New_Task_on_Tasking_Template_Item_12Feb15__0544PM.png"><img src="file:///C:\TotalBS\reports\screenshots\Adition_of_New_Task_on_Tasking_Template_Item_12Feb15__0544PM.png" alt=""height='100' width='100'/></a><br />]]>
            </line>
          </reporter-output>
        </test-method> <!-- Adition_of_New_Task_on_Tasking_Template_Item -->
        <test-method status="PASS" signature="tearDown()[pri:0, instance:runThrghTestNG.TaskingTemplate@42d34b8c]" name="tearDown" is-config="true" duration-ms="1466" started-at="2015-02-12T17:44:02Z" finished-at="2015-02-12T17:44:03Z">
          <reporter-output>
          </reporter-output>
        </test-method> <!-- tearDown -->
      </class> <!-- runThrghTestNG.TaskingTemplate -->
    </test> <!-- TaskingTemplateTests -->
  </suite> <!-- Sign Up Suite -->
</testng-results>
