<html xmlns:math="http://exslt.org/math" xmlns:testng="http://testng.org">
   <head>
      <title>TestNG Results</title>
      <meta http-equiv="content-type" content="text/html; charset=utf-8"></meta>
      <meta http-equiv="pragma" content="no-cache"></meta>
      <meta http-equiv="cache-control" content="max-age=0"></meta>
      <meta http-equiv="cache-control" content="no-cache"></meta>
      <meta http-equiv="cache-control" content="no-store"></meta>
      <LINK rel="stylesheet" href="style.css"></LINK>
      <script type="text/javascript" src="main.js"></script>
   </head>
   <body>
      <table width="100%" style="font-size: 16px; margin-bottom: 10px;" cellspacing="1">
         <tr>
            <td width="100%">
               Test case
               
               <b>TaskingTemplateTests</b>
            </td>
            <td style="background-color: #FFBBBB; padding: 3px 3px 3px 0;" align="center">
               <div style="width: 50px;">9</div>
            </td>
            <td style="background-color: lightgreen; padding: 3px 3px 3px 0;" align="center">
               <div style="width: 50px;">5</div>
            </td>
            <td style="background-color: #FFFFBB; padding: 3px 3px 3px 0;" align="center">
               <div style="width: 50px;">0</div>
            </td>
            <td align="center" style="background-color: #eaf0f7; padding: 3px 3px 3px 0;">
               <div style="width: 50px;">14</div>
            </td>
            <td align="center"
                style="font-weight: bold; background-color: #eaf0f7; padding: 3px 3px 3px 0;">
               <div style="width: 50px;">36%</div>
            </td>
            <td style="background-color: #eaf0f7; padding: 3px 3px 3px 0;" align="center"
                nowrap="true">1m
               27s
               
            </td>
         </tr>
      </table>
      <div style="width: 200px;">
         <label for="groupMethodsCheckBox" style="font-weight: bold; margin: 0;">
            <input id="groupMethodsCheckBox" type="checkbox" onclick="switchTestMethodsView(this)"
                   checked=""></input>
            Group by class
            
         </label>
         <br></br>
         <label for="methodsFilter_ALL" style="font-weight: bold; margin: 0;">
            <input id="methodsFilter_ALL" type="checkbox"
                   onclick="testMethodsFilterChanged(this, 'ALL')"
                   checked=""></input>
            All
            
         </label>
      </div>
      <label for="methodsFilter_FAIL" style="margin-left: 20px;">
         <input id="methodsFilter_FAIL" type="checkbox"
                onclick="testMethodsFilterChanged(this, 'FAIL')"
                checked=""></input>
         Failed
         
      </label>
      <label for="methodsFilter_PASS">
         <input id="methodsFilter_PASS" type="checkbox"
                onclick="testMethodsFilterChanged(this, 'PASS')"
                checked=""></input>
         Passed
         
      </label>
      <label for="methodsFilter_SKIP">
         <input id="methodsFilter_SKIP" type="checkbox"
                onclick="testMethodsFilterChanged(this, 'SKIP')"
                checked=""></input>
         Skipped
         
      </label>
      <label for="methodsFilter_CONF">
         <input id="methodsFilter_CONF" type="checkbox"
                onclick="testMethodsFilterChanged(this, 'CONF')"
                checked=""></input>
         Config
         
      </label>
      <br></br>
      <div id="testMethodsByStatus" style="display: none;">
         <table class="testMethodsTable" cellpadding="0" cellspacing="0">
            <tr class="methodsTableHeader">
               <td width="100%">Name</td>
               <td nowrap="true">Started</td>
               <td nowrap="true">Duration</td>
               <td>Exception</td>
            </tr>
            <tr id="runThrghTestNG.TaskingTemplate_Cancel_button_functionality_on_New_TaskTemplate_on_Listing_page_byStatus_failed_FAIL1_row"
                class="testMethodStatusFAIL">
               <td width="100%" class="firstMethodCell">
                  <a onclick="toggleDetailsVisibility('runThrghTestNG.TaskingTemplate_Cancel_button_functionality_on_New_TaskTemplate_on_Listing_page_byStatus_failed_FAIL1_details')">Cancel_button_functionality_on_New_TaskTemplate_on_Listing_page()</a>
               </td>
               <td nowrap="true">17:43:40</td>
               <td nowrap="true" align="right">26 ms
                  
               </td>
               <td nowrap="true">
                  <a onclick="toggleDetailsVisibility('runThrghTestNG.TaskingTemplate_Cancel_button_functionality_on_New_TaskTemplate_on_Listing_page_byStatus_failed_FAIL1_exception')">org.openqa.selenium.NoSuchElementException: 
                     no such element
                     (Session info: chrome=40.0.2214.111)
                     (Driver info: chromedriver=2.9.248315,platform=Windows NT 6.1 SP1 x86_64) (WARNING: The server did not provide any stacktrace
                     information)
                     Command duration or timeout: 14 milliseconds
                     For documentation on this error, please visit: http://seleniumhq.org/exceptions/no_such_element.html
                     Build info: version: '2.32.0', revision: '6c40c18', time: '2013-04-09 17:23:22'
                     System info: os.name: 'Windows 7', os.arch: 'amd64', os.version: '6.1', java.version: '1.7.0_80-ea'
                     Session ID: f6d26dcffae9e23e4c8dda2e2b965de3
                     Driver info: org.openqa.selenium.chrome.ChromeDriver
                     Capabilities [{platform=XP, acceptSslCerts=true, javascriptEnabled=true, browserName=chrome, chrome={userDataDir=C:\Users\REENA~1.SHA\AppData\Local\Temp\scoped_dir940_23467},
                     rotatable=false, locationContextEnabled=true, version=40.0.2214.111, takesHeapSnapshot=true, cssSelectorsEnabled=true, databaseEnabled=false,
                     handlesAlerts=true, browserConnectionEnabled=false, webStorageEnabled=true, nativeEvents=true, applicationCacheEnabled=false,
                     takesScreenshot=true}]
                     
                  </a>
                   
                  
               </td>
            </tr>
            <tr>
               <td colspan="4" class="detailsBox">
                  <div id="runThrghTestNG.TaskingTemplate_Cancel_button_functionality_on_New_TaskTemplate_on_Listing_page_byStatus_failed_FAIL1_details"
                       class="testMethodDetails">
                     <div>
                        <b>Name: </b>Cancel_button_functionality_on_New_TaskTemplate_on_Listing_page
                     </div>
                     <div>
                        <b>Signature: </b>Cancel_button_functionality_on_New_TaskTemplate_on_Listing_page()[pri:0, instance:runThrghTestNG.TaskingTemplate@42d34b8c]
                     </div>
                     <div>
                        <b>Start time: </b>17:43:40
                     </div>
                     <div>
                        <b>End time: </b>17:43:40
                     </div>
                     <div>
                        <b>Duration: </b>26 ms
                        
                     </div>
                  </div>
               </td>
            </tr>
            <tr>
               <td colspan="4" class="detailsBox">
                  <div id="runThrghTestNG.TaskingTemplate_Cancel_button_functionality_on_New_TaskTemplate_on_Listing_page_byStatus_failed_FAIL1_exception"
                       class="testMethodDetails">
                     <pre style="padding: 5px; margin: 0;">org.openqa.selenium.NoSuchElementException: no such element
                        (Session info: chrome=40.0.2214.111)
                        (Driver info: chromedriver=2.9.248315,platform=Windows NT 6.1 SP1 x86_64) (WARNING: The server did not provide any stacktrace
                        information)
                        Command duration or timeout: 14 milliseconds
                        For documentation on this error, please visit: http://seleniumhq.org/exceptions/no_such_element.html
                        Build info: version: '2.32.0', revision: '6c40c18', time: '2013-04-09 17:23:22'
                        System info: os.name: 'Windows 7', os.arch: 'amd64', os.version: '6.1', java.version: '1.7.0_80-ea'
                        Session ID: f6d26dcffae9e23e4c8dda2e2b965de3
                        Driver info: org.openqa.selenium.chrome.ChromeDriver
                        Capabilities [{platform=XP, acceptSslCerts=true, javascriptEnabled=true, browserName=chrome, chrome={userDataDir=C:\Users\REENA~1.SHA\AppData\Local\Temp\scoped_dir940_23467},
                        rotatable=false, locationContextEnabled=true, version=40.0.2214.111, takesHeapSnapshot=true, cssSelectorsEnabled=true, databaseEnabled=false,
                        handlesAlerts=true, browserConnectionEnabled=false, webStorageEnabled=true, nativeEvents=true, applicationCacheEnabled=false,
                        takesScreenshot=true}]
                        	at sun.reflect.NativeConstructorAccessorImpl.newInstance0(Native Method)
                        	at sun.reflect.NativeConstructorAccessorImpl.newInstance(Unknown Source)
                        	at sun.reflect.DelegatingConstructorAccessorImpl.newInstance(Unknown Source)
                        	at java.lang.reflect.Constructor.newInstance(Unknown Source)
                        	at org.openqa.selenium.remote.ErrorHandler.createThrowable(ErrorHandler.java:187)
                        	at org.openqa.selenium.remote.ErrorHandler.throwIfResponseFailed(ErrorHandler.java:145)
                        	at org.openqa.selenium.remote.RemoteWebDriver.execute(RemoteWebDriver.java:554)
                        	at org.openqa.selenium.remote.RemoteWebDriver.findElement(RemoteWebDriver.java:307)
                        	at org.openqa.selenium.remote.RemoteWebDriver.findElementById(RemoteWebDriver.java:348)
                        	at org.openqa.selenium.By$ById.findElement(By.java:216)
                        	at org.openqa.selenium.remote.RemoteWebDriver.findElement(RemoteWebDriver.java:299)
                        	at runThrghTestNG.TaskingTemplate.Cancel_button_functionality_on_New_TaskTemplate_on_Listing_page(TaskingTemplate.java:129)
                        	at sun.reflect.NativeMethodAccessorImpl.invoke0(Native Method)
                        	at sun.reflect.NativeMethodAccessorImpl.invoke(Unknown Source)
                        	at sun.reflect.DelegatingMethodAccessorImpl.invoke(Unknown Source)
                        	at java.lang.reflect.Method.invoke(Unknown Source)
                        	at org.testng.internal.MethodInvocationHelper.invokeMethod(MethodInvocationHelper.java:84)
                        	at org.testng.internal.Invoker.invokeMethod(Invoker.java:714)
                        	at org.testng.internal.Invoker.invokeTestMethod(Invoker.java:901)
                        	at org.testng.internal.Invoker.invokeTestMethods(Invoker.java:1231)
                        	at org.testng.internal.TestMethodWorker.invokeTestMethods(TestMethodWorker.java:127)
                        	at org.testng.internal.TestMethodWorker.run(TestMethodWorker.java:111)
                        	at org.testng.TestRunner.privateRun(TestRunner.java:767)
                        	at org.testng.TestRunner.run(TestRunner.java:617)
                        	at org.testng.SuiteRunner.runTest(SuiteRunner.java:334)
                        	at org.testng.SuiteRunner.runSequentially(SuiteRunner.java:329)
                        	at org.testng.SuiteRunner.privateRun(SuiteRunner.java:291)
                        	at org.testng.SuiteRunner.run(SuiteRunner.java:240)
                        	at org.testng.SuiteRunnerWorker.runSuite(SuiteRunnerWorker.java:52)
                        	at org.testng.SuiteRunnerWorker.run(SuiteRunnerWorker.java:86)
                        	at org.testng.TestNG.runSuitesSequentially(TestNG.java:1224)
                        	at org.testng.TestNG.runSuitesLocally(TestNG.java:1149)
                        	at org.testng.TestNG.run(TestNG.java:1057)
                        	at org.testng.TestNG.privateMain(TestNG.java:1364)
                        	at org.testng.TestNG.main(TestNG.java:1333)
                     </pre>
                  </div>
               </td>
            </tr>
            <tr id="runThrghTestNG.TaskingTemplate_Adition_of_New_TaskTemplate_on_Listing_page_byStatus_failed_FAIL2_row"
                class="testMethodStatusFAIL">
               <td width="100%" class="firstMethodCell">
                  <a onclick="toggleDetailsVisibility('runThrghTestNG.TaskingTemplate_Adition_of_New_TaskTemplate_on_Listing_page_byStatus_failed_FAIL2_details')">Adition_of_New_TaskTemplate_on_Listing_page()</a>
               </td>
               <td nowrap="true">17:43:40</td>
               <td nowrap="true" align="right">10 ms
                  
               </td>
               <td nowrap="true">
                  <a onclick="toggleDetailsVisibility('runThrghTestNG.TaskingTemplate_Adition_of_New_TaskTemplate_on_Listing_page_byStatus_failed_FAIL2_exception')">org.openqa.selenium.NoSuchElementException: 
                     no such element
                     (Session info: chrome=40.0.2214.111)
                     (Driver info: chromedriver=2.9.248315,platform=Windows NT 6.1 SP1 x86_64) (WARNING: The server did not provide any stacktrace
                     information)
                     Command duration or timeout: 10 milliseconds
                     For documentation on this error, please visit: http://seleniumhq.org/exceptions/no_such_element.html
                     Build info: version: '2.32.0', revision: '6c40c18', time: '2013-04-09 17:23:22'
                     System info: os.name: 'Windows 7', os.arch: 'amd64', os.version: '6.1', java.version: '1.7.0_80-ea'
                     Session ID: f6d26dcffae9e23e4c8dda2e2b965de3
                     Driver info: org.openqa.selenium.chrome.ChromeDriver
                     Capabilities [{platform=XP, acceptSslCerts=true, javascriptEnabled=true, browserName=chrome, chrome={userDataDir=C:\Users\REENA~1.SHA\AppData\Local\Temp\scoped_dir940_23467},
                     rotatable=false, locationContextEnabled=true, version=40.0.2214.111, takesHeapSnapshot=true, cssSelectorsEnabled=true, databaseEnabled=false,
                     handlesAlerts=true, browserConnectionEnabled=false, webStorageEnabled=true, nativeEvents=true, applicationCacheEnabled=false,
                     takesScreenshot=true}]
                     
                  </a>
                   
                  
               </td>
            </tr>
            <tr>
               <td colspan="4" class="detailsBox">
                  <div id="runThrghTestNG.TaskingTemplate_Adition_of_New_TaskTemplate_on_Listing_page_byStatus_failed_FAIL2_details"
                       class="testMethodDetails">
                     <div>
                        <b>Name: </b>Adition_of_New_TaskTemplate_on_Listing_page
                     </div>
                     <div>
                        <b>Signature: </b>Adition_of_New_TaskTemplate_on_Listing_page()[pri:0, instance:runThrghTestNG.TaskingTemplate@42d34b8c]
                     </div>
                     <div>
                        <b>Start time: </b>17:43:40
                     </div>
                     <div>
                        <b>End time: </b>17:43:40
                     </div>
                     <div>
                        <b>Duration: </b>10 ms
                        
                     </div>
                  </div>
               </td>
            </tr>
            <tr>
               <td colspan="4" class="detailsBox">
                  <div id="runThrghTestNG.TaskingTemplate_Adition_of_New_TaskTemplate_on_Listing_page_byStatus_failed_FAIL2_exception"
                       class="testMethodDetails">
                     <pre style="padding: 5px; margin: 0;">org.openqa.selenium.NoSuchElementException: no such element
                        (Session info: chrome=40.0.2214.111)
                        (Driver info: chromedriver=2.9.248315,platform=Windows NT 6.1 SP1 x86_64) (WARNING: The server did not provide any stacktrace
                        information)
                        Command duration or timeout: 10 milliseconds
                        For documentation on this error, please visit: http://seleniumhq.org/exceptions/no_such_element.html
                        Build info: version: '2.32.0', revision: '6c40c18', time: '2013-04-09 17:23:22'
                        System info: os.name: 'Windows 7', os.arch: 'amd64', os.version: '6.1', java.version: '1.7.0_80-ea'
                        Session ID: f6d26dcffae9e23e4c8dda2e2b965de3
                        Driver info: org.openqa.selenium.chrome.ChromeDriver
                        Capabilities [{platform=XP, acceptSslCerts=true, javascriptEnabled=true, browserName=chrome, chrome={userDataDir=C:\Users\REENA~1.SHA\AppData\Local\Temp\scoped_dir940_23467},
                        rotatable=false, locationContextEnabled=true, version=40.0.2214.111, takesHeapSnapshot=true, cssSelectorsEnabled=true, databaseEnabled=false,
                        handlesAlerts=true, browserConnectionEnabled=false, webStorageEnabled=true, nativeEvents=true, applicationCacheEnabled=false,
                        takesScreenshot=true}]
                        	at sun.reflect.NativeConstructorAccessorImpl.newInstance0(Native Method)
                        	at sun.reflect.NativeConstructorAccessorImpl.newInstance(Unknown Source)
                        	at sun.reflect.DelegatingConstructorAccessorImpl.newInstance(Unknown Source)
                        	at java.lang.reflect.Constructor.newInstance(Unknown Source)
                        	at org.openqa.selenium.remote.ErrorHandler.createThrowable(ErrorHandler.java:187)
                        	at org.openqa.selenium.remote.ErrorHandler.throwIfResponseFailed(ErrorHandler.java:145)
                        	at org.openqa.selenium.remote.RemoteWebDriver.execute(RemoteWebDriver.java:554)
                        	at org.openqa.selenium.remote.RemoteWebDriver.findElement(RemoteWebDriver.java:307)
                        	at org.openqa.selenium.remote.RemoteWebDriver.findElementById(RemoteWebDriver.java:348)
                        	at org.openqa.selenium.By$ById.findElement(By.java:216)
                        	at org.openqa.selenium.remote.RemoteWebDriver.findElement(RemoteWebDriver.java:299)
                        	at runThrghTestNG.TaskingTemplate.Adition_of_New_TaskTemplate_on_Listing_page(TaskingTemplate.java:150)
                        	at sun.reflect.NativeMethodAccessorImpl.invoke0(Native Method)
                        	at sun.reflect.NativeMethodAccessorImpl.invoke(Unknown Source)
                        	at sun.reflect.DelegatingMethodAccessorImpl.invoke(Unknown Source)
                        	at java.lang.reflect.Method.invoke(Unknown Source)
                        	at org.testng.internal.MethodInvocationHelper.invokeMethod(MethodInvocationHelper.java:84)
                        	at org.testng.internal.Invoker.invokeMethod(Invoker.java:714)
                        	at org.testng.internal.Invoker.invokeTestMethod(Invoker.java:901)
                        	at org.testng.internal.Invoker.invokeTestMethods(Invoker.java:1231)
                        	at org.testng.internal.TestMethodWorker.invokeTestMethods(TestMethodWorker.java:127)
                        	at org.testng.internal.TestMethodWorker.run(TestMethodWorker.java:111)
                        	at org.testng.TestRunner.privateRun(TestRunner.java:767)
                        	at org.testng.TestRunner.run(TestRunner.java:617)
                        	at org.testng.SuiteRunner.runTest(SuiteRunner.java:334)
                        	at org.testng.SuiteRunner.runSequentially(SuiteRunner.java:329)
                        	at org.testng.SuiteRunner.privateRun(SuiteRunner.java:291)
                        	at org.testng.SuiteRunner.run(SuiteRunner.java:240)
                        	at org.testng.SuiteRunnerWorker.runSuite(SuiteRunnerWorker.java:52)
                        	at org.testng.SuiteRunnerWorker.run(SuiteRunnerWorker.java:86)
                        	at org.testng.TestNG.runSuitesSequentially(TestNG.java:1224)
                        	at org.testng.TestNG.runSuitesLocally(TestNG.java:1149)
                        	at org.testng.TestNG.run(TestNG.java:1057)
                        	at org.testng.TestNG.privateMain(TestNG.java:1364)
                        	at org.testng.TestNG.main(TestNG.java:1333)
                     </pre>
                  </div>
               </td>
            </tr>
            <tr id="runThrghTestNG.TaskingTemplate_Edit_of_TaskTemplate_on_Listing_page_byStatus_failed_FAIL3_row"
                class="testMethodStatusFAIL">
               <td width="100%" class="firstMethodCell">
                  <a onclick="toggleDetailsVisibility('runThrghTestNG.TaskingTemplate_Edit_of_TaskTemplate_on_Listing_page_byStatus_failed_FAIL3_details')">Edit_of_TaskTemplate_on_Listing_page()</a>
               </td>
               <td nowrap="true">17:43:40</td>
               <td nowrap="true" align="right">3s
                  
               </td>
               <td nowrap="true">
                  <a onclick="toggleDetailsVisibility('runThrghTestNG.TaskingTemplate_Edit_of_TaskTemplate_on_Listing_page_byStatus_failed_FAIL3_exception')">org.openqa.selenium.NoSuchElementException: 
                     no such element
                     (Session info: chrome=40.0.2214.111)
                     (Driver info: chromedriver=2.9.248315,platform=Windows NT 6.1 SP1 x86_64) (WARNING: The server did not provide any stacktrace
                     information)
                     Command duration or timeout: 34 milliseconds
                     For documentation on this error, please visit: http://seleniumhq.org/exceptions/no_such_element.html
                     Build info: version: '2.32.0', revision: '6c40c18', time: '2013-04-09 17:23:22'
                     System info: os.name: 'Windows 7', os.arch: 'amd64', os.version: '6.1', java.version: '1.7.0_80-ea'
                     Session ID: f6d26dcffae9e23e4c8dda2e2b965de3
                     Driver info: org.openqa.selenium.chrome.ChromeDriver
                     Capabilities [{platform=XP, acceptSslCerts=true, javascriptEnabled=true, browserName=chrome, chrome={userDataDir=C:\Users\REENA~1.SHA\AppData\Local\Temp\scoped_dir940_23467},
                     rotatable=false, locationContextEnabled=true, version=40.0.2214.111, takesHeapSnapshot=true, cssSelectorsEnabled=true, databaseEnabled=false,
                     handlesAlerts=true, browserConnectionEnabled=false, webStorageEnabled=true, nativeEvents=true, applicationCacheEnabled=false,
                     takesScreenshot=true}]
                     
                  </a>
                   
                  
               </td>
            </tr>
            <tr>
               <td colspan="4" class="detailsBox">
                  <div id="runThrghTestNG.TaskingTemplate_Edit_of_TaskTemplate_on_Listing_page_byStatus_failed_FAIL3_details"
                       class="testMethodDetails">
                     <div>
                        <b>Name: </b>Edit_of_TaskTemplate_on_Listing_page
                     </div>
                     <div>
                        <b>Signature: </b>Edit_of_TaskTemplate_on_Listing_page()[pri:0, instance:runThrghTestNG.TaskingTemplate@42d34b8c]
                     </div>
                     <div>
                        <b>Start time: </b>17:43:40
                     </div>
                     <div>
                        <b>End time: </b>17:43:44
                     </div>
                     <div>
                        <b>Duration: </b>3s
                        
                     </div>
                  </div>
               </td>
            </tr>
            <tr>
               <td colspan="4" class="detailsBox">
                  <div id="runThrghTestNG.TaskingTemplate_Edit_of_TaskTemplate_on_Listing_page_byStatus_failed_FAIL3_exception"
                       class="testMethodDetails">
                     <pre style="padding: 5px; margin: 0;">org.openqa.selenium.NoSuchElementException: no such element
                        (Session info: chrome=40.0.2214.111)
                        (Driver info: chromedriver=2.9.248315,platform=Windows NT 6.1 SP1 x86_64) (WARNING: The server did not provide any stacktrace
                        information)
                        Command duration or timeout: 34 milliseconds
                        For documentation on this error, please visit: http://seleniumhq.org/exceptions/no_such_element.html
                        Build info: version: '2.32.0', revision: '6c40c18', time: '2013-04-09 17:23:22'
                        System info: os.name: 'Windows 7', os.arch: 'amd64', os.version: '6.1', java.version: '1.7.0_80-ea'
                        Session ID: f6d26dcffae9e23e4c8dda2e2b965de3
                        Driver info: org.openqa.selenium.chrome.ChromeDriver
                        Capabilities [{platform=XP, acceptSslCerts=true, javascriptEnabled=true, browserName=chrome, chrome={userDataDir=C:\Users\REENA~1.SHA\AppData\Local\Temp\scoped_dir940_23467},
                        rotatable=false, locationContextEnabled=true, version=40.0.2214.111, takesHeapSnapshot=true, cssSelectorsEnabled=true, databaseEnabled=false,
                        handlesAlerts=true, browserConnectionEnabled=false, webStorageEnabled=true, nativeEvents=true, applicationCacheEnabled=false,
                        takesScreenshot=true}]
                        	at sun.reflect.NativeConstructorAccessorImpl.newInstance0(Native Method)
                        	at sun.reflect.NativeConstructorAccessorImpl.newInstance(Unknown Source)
                        	at sun.reflect.DelegatingConstructorAccessorImpl.newInstance(Unknown Source)
                        	at java.lang.reflect.Constructor.newInstance(Unknown Source)
                        	at org.openqa.selenium.remote.ErrorHandler.createThrowable(ErrorHandler.java:187)
                        	at org.openqa.selenium.remote.ErrorHandler.throwIfResponseFailed(ErrorHandler.java:145)
                        	at org.openqa.selenium.remote.RemoteWebDriver.execute(RemoteWebDriver.java:554)
                        	at org.openqa.selenium.remote.RemoteWebDriver.findElement(RemoteWebDriver.java:307)
                        	at org.openqa.selenium.remote.RemoteWebDriver.findElementByXPath(RemoteWebDriver.java:404)
                        	at org.openqa.selenium.By$ByXPath.findElement(By.java:344)
                        	at org.openqa.selenium.remote.RemoteWebDriver.findElement(RemoteWebDriver.java:299)
                        	at runThrghTestNG.TaskingTemplate.Edit_of_TaskTemplate_on_Listing_page(TaskingTemplate.java:175)
                        	at sun.reflect.NativeMethodAccessorImpl.invoke0(Native Method)
                        	at sun.reflect.NativeMethodAccessorImpl.invoke(Unknown Source)
                        	at sun.reflect.DelegatingMethodAccessorImpl.invoke(Unknown Source)
                        	at java.lang.reflect.Method.invoke(Unknown Source)
                        	at org.testng.internal.MethodInvocationHelper.invokeMethod(MethodInvocationHelper.java:84)
                        	at org.testng.internal.Invoker.invokeMethod(Invoker.java:714)
                        	at org.testng.internal.Invoker.invokeTestMethod(Invoker.java:901)
                        	at org.testng.internal.Invoker.invokeTestMethods(Invoker.java:1231)
                        	at org.testng.internal.TestMethodWorker.invokeTestMethods(TestMethodWorker.java:127)
                        	at org.testng.internal.TestMethodWorker.run(TestMethodWorker.java:111)
                        	at org.testng.TestRunner.privateRun(TestRunner.java:767)
                        	at org.testng.TestRunner.run(TestRunner.java:617)
                        	at org.testng.SuiteRunner.runTest(SuiteRunner.java:334)
                        	at org.testng.SuiteRunner.runSequentially(SuiteRunner.java:329)
                        	at org.testng.SuiteRunner.privateRun(SuiteRunner.java:291)
                        	at org.testng.SuiteRunner.run(SuiteRunner.java:240)
                        	at org.testng.SuiteRunnerWorker.runSuite(SuiteRunnerWorker.java:52)
                        	at org.testng.SuiteRunnerWorker.run(SuiteRunnerWorker.java:86)
                        	at org.testng.TestNG.runSuitesSequentially(TestNG.java:1224)
                        	at org.testng.TestNG.runSuitesLocally(TestNG.java:1149)
                        	at org.testng.TestNG.run(TestNG.java:1057)
                        	at org.testng.TestNG.privateMain(TestNG.java:1364)
                        	at org.testng.TestNG.main(TestNG.java:1333)
                     </pre>
                  </div>
               </td>
            </tr>
            <tr id="runThrghTestNG.TaskingTemplate_Cancel_button_functionality_on_Edit_of_TaskTemplate_on_Listing_page_byStatus_failed_FAIL4_row"
                class="testMethodStatusFAIL">
               <td width="100%" class="firstMethodCell">
                  <a onclick="toggleDetailsVisibility('runThrghTestNG.TaskingTemplate_Cancel_button_functionality_on_Edit_of_TaskTemplate_on_Listing_page_byStatus_failed_FAIL4_details')">Cancel_button_functionality_on_Edit_of_TaskTemplate_on_Listing_page()</a>
               </td>
               <td nowrap="true">17:43:44</td>
               <td nowrap="true" align="right">3s
                  
               </td>
               <td nowrap="true">
                  <a onclick="toggleDetailsVisibility('runThrghTestNG.TaskingTemplate_Cancel_button_functionality_on_Edit_of_TaskTemplate_on_Listing_page_byStatus_failed_FAIL4_exception')">org.openqa.selenium.NoSuchElementException: 
                     no such element
                     (Session info: chrome=40.0.2214.111)
                     (Driver info: chromedriver=2.9.248315,platform=Windows NT 6.1 SP1 x86_64) (WARNING: The server did not provide any stacktrace
                     information)
                     Command duration or timeout: 43 milliseconds
                     For documentation on this error, please visit: http://seleniumhq.org/exceptions/no_such_element.html
                     Build info: version: '2.32.0', revision: '6c40c18', time: '2013-04-09 17:23:22'
                     System info: os.name: 'Windows 7', os.arch: 'amd64', os.version: '6.1', java.version: '1.7.0_80-ea'
                     Session ID: f6d26dcffae9e23e4c8dda2e2b965de3
                     Driver info: org.openqa.selenium.chrome.ChromeDriver
                     Capabilities [{platform=XP, acceptSslCerts=true, javascriptEnabled=true, browserName=chrome, chrome={userDataDir=C:\Users\REENA~1.SHA\AppData\Local\Temp\scoped_dir940_23467},
                     rotatable=false, locationContextEnabled=true, version=40.0.2214.111, takesHeapSnapshot=true, cssSelectorsEnabled=true, databaseEnabled=false,
                     handlesAlerts=true, browserConnectionEnabled=false, webStorageEnabled=true, nativeEvents=true, applicationCacheEnabled=false,
                     takesScreenshot=true}]
                     
                  </a>
                   
                  
               </td>
            </tr>
            <tr>
               <td colspan="4" class="detailsBox">
                  <div id="runThrghTestNG.TaskingTemplate_Cancel_button_functionality_on_Edit_of_TaskTemplate_on_Listing_page_byStatus_failed_FAIL4_details"
                       class="testMethodDetails">
                     <div>
                        <b>Name: </b>Cancel_button_functionality_on_Edit_of_TaskTemplate_on_Listing_page
                     </div>
                     <div>
                        <b>Signature: </b>Cancel_button_functionality_on_Edit_of_TaskTemplate_on_Listing_page()[pri:0, instance:runThrghTestNG.TaskingTemplate@42d34b8c]
                     </div>
                     <div>
                        <b>Start time: </b>17:43:44
                     </div>
                     <div>
                        <b>End time: </b>17:43:47
                     </div>
                     <div>
                        <b>Duration: </b>3s
                        
                     </div>
                  </div>
               </td>
            </tr>
            <tr>
               <td colspan="4" class="detailsBox">
                  <div id="runThrghTestNG.TaskingTemplate_Cancel_button_functionality_on_Edit_of_TaskTemplate_on_Listing_page_byStatus_failed_FAIL4_exception"
                       class="testMethodDetails">
                     <pre style="padding: 5px; margin: 0;">org.openqa.selenium.NoSuchElementException: no such element
                        (Session info: chrome=40.0.2214.111)
                        (Driver info: chromedriver=2.9.248315,platform=Windows NT 6.1 SP1 x86_64) (WARNING: The server did not provide any stacktrace
                        information)
                        Command duration or timeout: 43 milliseconds
                        For documentation on this error, please visit: http://seleniumhq.org/exceptions/no_such_element.html
                        Build info: version: '2.32.0', revision: '6c40c18', time: '2013-04-09 17:23:22'
                        System info: os.name: 'Windows 7', os.arch: 'amd64', os.version: '6.1', java.version: '1.7.0_80-ea'
                        Session ID: f6d26dcffae9e23e4c8dda2e2b965de3
                        Driver info: org.openqa.selenium.chrome.ChromeDriver
                        Capabilities [{platform=XP, acceptSslCerts=true, javascriptEnabled=true, browserName=chrome, chrome={userDataDir=C:\Users\REENA~1.SHA\AppData\Local\Temp\scoped_dir940_23467},
                        rotatable=false, locationContextEnabled=true, version=40.0.2214.111, takesHeapSnapshot=true, cssSelectorsEnabled=true, databaseEnabled=false,
                        handlesAlerts=true, browserConnectionEnabled=false, webStorageEnabled=true, nativeEvents=true, applicationCacheEnabled=false,
                        takesScreenshot=true}]
                        	at sun.reflect.NativeConstructorAccessorImpl.newInstance0(Native Method)
                        	at sun.reflect.NativeConstructorAccessorImpl.newInstance(Unknown Source)
                        	at sun.reflect.DelegatingConstructorAccessorImpl.newInstance(Unknown Source)
                        	at java.lang.reflect.Constructor.newInstance(Unknown Source)
                        	at org.openqa.selenium.remote.ErrorHandler.createThrowable(ErrorHandler.java:187)
                        	at org.openqa.selenium.remote.ErrorHandler.throwIfResponseFailed(ErrorHandler.java:145)
                        	at org.openqa.selenium.remote.RemoteWebDriver.execute(RemoteWebDriver.java:554)
                        	at org.openqa.selenium.remote.RemoteWebDriver.findElement(RemoteWebDriver.java:307)
                        	at org.openqa.selenium.remote.RemoteWebDriver.findElementByXPath(RemoteWebDriver.java:404)
                        	at org.openqa.selenium.By$ByXPath.findElement(By.java:344)
                        	at org.openqa.selenium.remote.RemoteWebDriver.findElement(RemoteWebDriver.java:299)
                        	at runThrghTestNG.TaskingTemplate.Cancel_button_functionality_on_Edit_of_TaskTemplate_on_Listing_page(TaskingTemplate.java:188)
                        	at sun.reflect.NativeMethodAccessorImpl.invoke0(Native Method)
                        	at sun.reflect.NativeMethodAccessorImpl.invoke(Unknown Source)
                        	at sun.reflect.DelegatingMethodAccessorImpl.invoke(Unknown Source)
                        	at java.lang.reflect.Method.invoke(Unknown Source)
                        	at org.testng.internal.MethodInvocationHelper.invokeMethod(MethodInvocationHelper.java:84)
                        	at org.testng.internal.Invoker.invokeMethod(Invoker.java:714)
                        	at org.testng.internal.Invoker.invokeTestMethod(Invoker.java:901)
                        	at org.testng.internal.Invoker.invokeTestMethods(Invoker.java:1231)
                        	at org.testng.internal.TestMethodWorker.invokeTestMethods(TestMethodWorker.java:127)
                        	at org.testng.internal.TestMethodWorker.run(TestMethodWorker.java:111)
                        	at org.testng.TestRunner.privateRun(TestRunner.java:767)
                        	at org.testng.TestRunner.run(TestRunner.java:617)
                        	at org.testng.SuiteRunner.runTest(SuiteRunner.java:334)
                        	at org.testng.SuiteRunner.runSequentially(SuiteRunner.java:329)
                        	at org.testng.SuiteRunner.privateRun(SuiteRunner.java:291)
                        	at org.testng.SuiteRunner.run(SuiteRunner.java:240)
                        	at org.testng.SuiteRunnerWorker.runSuite(SuiteRunnerWorker.java:52)
                        	at org.testng.SuiteRunnerWorker.run(SuiteRunnerWorker.java:86)
                        	at org.testng.TestNG.runSuitesSequentially(TestNG.java:1224)
                        	at org.testng.TestNG.runSuitesLocally(TestNG.java:1149)
                        	at org.testng.TestNG.run(TestNG.java:1057)
                        	at org.testng.TestNG.privateMain(TestNG.java:1364)
                        	at org.testng.TestNG.main(TestNG.java:1333)
                     </pre>
                  </div>
               </td>
            </tr>
            <tr id="runThrghTestNG.TaskingTemplate_MultipleTask_button_functionality_on_TaskTemplate_Listing_page_byStatus_failed_FAIL5_row"
                class="testMethodStatusFAIL">
               <td width="100%" class="firstMethodCell">
                  <a onclick="toggleDetailsVisibility('runThrghTestNG.TaskingTemplate_MultipleTask_button_functionality_on_TaskTemplate_Listing_page_byStatus_failed_FAIL5_details')">MultipleTask_button_functionality_on_TaskTemplate_Listing_page()</a>
               </td>
               <td nowrap="true">17:43:54</td>
               <td nowrap="true" align="right">18 ms
                  
               </td>
               <td nowrap="true">
                  <a onclick="toggleDetailsVisibility('runThrghTestNG.TaskingTemplate_MultipleTask_button_functionality_on_TaskTemplate_Listing_page_byStatus_failed_FAIL5_exception')">org.openqa.selenium.NoSuchElementException: 
                     no such element
                     (Session info: chrome=40.0.2214.111)
                     (Driver info: chromedriver=2.9.248315,platform=Windows NT 6.1 SP1 x86_64) (WARNING: The server did not provide any stacktrace
                     information)
                     Command duration or timeout: 17 milliseconds
                     For documentation on this error, please visit: http://seleniumhq.org/exceptions/no_such_element.html
                     Build info: version: '2.32.0', revision: '6c40c18', time: '2013-04-09 17:23:22'
                     System info: os.name: 'Windows 7', os.arch: 'amd64', os.version: '6.1', java.version: '1.7.0_80-ea'
                     Session ID: f6d26dcffae9e23e4c8dda2e2b965de3
                     Driver info: org.openqa.selenium.chrome.ChromeDriver
                     Capabilities [{platform=XP, acceptSslCerts=true, javascriptEnabled=true, browserName=chrome, chrome={userDataDir=C:\Users\REENA~1.SHA\AppData\Local\Temp\scoped_dir940_23467},
                     rotatable=false, locationContextEnabled=true, version=40.0.2214.111, takesHeapSnapshot=true, cssSelectorsEnabled=true, databaseEnabled=false,
                     handlesAlerts=true, browserConnectionEnabled=false, webStorageEnabled=true, nativeEvents=true, applicationCacheEnabled=false,
                     takesScreenshot=true}]
                     
                  </a>
                   
                  
               </td>
            </tr>
            <tr>
               <td colspan="4" class="detailsBox">
                  <div id="runThrghTestNG.TaskingTemplate_MultipleTask_button_functionality_on_TaskTemplate_Listing_page_byStatus_failed_FAIL5_details"
                       class="testMethodDetails">
                     <div>
                        <b>Name: </b>MultipleTask_button_functionality_on_TaskTemplate_Listing_page
                     </div>
                     <div>
                        <b>Signature: </b>MultipleTask_button_functionality_on_TaskTemplate_Listing_page()[pri:0, instance:runThrghTestNG.TaskingTemplate@42d34b8c]
                     </div>
                     <div>
                        <b>Start time: </b>17:43:54
                     </div>
                     <div>
                        <b>End time: </b>17:43:54
                     </div>
                     <div>
                        <b>Duration: </b>18 ms
                        
                     </div>
                  </div>
               </td>
            </tr>
            <tr>
               <td colspan="4" class="detailsBox">
                  <div id="runThrghTestNG.TaskingTemplate_MultipleTask_button_functionality_on_TaskTemplate_Listing_page_byStatus_failed_FAIL5_exception"
                       class="testMethodDetails">
                     <pre style="padding: 5px; margin: 0;">org.openqa.selenium.NoSuchElementException: no such element
                        (Session info: chrome=40.0.2214.111)
                        (Driver info: chromedriver=2.9.248315,platform=Windows NT 6.1 SP1 x86_64) (WARNING: The server did not provide any stacktrace
                        information)
                        Command duration or timeout: 17 milliseconds
                        For documentation on this error, please visit: http://seleniumhq.org/exceptions/no_such_element.html
                        Build info: version: '2.32.0', revision: '6c40c18', time: '2013-04-09 17:23:22'
                        System info: os.name: 'Windows 7', os.arch: 'amd64', os.version: '6.1', java.version: '1.7.0_80-ea'
                        Session ID: f6d26dcffae9e23e4c8dda2e2b965de3
                        Driver info: org.openqa.selenium.chrome.ChromeDriver
                        Capabilities [{platform=XP, acceptSslCerts=true, javascriptEnabled=true, browserName=chrome, chrome={userDataDir=C:\Users\REENA~1.SHA\AppData\Local\Temp\scoped_dir940_23467},
                        rotatable=false, locationContextEnabled=true, version=40.0.2214.111, takesHeapSnapshot=true, cssSelectorsEnabled=true, databaseEnabled=false,
                        handlesAlerts=true, browserConnectionEnabled=false, webStorageEnabled=true, nativeEvents=true, applicationCacheEnabled=false,
                        takesScreenshot=true}]
                        	at sun.reflect.NativeConstructorAccessorImpl.newInstance0(Native Method)
                        	at sun.reflect.NativeConstructorAccessorImpl.newInstance(Unknown Source)
                        	at sun.reflect.DelegatingConstructorAccessorImpl.newInstance(Unknown Source)
                        	at java.lang.reflect.Constructor.newInstance(Unknown Source)
                        	at org.openqa.selenium.remote.ErrorHandler.createThrowable(ErrorHandler.java:187)
                        	at org.openqa.selenium.remote.ErrorHandler.throwIfResponseFailed(ErrorHandler.java:145)
                        	at org.openqa.selenium.remote.RemoteWebDriver.execute(RemoteWebDriver.java:554)
                        	at org.openqa.selenium.remote.RemoteWebDriver.findElement(RemoteWebDriver.java:307)
                        	at org.openqa.selenium.remote.RemoteWebDriver.findElementById(RemoteWebDriver.java:348)
                        	at org.openqa.selenium.By$ById.findElement(By.java:216)
                        	at org.openqa.selenium.remote.RemoteWebDriver.findElement(RemoteWebDriver.java:299)
                        	at runThrghTestNG.TaskingTemplate.MultipleTask_button_functionality_on_TaskTemplate_Listing_page(TaskingTemplate.java:210)
                        	at sun.reflect.NativeMethodAccessorImpl.invoke0(Native Method)
                        	at sun.reflect.NativeMethodAccessorImpl.invoke(Unknown Source)
                        	at sun.reflect.DelegatingMethodAccessorImpl.invoke(Unknown Source)
                        	at java.lang.reflect.Method.invoke(Unknown Source)
                        	at org.testng.internal.MethodInvocationHelper.invokeMethod(MethodInvocationHelper.java:84)
                        	at org.testng.internal.Invoker.invokeMethod(Invoker.java:714)
                        	at org.testng.internal.Invoker.invokeTestMethod(Invoker.java:901)
                        	at org.testng.internal.Invoker.invokeTestMethods(Invoker.java:1231)
                        	at org.testng.internal.TestMethodWorker.invokeTestMethods(TestMethodWorker.java:127)
                        	at org.testng.internal.TestMethodWorker.run(TestMethodWorker.java:111)
                        	at org.testng.TestRunner.privateRun(TestRunner.java:767)
                        	at org.testng.TestRunner.run(TestRunner.java:617)
                        	at org.testng.SuiteRunner.runTest(SuiteRunner.java:334)
                        	at org.testng.SuiteRunner.runSequentially(SuiteRunner.java:329)
                        	at org.testng.SuiteRunner.privateRun(SuiteRunner.java:291)
                        	at org.testng.SuiteRunner.run(SuiteRunner.java:240)
                        	at org.testng.SuiteRunnerWorker.runSuite(SuiteRunnerWorker.java:52)
                        	at org.testng.SuiteRunnerWorker.run(SuiteRunnerWorker.java:86)
                        	at org.testng.TestNG.runSuitesSequentially(TestNG.java:1224)
                        	at org.testng.TestNG.runSuitesLocally(TestNG.java:1149)
                        	at org.testng.TestNG.run(TestNG.java:1057)
                        	at org.testng.TestNG.privateMain(TestNG.java:1364)
                        	at org.testng.TestNG.main(TestNG.java:1333)
                     </pre>
                  </div>
               </td>
            </tr>
            <tr id="runThrghTestNG.TaskingTemplate_Back_button_functionality_on_Item_TaskTemplate_Listing_page_byStatus_failed_FAIL6_row"
                class="testMethodStatusFAIL">
               <td width="100%" class="firstMethodCell">
                  <a onclick="toggleDetailsVisibility('runThrghTestNG.TaskingTemplate_Back_button_functionality_on_Item_TaskTemplate_Listing_page_byStatus_failed_FAIL6_details')">Back_button_functionality_on_Item_TaskTemplate_Listing_page()</a>
               </td>
               <td nowrap="true">17:43:54</td>
               <td nowrap="true" align="right">16 ms
                  
               </td>
               <td nowrap="true">
                  <a onclick="toggleDetailsVisibility('runThrghTestNG.TaskingTemplate_Back_button_functionality_on_Item_TaskTemplate_Listing_page_byStatus_failed_FAIL6_exception')">org.openqa.selenium.NoSuchElementException: 
                     no such element
                     (Session info: chrome=40.0.2214.111)
                     (Driver info: chromedriver=2.9.248315,platform=Windows NT 6.1 SP1 x86_64) (WARNING: The server did not provide any stacktrace
                     information)
                     Command duration or timeout: 16 milliseconds
                     For documentation on this error, please visit: http://seleniumhq.org/exceptions/no_such_element.html
                     Build info: version: '2.32.0', revision: '6c40c18', time: '2013-04-09 17:23:22'
                     System info: os.name: 'Windows 7', os.arch: 'amd64', os.version: '6.1', java.version: '1.7.0_80-ea'
                     Session ID: f6d26dcffae9e23e4c8dda2e2b965de3
                     Driver info: org.openqa.selenium.chrome.ChromeDriver
                     Capabilities [{platform=XP, acceptSslCerts=true, javascriptEnabled=true, browserName=chrome, chrome={userDataDir=C:\Users\REENA~1.SHA\AppData\Local\Temp\scoped_dir940_23467},
                     rotatable=false, locationContextEnabled=true, version=40.0.2214.111, takesHeapSnapshot=true, cssSelectorsEnabled=true, databaseEnabled=false,
                     handlesAlerts=true, browserConnectionEnabled=false, webStorageEnabled=true, nativeEvents=true, applicationCacheEnabled=false,
                     takesScreenshot=true}]
                     
                  </a>
                   
                  
               </td>
            </tr>
            <tr>
               <td colspan="4" class="detailsBox">
                  <div id="runThrghTestNG.TaskingTemplate_Back_button_functionality_on_Item_TaskTemplate_Listing_page_byStatus_failed_FAIL6_details"
                       class="testMethodDetails">
                     <div>
                        <b>Name: </b>Back_button_functionality_on_Item_TaskTemplate_Listing_page
                     </div>
                     <div>
                        <b>Signature: </b>Back_button_functionality_on_Item_TaskTemplate_Listing_page()[pri:0, instance:runThrghTestNG.TaskingTemplate@42d34b8c]
                     </div>
                     <div>
                        <b>Start time: </b>17:43:54
                     </div>
                     <div>
                        <b>End time: </b>17:43:54
                     </div>
                     <div>
                        <b>Duration: </b>16 ms
                        
                     </div>
                  </div>
               </td>
            </tr>
            <tr>
               <td colspan="4" class="detailsBox">
                  <div id="runThrghTestNG.TaskingTemplate_Back_button_functionality_on_Item_TaskTemplate_Listing_page_byStatus_failed_FAIL6_exception"
                       class="testMethodDetails">
                     <pre style="padding: 5px; margin: 0;">org.openqa.selenium.NoSuchElementException: no such element
                        (Session info: chrome=40.0.2214.111)
                        (Driver info: chromedriver=2.9.248315,platform=Windows NT 6.1 SP1 x86_64) (WARNING: The server did not provide any stacktrace
                        information)
                        Command duration or timeout: 16 milliseconds
                        For documentation on this error, please visit: http://seleniumhq.org/exceptions/no_such_element.html
                        Build info: version: '2.32.0', revision: '6c40c18', time: '2013-04-09 17:23:22'
                        System info: os.name: 'Windows 7', os.arch: 'amd64', os.version: '6.1', java.version: '1.7.0_80-ea'
                        Session ID: f6d26dcffae9e23e4c8dda2e2b965de3
                        Driver info: org.openqa.selenium.chrome.ChromeDriver
                        Capabilities [{platform=XP, acceptSslCerts=true, javascriptEnabled=true, browserName=chrome, chrome={userDataDir=C:\Users\REENA~1.SHA\AppData\Local\Temp\scoped_dir940_23467},
                        rotatable=false, locationContextEnabled=true, version=40.0.2214.111, takesHeapSnapshot=true, cssSelectorsEnabled=true, databaseEnabled=false,
                        handlesAlerts=true, browserConnectionEnabled=false, webStorageEnabled=true, nativeEvents=true, applicationCacheEnabled=false,
                        takesScreenshot=true}]
                        	at sun.reflect.NativeConstructorAccessorImpl.newInstance0(Native Method)
                        	at sun.reflect.NativeConstructorAccessorImpl.newInstance(Unknown Source)
                        	at sun.reflect.DelegatingConstructorAccessorImpl.newInstance(Unknown Source)
                        	at java.lang.reflect.Constructor.newInstance(Unknown Source)
                        	at org.openqa.selenium.remote.ErrorHandler.createThrowable(ErrorHandler.java:187)
                        	at org.openqa.selenium.remote.ErrorHandler.throwIfResponseFailed(ErrorHandler.java:145)
                        	at org.openqa.selenium.remote.RemoteWebDriver.execute(RemoteWebDriver.java:554)
                        	at org.openqa.selenium.remote.RemoteWebDriver.findElement(RemoteWebDriver.java:307)
                        	at org.openqa.selenium.remote.RemoteWebDriver.findElementByXPath(RemoteWebDriver.java:404)
                        	at org.openqa.selenium.By$ByXPath.findElement(By.java:344)
                        	at org.openqa.selenium.remote.RemoteWebDriver.findElement(RemoteWebDriver.java:299)
                        	at runThrghTestNG.TaskingTemplate.Back_button_functionality_on_Item_TaskTemplate_Listing_page(TaskingTemplate.java:234)
                        	at sun.reflect.NativeMethodAccessorImpl.invoke0(Native Method)
                        	at sun.reflect.NativeMethodAccessorImpl.invoke(Unknown Source)
                        	at sun.reflect.DelegatingMethodAccessorImpl.invoke(Unknown Source)
                        	at java.lang.reflect.Method.invoke(Unknown Source)
                        	at org.testng.internal.MethodInvocationHelper.invokeMethod(MethodInvocationHelper.java:84)
                        	at org.testng.internal.Invoker.invokeMethod(Invoker.java:714)
                        	at org.testng.internal.Invoker.invokeTestMethod(Invoker.java:901)
                        	at org.testng.internal.Invoker.invokeTestMethods(Invoker.java:1231)
                        	at org.testng.internal.TestMethodWorker.invokeTestMethods(TestMethodWorker.java:127)
                        	at org.testng.internal.TestMethodWorker.run(TestMethodWorker.java:111)
                        	at org.testng.TestRunner.privateRun(TestRunner.java:767)
                        	at org.testng.TestRunner.run(TestRunner.java:617)
                        	at org.testng.SuiteRunner.runTest(SuiteRunner.java:334)
                        	at org.testng.SuiteRunner.runSequentially(SuiteRunner.java:329)
                        	at org.testng.SuiteRunner.privateRun(SuiteRunner.java:291)
                        	at org.testng.SuiteRunner.run(SuiteRunner.java:240)
                        	at org.testng.SuiteRunnerWorker.runSuite(SuiteRunnerWorker.java:52)
                        	at org.testng.SuiteRunnerWorker.run(SuiteRunnerWorker.java:86)
                        	at org.testng.TestNG.runSuitesSequentially(TestNG.java:1224)
                        	at org.testng.TestNG.runSuitesLocally(TestNG.java:1149)
                        	at org.testng.TestNG.run(TestNG.java:1057)
                        	at org.testng.TestNG.privateMain(TestNG.java:1364)
                        	at org.testng.TestNG.main(TestNG.java:1333)
                     </pre>
                  </div>
               </td>
            </tr>
            <tr id="runThrghTestNG.TaskingTemplate_Element_Verification_on_Item_TaskTemplate_Listing_page_byStatus_failed_FAIL7_row"
                class="testMethodStatusFAIL">
               <td width="100%" class="firstMethodCell">
                  <a onclick="toggleDetailsVisibility('runThrghTestNG.TaskingTemplate_Element_Verification_on_Item_TaskTemplate_Listing_page_byStatus_failed_FAIL7_details')">Element_Verification_on_Item_TaskTemplate_Listing_page()</a>
               </td>
               <td nowrap="true">17:43:54</td>
               <td nowrap="true" align="right">3s
                  
               </td>
               <td nowrap="true">
                  <a onclick="toggleDetailsVisibility('runThrghTestNG.TaskingTemplate_Element_Verification_on_Item_TaskTemplate_Listing_page_byStatus_failed_FAIL7_exception')">org.openqa.selenium.NoSuchElementException: 
                     no such element
                     (Session info: chrome=40.0.2214.111)
                     (Driver info: chromedriver=2.9.248315,platform=Windows NT 6.1 SP1 x86_64) (WARNING: The server did not provide any stacktrace
                     information)
                     Command duration or timeout: 25 milliseconds
                     For documentation on this error, please visit: http://seleniumhq.org/exceptions/no_such_element.html
                     Build info: version: '2.32.0', revision: '6c40c18', time: '2013-04-09 17:23:22'
                     System info: os.name: 'Windows 7', os.arch: 'amd64', os.version: '6.1', java.version: '1.7.0_80-ea'
                     Session ID: f6d26dcffae9e23e4c8dda2e2b965de3
                     Driver info: org.openqa.selenium.chrome.ChromeDriver
                     Capabilities [{platform=XP, acceptSslCerts=true, javascriptEnabled=true, browserName=chrome, chrome={userDataDir=C:\Users\REENA~1.SHA\AppData\Local\Temp\scoped_dir940_23467},
                     rotatable=false, locationContextEnabled=true, version=40.0.2214.111, takesHeapSnapshot=true, cssSelectorsEnabled=true, databaseEnabled=false,
                     handlesAlerts=true, browserConnectionEnabled=false, webStorageEnabled=true, nativeEvents=true, applicationCacheEnabled=false,
                     takesScreenshot=true}]
                     
                  </a>
                   
                  
               </td>
            </tr>
            <tr>
               <td colspan="4" class="detailsBox">
                  <div id="runThrghTestNG.TaskingTemplate_Element_Verification_on_Item_TaskTemplate_Listing_page_byStatus_failed_FAIL7_details"
                       class="testMethodDetails">
                     <div>
                        <b>Name: </b>Element_Verification_on_Item_TaskTemplate_Listing_page
                     </div>
                     <div>
                        <b>Signature: </b>Element_Verification_on_Item_TaskTemplate_Listing_page()[pri:0, instance:runThrghTestNG.TaskingTemplate@42d34b8c]
                     </div>
                     <div>
                        <b>Start time: </b>17:43:54
                     </div>
                     <div>
                        <b>End time: </b>17:43:58
                     </div>
                     <div>
                        <b>Duration: </b>3s
                        
                     </div>
                  </div>
               </td>
            </tr>
            <tr>
               <td colspan="4" class="detailsBox">
                  <div id="runThrghTestNG.TaskingTemplate_Element_Verification_on_Item_TaskTemplate_Listing_page_byStatus_failed_FAIL7_exception"
                       class="testMethodDetails">
                     <pre style="padding: 5px; margin: 0;">org.openqa.selenium.NoSuchElementException: no such element
                        (Session info: chrome=40.0.2214.111)
                        (Driver info: chromedriver=2.9.248315,platform=Windows NT 6.1 SP1 x86_64) (WARNING: The server did not provide any stacktrace
                        information)
                        Command duration or timeout: 25 milliseconds
                        For documentation on this error, please visit: http://seleniumhq.org/exceptions/no_such_element.html
                        Build info: version: '2.32.0', revision: '6c40c18', time: '2013-04-09 17:23:22'
                        System info: os.name: 'Windows 7', os.arch: 'amd64', os.version: '6.1', java.version: '1.7.0_80-ea'
                        Session ID: f6d26dcffae9e23e4c8dda2e2b965de3
                        Driver info: org.openqa.selenium.chrome.ChromeDriver
                        Capabilities [{platform=XP, acceptSslCerts=true, javascriptEnabled=true, browserName=chrome, chrome={userDataDir=C:\Users\REENA~1.SHA\AppData\Local\Temp\scoped_dir940_23467},
                        rotatable=false, locationContextEnabled=true, version=40.0.2214.111, takesHeapSnapshot=true, cssSelectorsEnabled=true, databaseEnabled=false,
                        handlesAlerts=true, browserConnectionEnabled=false, webStorageEnabled=true, nativeEvents=true, applicationCacheEnabled=false,
                        takesScreenshot=true}]
                        	at sun.reflect.NativeConstructorAccessorImpl.newInstance0(Native Method)
                        	at sun.reflect.NativeConstructorAccessorImpl.newInstance(Unknown Source)
                        	at sun.reflect.DelegatingConstructorAccessorImpl.newInstance(Unknown Source)
                        	at java.lang.reflect.Constructor.newInstance(Unknown Source)
                        	at org.openqa.selenium.remote.ErrorHandler.createThrowable(ErrorHandler.java:187)
                        	at org.openqa.selenium.remote.ErrorHandler.throwIfResponseFailed(ErrorHandler.java:145)
                        	at org.openqa.selenium.remote.RemoteWebDriver.execute(RemoteWebDriver.java:554)
                        	at org.openqa.selenium.remote.RemoteWebDriver.findElement(RemoteWebDriver.java:307)
                        	at org.openqa.selenium.remote.RemoteWebDriver.findElementByXPath(RemoteWebDriver.java:404)
                        	at org.openqa.selenium.By$ByXPath.findElement(By.java:344)
                        	at org.openqa.selenium.remote.RemoteWebDriver.findElement(RemoteWebDriver.java:299)
                        	at runThrghTestNG.TaskingTemplate.Element_Verification_on_Item_TaskTemplate_Listing_page(TaskingTemplate.java:251)
                        	at sun.reflect.NativeMethodAccessorImpl.invoke0(Native Method)
                        	at sun.reflect.NativeMethodAccessorImpl.invoke(Unknown Source)
                        	at sun.reflect.DelegatingMethodAccessorImpl.invoke(Unknown Source)
                        	at java.lang.reflect.Method.invoke(Unknown Source)
                        	at org.testng.internal.MethodInvocationHelper.invokeMethod(MethodInvocationHelper.java:84)
                        	at org.testng.internal.Invoker.invokeMethod(Invoker.java:714)
                        	at org.testng.internal.Invoker.invokeTestMethod(Invoker.java:901)
                        	at org.testng.internal.Invoker.invokeTestMethods(Invoker.java:1231)
                        	at org.testng.internal.TestMethodWorker.invokeTestMethods(TestMethodWorker.java:127)
                        	at org.testng.internal.TestMethodWorker.run(TestMethodWorker.java:111)
                        	at org.testng.TestRunner.privateRun(TestRunner.java:767)
                        	at org.testng.TestRunner.run(TestRunner.java:617)
                        	at org.testng.SuiteRunner.runTest(SuiteRunner.java:334)
                        	at org.testng.SuiteRunner.runSequentially(SuiteRunner.java:329)
                        	at org.testng.SuiteRunner.privateRun(SuiteRunner.java:291)
                        	at org.testng.SuiteRunner.run(SuiteRunner.java:240)
                        	at org.testng.SuiteRunnerWorker.runSuite(SuiteRunnerWorker.java:52)
                        	at org.testng.SuiteRunnerWorker.run(SuiteRunnerWorker.java:86)
                        	at org.testng.TestNG.runSuitesSequentially(TestNG.java:1224)
                        	at org.testng.TestNG.runSuitesLocally(TestNG.java:1149)
                        	at org.testng.TestNG.run(TestNG.java:1057)
                        	at org.testng.TestNG.privateMain(TestNG.java:1364)
                        	at org.testng.TestNG.main(TestNG.java:1333)
                     </pre>
                  </div>
               </td>
            </tr>
            <tr id="runThrghTestNG.TaskingTemplate_Check_validation_for_New_Task_fields_on_Tasking_Template_Item_byStatus_failed_FAIL8_row"
                class="testMethodStatusFAIL">
               <td width="100%" class="firstMethodCell">
                  <a onclick="toggleDetailsVisibility('runThrghTestNG.TaskingTemplate_Check_validation_for_New_Task_fields_on_Tasking_Template_Item_byStatus_failed_FAIL8_details')">Check_validation_for_New_Task_fields_on_Tasking_Template_Item()</a>
               </td>
               <td nowrap="true">17:44:01</td>
               <td nowrap="true" align="right">16 ms
                  
               </td>
               <td nowrap="true">
                  <a onclick="toggleDetailsVisibility('runThrghTestNG.TaskingTemplate_Check_validation_for_New_Task_fields_on_Tasking_Template_Item_byStatus_failed_FAIL8_exception')">org.openqa.selenium.NoSuchElementException: 
                     no such element
                     (Session info: chrome=40.0.2214.111)
                     (Driver info: chromedriver=2.9.248315,platform=Windows NT 6.1 SP1 x86_64) (WARNING: The server did not provide any stacktrace
                     information)
                     Command duration or timeout: 14 milliseconds
                     For documentation on this error, please visit: http://seleniumhq.org/exceptions/no_such_element.html
                     Build info: version: '2.32.0', revision: '6c40c18', time: '2013-04-09 17:23:22'
                     System info: os.name: 'Windows 7', os.arch: 'amd64', os.version: '6.1', java.version: '1.7.0_80-ea'
                     Session ID: f6d26dcffae9e23e4c8dda2e2b965de3
                     Driver info: org.openqa.selenium.chrome.ChromeDriver
                     Capabilities [{platform=XP, acceptSslCerts=true, javascriptEnabled=true, browserName=chrome, chrome={userDataDir=C:\Users\REENA~1.SHA\AppData\Local\Temp\scoped_dir940_23467},
                     rotatable=false, locationContextEnabled=true, version=40.0.2214.111, takesHeapSnapshot=true, cssSelectorsEnabled=true, databaseEnabled=false,
                     handlesAlerts=true, browserConnectionEnabled=false, webStorageEnabled=true, nativeEvents=true, applicationCacheEnabled=false,
                     takesScreenshot=true}]
                     
                  </a>
                   
                  
               </td>
            </tr>
            <tr>
               <td colspan="4" class="detailsBox">
                  <div id="runThrghTestNG.TaskingTemplate_Check_validation_for_New_Task_fields_on_Tasking_Template_Item_byStatus_failed_FAIL8_details"
                       class="testMethodDetails">
                     <div>
                        <b>Name: </b>Check_validation_for_New_Task_fields_on_Tasking_Template_Item
                     </div>
                     <div>
                        <b>Signature: </b>Check_validation_for_New_Task_fields_on_Tasking_Template_Item()[pri:0, instance:runThrghTestNG.TaskingTemplate@42d34b8c]
                     </div>
                     <div>
                        <b>Start time: </b>17:44:01
                     </div>
                     <div>
                        <b>End time: </b>17:44:01
                     </div>
                     <div>
                        <b>Duration: </b>16 ms
                        
                     </div>
                  </div>
               </td>
            </tr>
            <tr>
               <td colspan="4" class="detailsBox">
                  <div id="runThrghTestNG.TaskingTemplate_Check_validation_for_New_Task_fields_on_Tasking_Template_Item_byStatus_failed_FAIL8_exception"
                       class="testMethodDetails">
                     <pre style="padding: 5px; margin: 0;">org.openqa.selenium.NoSuchElementException: no such element
                        (Session info: chrome=40.0.2214.111)
                        (Driver info: chromedriver=2.9.248315,platform=Windows NT 6.1 SP1 x86_64) (WARNING: The server did not provide any stacktrace
                        information)
                        Command duration or timeout: 14 milliseconds
                        For documentation on this error, please visit: http://seleniumhq.org/exceptions/no_such_element.html
                        Build info: version: '2.32.0', revision: '6c40c18', time: '2013-04-09 17:23:22'
                        System info: os.name: 'Windows 7', os.arch: 'amd64', os.version: '6.1', java.version: '1.7.0_80-ea'
                        Session ID: f6d26dcffae9e23e4c8dda2e2b965de3
                        Driver info: org.openqa.selenium.chrome.ChromeDriver
                        Capabilities [{platform=XP, acceptSslCerts=true, javascriptEnabled=true, browserName=chrome, chrome={userDataDir=C:\Users\REENA~1.SHA\AppData\Local\Temp\scoped_dir940_23467},
                        rotatable=false, locationContextEnabled=true, version=40.0.2214.111, takesHeapSnapshot=true, cssSelectorsEnabled=true, databaseEnabled=false,
                        handlesAlerts=true, browserConnectionEnabled=false, webStorageEnabled=true, nativeEvents=true, applicationCacheEnabled=false,
                        takesScreenshot=true}]
                        	at sun.reflect.NativeConstructorAccessorImpl.newInstance0(Native Method)
                        	at sun.reflect.NativeConstructorAccessorImpl.newInstance(Unknown Source)
                        	at sun.reflect.DelegatingConstructorAccessorImpl.newInstance(Unknown Source)
                        	at java.lang.reflect.Constructor.newInstance(Unknown Source)
                        	at org.openqa.selenium.remote.ErrorHandler.createThrowable(ErrorHandler.java:187)
                        	at org.openqa.selenium.remote.ErrorHandler.throwIfResponseFailed(ErrorHandler.java:145)
                        	at org.openqa.selenium.remote.RemoteWebDriver.execute(RemoteWebDriver.java:554)
                        	at org.openqa.selenium.remote.RemoteWebDriver.findElement(RemoteWebDriver.java:307)
                        	at org.openqa.selenium.remote.RemoteWebDriver.findElementByXPath(RemoteWebDriver.java:404)
                        	at org.openqa.selenium.By$ByXPath.findElement(By.java:344)
                        	at org.openqa.selenium.remote.RemoteWebDriver.findElement(RemoteWebDriver.java:299)
                        	at runThrghTestNG.TaskingTemplate.Check_validation_for_New_Task_fields_on_Tasking_Template_Item(TaskingTemplate.java:353)
                        	at sun.reflect.NativeMethodAccessorImpl.invoke0(Native Method)
                        	at sun.reflect.NativeMethodAccessorImpl.invoke(Unknown Source)
                        	at sun.reflect.DelegatingMethodAccessorImpl.invoke(Unknown Source)
                        	at java.lang.reflect.Method.invoke(Unknown Source)
                        	at org.testng.internal.MethodInvocationHelper.invokeMethod(MethodInvocationHelper.java:84)
                        	at org.testng.internal.Invoker.invokeMethod(Invoker.java:714)
                        	at org.testng.internal.Invoker.invokeTestMethod(Invoker.java:901)
                        	at org.testng.internal.Invoker.invokeTestMethods(Invoker.java:1231)
                        	at org.testng.internal.TestMethodWorker.invokeTestMethods(TestMethodWorker.java:127)
                        	at org.testng.internal.TestMethodWorker.run(TestMethodWorker.java:111)
                        	at org.testng.TestRunner.privateRun(TestRunner.java:767)
                        	at org.testng.TestRunner.run(TestRunner.java:617)
                        	at org.testng.SuiteRunner.runTest(SuiteRunner.java:334)
                        	at org.testng.SuiteRunner.runSequentially(SuiteRunner.java:329)
                        	at org.testng.SuiteRunner.privateRun(SuiteRunner.java:291)
                        	at org.testng.SuiteRunner.run(SuiteRunner.java:240)
                        	at org.testng.SuiteRunnerWorker.runSuite(SuiteRunnerWorker.java:52)
                        	at org.testng.SuiteRunnerWorker.run(SuiteRunnerWorker.java:86)
                        	at org.testng.TestNG.runSuitesSequentially(TestNG.java:1224)
                        	at org.testng.TestNG.runSuitesLocally(TestNG.java:1149)
                        	at org.testng.TestNG.run(TestNG.java:1057)
                        	at org.testng.TestNG.privateMain(TestNG.java:1364)
                        	at org.testng.TestNG.main(TestNG.java:1333)
                     </pre>
                  </div>
               </td>
            </tr>
            <tr id="runThrghTestNG.TaskingTemplate_Adition_of_New_Task_on_Tasking_Template_Item_byStatus_failed_FAIL9_row"
                class="testMethodStatusFAIL">
               <td width="100%" class="firstMethodCell">
                  <a onclick="toggleDetailsVisibility('runThrghTestNG.TaskingTemplate_Adition_of_New_Task_on_Tasking_Template_Item_byStatus_failed_FAIL9_details')">Adition_of_New_Task_on_Tasking_Template_Item()</a>
               </td>
               <td nowrap="true">17:44:01</td>
               <td nowrap="true" align="right">9 ms
                  
               </td>
               <td nowrap="true">
                  <a onclick="toggleDetailsVisibility('runThrghTestNG.TaskingTemplate_Adition_of_New_Task_on_Tasking_Template_Item_byStatus_failed_FAIL9_exception')">org.openqa.selenium.NoSuchElementException: 
                     no such element
                     (Session info: chrome=40.0.2214.111)
                     (Driver info: chromedriver=2.9.248315,platform=Windows NT 6.1 SP1 x86_64) (WARNING: The server did not provide any stacktrace
                     information)
                     Command duration or timeout: 9 milliseconds
                     For documentation on this error, please visit: http://seleniumhq.org/exceptions/no_such_element.html
                     Build info: version: '2.32.0', revision: '6c40c18', time: '2013-04-09 17:23:22'
                     System info: os.name: 'Windows 7', os.arch: 'amd64', os.version: '6.1', java.version: '1.7.0_80-ea'
                     Session ID: f6d26dcffae9e23e4c8dda2e2b965de3
                     Driver info: org.openqa.selenium.chrome.ChromeDriver
                     Capabilities [{platform=XP, acceptSslCerts=true, javascriptEnabled=true, browserName=chrome, chrome={userDataDir=C:\Users\REENA~1.SHA\AppData\Local\Temp\scoped_dir940_23467},
                     rotatable=false, locationContextEnabled=true, version=40.0.2214.111, takesHeapSnapshot=true, cssSelectorsEnabled=true, databaseEnabled=false,
                     handlesAlerts=true, browserConnectionEnabled=false, webStorageEnabled=true, nativeEvents=true, applicationCacheEnabled=false,
                     takesScreenshot=true}]
                     
                  </a>
                   
                  
               </td>
            </tr>
            <tr>
               <td colspan="4" class="detailsBox">
                  <div id="runThrghTestNG.TaskingTemplate_Adition_of_New_Task_on_Tasking_Template_Item_byStatus_failed_FAIL9_details"
                       class="testMethodDetails">
                     <div>
                        <b>Name: </b>Adition_of_New_Task_on_Tasking_Template_Item
                     </div>
                     <div>
                        <b>Signature: </b>Adition_of_New_Task_on_Tasking_Template_Item()[pri:0, instance:runThrghTestNG.TaskingTemplate@42d34b8c]
                     </div>
                     <div>
                        <b>Start time: </b>17:44:01
                     </div>
                     <div>
                        <b>End time: </b>17:44:01
                     </div>
                     <div>
                        <b>Duration: </b>9 ms
                        
                     </div>
                  </div>
               </td>
            </tr>
            <tr>
               <td colspan="4" class="detailsBox">
                  <div id="runThrghTestNG.TaskingTemplate_Adition_of_New_Task_on_Tasking_Template_Item_byStatus_failed_FAIL9_exception"
                       class="testMethodDetails">
                     <pre style="padding: 5px; margin: 0;">org.openqa.selenium.NoSuchElementException: no such element
                        (Session info: chrome=40.0.2214.111)
                        (Driver info: chromedriver=2.9.248315,platform=Windows NT 6.1 SP1 x86_64) (WARNING: The server did not provide any stacktrace
                        information)
                        Command duration or timeout: 9 milliseconds
                        For documentation on this error, please visit: http://seleniumhq.org/exceptions/no_such_element.html
                        Build info: version: '2.32.0', revision: '6c40c18', time: '2013-04-09 17:23:22'
                        System info: os.name: 'Windows 7', os.arch: 'amd64', os.version: '6.1', java.version: '1.7.0_80-ea'
                        Session ID: f6d26dcffae9e23e4c8dda2e2b965de3
                        Driver info: org.openqa.selenium.chrome.ChromeDriver
                        Capabilities [{platform=XP, acceptSslCerts=true, javascriptEnabled=true, browserName=chrome, chrome={userDataDir=C:\Users\REENA~1.SHA\AppData\Local\Temp\scoped_dir940_23467},
                        rotatable=false, locationContextEnabled=true, version=40.0.2214.111, takesHeapSnapshot=true, cssSelectorsEnabled=true, databaseEnabled=false,
                        handlesAlerts=true, browserConnectionEnabled=false, webStorageEnabled=true, nativeEvents=true, applicationCacheEnabled=false,
                        takesScreenshot=true}]
                        	at sun.reflect.NativeConstructorAccessorImpl.newInstance0(Native Method)
                        	at sun.reflect.NativeConstructorAccessorImpl.newInstance(Unknown Source)
                        	at sun.reflect.DelegatingConstructorAccessorImpl.newInstance(Unknown Source)
                        	at java.lang.reflect.Constructor.newInstance(Unknown Source)
                        	at org.openqa.selenium.remote.ErrorHandler.createThrowable(ErrorHandler.java:187)
                        	at org.openqa.selenium.remote.ErrorHandler.throwIfResponseFailed(ErrorHandler.java:145)
                        	at org.openqa.selenium.remote.RemoteWebDriver.execute(RemoteWebDriver.java:554)
                        	at org.openqa.selenium.remote.RemoteWebDriver.findElement(RemoteWebDriver.java:307)
                        	at org.openqa.selenium.remote.RemoteWebDriver.findElementByXPath(RemoteWebDriver.java:404)
                        	at org.openqa.selenium.By$ByXPath.findElement(By.java:344)
                        	at org.openqa.selenium.remote.RemoteWebDriver.findElement(RemoteWebDriver.java:299)
                        	at runThrghTestNG.TaskingTemplate.Adition_of_New_Task_on_Tasking_Template_Item(TaskingTemplate.java:376)
                        	at sun.reflect.NativeMethodAccessorImpl.invoke0(Native Method)
                        	at sun.reflect.NativeMethodAccessorImpl.invoke(Unknown Source)
                        	at sun.reflect.DelegatingMethodAccessorImpl.invoke(Unknown Source)
                        	at java.lang.reflect.Method.invoke(Unknown Source)
                        	at org.testng.internal.MethodInvocationHelper.invokeMethod(MethodInvocationHelper.java:84)
                        	at org.testng.internal.Invoker.invokeMethod(Invoker.java:714)
                        	at org.testng.internal.Invoker.invokeTestMethod(Invoker.java:901)
                        	at org.testng.internal.Invoker.invokeTestMethods(Invoker.java:1231)
                        	at org.testng.internal.TestMethodWorker.invokeTestMethods(TestMethodWorker.java:127)
                        	at org.testng.internal.TestMethodWorker.run(TestMethodWorker.java:111)
                        	at org.testng.TestRunner.privateRun(TestRunner.java:767)
                        	at org.testng.TestRunner.run(TestRunner.java:617)
                        	at org.testng.SuiteRunner.runTest(SuiteRunner.java:334)
                        	at org.testng.SuiteRunner.runSequentially(SuiteRunner.java:329)
                        	at org.testng.SuiteRunner.privateRun(SuiteRunner.java:291)
                        	at org.testng.SuiteRunner.run(SuiteRunner.java:240)
                        	at org.testng.SuiteRunnerWorker.runSuite(SuiteRunnerWorker.java:52)
                        	at org.testng.SuiteRunnerWorker.run(SuiteRunnerWorker.java:86)
                        	at org.testng.TestNG.runSuitesSequentially(TestNG.java:1224)
                        	at org.testng.TestNG.runSuitesLocally(TestNG.java:1149)
                        	at org.testng.TestNG.run(TestNG.java:1057)
                        	at org.testng.TestNG.privateMain(TestNG.java:1364)
                        	at org.testng.TestNG.main(TestNG.java:1333)
                     </pre>
                  </div>
               </td>
            </tr>
            <tr id="runThrghTestNG.TaskingTemplate_initObjects_byStatus_passed_PASS1_row"
                class="testMethodStatusPASS testMethodStatusCONF">
               <td width="100%" class="firstMethodCell">
                  <a onclick="toggleDetailsVisibility('runThrghTestNG.TaskingTemplate_initObjects_byStatus_passed_PASS1_details')">initObjects()</a>
               </td>
               <td nowrap="true">17:42:35</td>
               <td nowrap="true" align="right">15 ms
                  
               </td>
               <td nowrap="true">
                   
                  
               </td>
            </tr>
            <tr>
               <td colspan="4" class="detailsBox">
                  <div id="runThrghTestNG.TaskingTemplate_initObjects_byStatus_passed_PASS1_details"
                       class="testMethodDetails">
                     <div>
                        <b>Name: </b>initObjects
                     </div>
                     <div>
                        <b>Signature: </b>initObjects()[pri:0, instance:runThrghTestNG.TaskingTemplate@42d34b8c]
                     </div>
                     <div>
                        <b>Start time: </b>17:42:35
                     </div>
                     <div>
                        <b>End time: </b>17:42:35
                     </div>
                     <div>
                        <b>Duration: </b>15 ms
                        
                     </div>
                  </div>
               </td>
            </tr>
            <tr></tr>
            <tr id="runThrghTestNG.TaskingTemplate_initConfigurations_byStatus_passed_PASS2_row"
                class="testMethodStatusPASS testMethodStatusCONF">
               <td width="100%" class="firstMethodCell">
                  <a onclick="toggleDetailsVisibility('runThrghTestNG.TaskingTemplate_initConfigurations_byStatus_passed_PASS2_details')">initConfigurations()</a>
               </td>
               <td nowrap="true">17:42:35</td>
               <td nowrap="true" align="right">0 ms
                  
               </td>
               <td nowrap="true">
                   
                  
               </td>
            </tr>
            <tr>
               <td colspan="4" class="detailsBox">
                  <div id="runThrghTestNG.TaskingTemplate_initConfigurations_byStatus_passed_PASS2_details"
                       class="testMethodDetails">
                     <div>
                        <b>Name: </b>initConfigurations
                     </div>
                     <div>
                        <b>Signature: </b>initConfigurations()[pri:0, instance:runThrghTestNG.TaskingTemplate@42d34b8c]
                     </div>
                     <div>
                        <b>Start time: </b>17:42:35
                     </div>
                     <div>
                        <b>End time: </b>17:42:35
                     </div>
                     <div>
                        <b>Duration: </b>0 ms
                        
                     </div>
                  </div>
               </td>
            </tr>
            <tr></tr>
            <tr id="runThrghTestNG.TaskingTemplate_setUp_byStatus_passed_PASS3_row"
                class="testMethodStatusPASS testMethodStatusCONF">
               <td width="100%" class="firstMethodCell">
                  <a onclick="toggleDetailsVisibility('runThrghTestNG.TaskingTemplate_setUp_byStatus_passed_PASS3_details')">setUp(https://bbqubed.tbsmga.com/Connect/Default.aspx
                     
                     ,
                     
                     ${environment}
                     
                     ,
                     
                     chrome
                     
                     ,
                     
                     TaskingTemplateTests)
                  </a>
               </td>
               <td nowrap="true">17:42:35</td>
               <td nowrap="true" align="right">13s
                  
               </td>
               <td nowrap="true">
                   
                  
               </td>
            </tr>
            <tr>
               <td colspan="4" class="detailsBox">
                  <div id="runThrghTestNG.TaskingTemplate_setUp_byStatus_passed_PASS3_details"
                       class="testMethodDetails">
                     <div>
                        <b>Name: </b>setUp
                     </div>
                     <div>
                        <b>Signature: </b>setUp(java.lang.String, java.lang.String, java.lang.String, java.lang.String)[pri:0, instance:runThrghTestNG.TaskingTemplate@42d34b8c]
                     </div>
                     <div>
                        <b>Parameters: </b>
                        
                        https://bbqubed.tbsmga.com/Connect/Default.aspx
                        
                        ,
                        
                        ${environment}
                        
                        ,
                        
                        chrome
                        
                        ,
                        
                        TaskingTemplateTests
                        
                        
                     </div>
                     <div>
                        <b>Start time: </b>17:42:35
                     </div>
                     <div>
                        <b>End time: </b>17:42:49
                     </div>
                     <div>
                        <b>Duration: </b>13s
                        
                     </div>
                  </div>
               </td>
            </tr>
            <tr></tr>
            <tr id="runThrghTestNG.TaskingTemplate_Navigation_of_TaskTemplate_Listing_page_byStatus_passed_PASS4_row"
                class="testMethodStatusPASS">
               <td width="100%" class="firstMethodCell">
                  <a onclick="toggleDetailsVisibility('runThrghTestNG.TaskingTemplate_Navigation_of_TaskTemplate_Listing_page_byStatus_passed_PASS4_details')">Navigation_of_TaskTemplate_Listing_page()</a>
               </td>
               <td nowrap="true">17:42:49</td>
               <td nowrap="true" align="right">41s
                  
               </td>
               <td nowrap="true">
                   
                  
               </td>
            </tr>
            <tr>
               <td colspan="4" class="detailsBox">
                  <div id="runThrghTestNG.TaskingTemplate_Navigation_of_TaskTemplate_Listing_page_byStatus_passed_PASS4_details"
                       class="testMethodDetails">
                     <div>
                        <b>Name: </b>Navigation_of_TaskTemplate_Listing_page
                     </div>
                     <div>
                        <b>Signature: </b>Navigation_of_TaskTemplate_Listing_page()[pri:0, instance:runThrghTestNG.TaskingTemplate@42d34b8c]
                     </div>
                     <div>
                        <b>Start time: </b>17:42:49
                     </div>
                     <div>
                        <b>End time: </b>17:43:31
                     </div>
                     <div>
                        <b>Duration: </b>41s
                        
                     </div>
                  </div>
               </td>
            </tr>
            <tr></tr>
            <tr id="runThrghTestNG.TaskingTemplate_Element_Verification_on_TaskTemplate_Listing_page_byStatus_passed_PASS5_row"
                class="testMethodStatusPASS">
               <td width="100%" class="firstMethodCell">
                  <a onclick="toggleDetailsVisibility('runThrghTestNG.TaskingTemplate_Element_Verification_on_TaskTemplate_Listing_page_byStatus_passed_PASS5_details')">Element_Verification_on_TaskTemplate_Listing_page()</a>
               </td>
               <td nowrap="true">17:43:31</td>
               <td nowrap="true" align="right">3s
                  
               </td>
               <td nowrap="true">
                   
                  
               </td>
            </tr>
            <tr>
               <td colspan="4" class="detailsBox">
                  <div id="runThrghTestNG.TaskingTemplate_Element_Verification_on_TaskTemplate_Listing_page_byStatus_passed_PASS5_details"
                       class="testMethodDetails">
                     <div>
                        <b>Name: </b>Element_Verification_on_TaskTemplate_Listing_page
                     </div>
                     <div>
                        <b>Signature: </b>Element_Verification_on_TaskTemplate_Listing_page()[pri:0, instance:runThrghTestNG.TaskingTemplate@42d34b8c]
                     </div>
                     <div>
                        <b>Start time: </b>17:43:31
                     </div>
                     <div>
                        <b>End time: </b>17:43:34
                     </div>
                     <div>
                        <b>Duration: </b>3s
                        
                     </div>
                  </div>
               </td>
            </tr>
            <tr></tr>
            <tr id="runThrghTestNG.TaskingTemplate_Validation_check_for_manadataory_fields_on_TaskTemplate_on_Listing_page_for_new_record_byStatus_passed_PASS6_row"
                class="testMethodStatusPASS">
               <td width="100%" class="firstMethodCell">
                  <a onclick="toggleDetailsVisibility('runThrghTestNG.TaskingTemplate_Validation_check_for_manadataory_fields_on_TaskTemplate_on_Listing_page_for_new_record_byStatus_passed_PASS6_details')">Validation_check_for_manadataory_fields_on_TaskTemplate_on_Listing_page_for_new_record()</a>
               </td>
               <td nowrap="true">17:43:34</td>
               <td nowrap="true" align="right">6s
                  
               </td>
               <td nowrap="true">
                   
                  
               </td>
            </tr>
            <tr>
               <td colspan="4" class="detailsBox">
                  <div id="runThrghTestNG.TaskingTemplate_Validation_check_for_manadataory_fields_on_TaskTemplate_on_Listing_page_for_new_record_byStatus_passed_PASS6_details"
                       class="testMethodDetails">
                     <div>
                        <b>Name: </b>Validation_check_for_manadataory_fields_on_TaskTemplate_on_Listing_page_for_new_record
                     </div>
                     <div>
                        <b>Signature: </b>Validation_check_for_manadataory_fields_on_TaskTemplate_on_Listing_page_for_new_record()[pri:0, instance:runThrghTestNG.TaskingTemplate@42d34b8c]
                     </div>
                     <div>
                        <b>Start time: </b>17:43:34
                     </div>
                     <div>
                        <b>End time: </b>17:43:40
                     </div>
                     <div>
                        <b>Duration: </b>6s
                        
                     </div>
                  </div>
               </td>
            </tr>
            <tr></tr>
            <tr id="runThrghTestNG.TaskingTemplate_Delete_button_functionality_on_TaskTemplate_Listing_page_byStatus_passed_PASS7_row"
                class="testMethodStatusPASS">
               <td width="100%" class="firstMethodCell">
                  <a onclick="toggleDetailsVisibility('runThrghTestNG.TaskingTemplate_Delete_button_functionality_on_TaskTemplate_Listing_page_byStatus_passed_PASS7_details')">Delete_button_functionality_on_TaskTemplate_Listing_page()</a>
               </td>
               <td nowrap="true">17:43:47</td>
               <td nowrap="true" align="right">7s
                  
               </td>
               <td nowrap="true">
                   
                  
               </td>
            </tr>
            <tr>
               <td colspan="4" class="detailsBox">
                  <div id="runThrghTestNG.TaskingTemplate_Delete_button_functionality_on_TaskTemplate_Listing_page_byStatus_passed_PASS7_details"
                       class="testMethodDetails">
                     <div>
                        <b>Name: </b>Delete_button_functionality_on_TaskTemplate_Listing_page
                     </div>
                     <div>
                        <b>Signature: </b>Delete_button_functionality_on_TaskTemplate_Listing_page()[pri:0, instance:runThrghTestNG.TaskingTemplate@42d34b8c]
                     </div>
                     <div>
                        <b>Start time: </b>17:43:47
                     </div>
                     <div>
                        <b>End time: </b>17:43:54
                     </div>
                     <div>
                        <b>Duration: </b>7s
                        
                     </div>
                  </div>
               </td>
            </tr>
            <tr></tr>
            <tr id="runThrghTestNG.TaskingTemplate_Check_status_on_Item_TaskTemplate_Listing_page_no_task_present_byStatus_passed_PASS8_row"
                class="testMethodStatusPASS">
               <td width="100%" class="firstMethodCell">
                  <a onclick="toggleDetailsVisibility('runThrghTestNG.TaskingTemplate_Check_status_on_Item_TaskTemplate_Listing_page_no_task_present_byStatus_passed_PASS8_details')">Check_status_on_Item_TaskTemplate_Listing_page_no_task_present()</a>
               </td>
               <td nowrap="true">17:43:58</td>
               <td nowrap="true" align="right">3s
                  
               </td>
               <td nowrap="true">
                   
                  
               </td>
            </tr>
            <tr>
               <td colspan="4" class="detailsBox">
                  <div id="runThrghTestNG.TaskingTemplate_Check_status_on_Item_TaskTemplate_Listing_page_no_task_present_byStatus_passed_PASS8_details"
                       class="testMethodDetails">
                     <div>
                        <b>Name: </b>Check_status_on_Item_TaskTemplate_Listing_page_no_task_present
                     </div>
                     <div>
                        <b>Signature: </b>Check_status_on_Item_TaskTemplate_Listing_page_no_task_present()[pri:0, instance:runThrghTestNG.TaskingTemplate@42d34b8c]
                     </div>
                     <div>
                        <b>Start time: </b>17:43:58
                     </div>
                     <div>
                        <b>End time: </b>17:44:01
                     </div>
                     <div>
                        <b>Duration: </b>3s
                        
                     </div>
                  </div>
               </td>
            </tr>
            <tr></tr>
            <tr id="runThrghTestNG.TaskingTemplate_tearDown_byStatus_passed_PASS9_row"
                class="testMethodStatusPASS testMethodStatusCONF">
               <td width="100%" class="firstMethodCell">
                  <a onclick="toggleDetailsVisibility('runThrghTestNG.TaskingTemplate_tearDown_byStatus_passed_PASS9_details')">tearDown()</a>
               </td>
               <td nowrap="true">17:44:02</td>
               <td nowrap="true" align="right">1s
                  
               </td>
               <td nowrap="true">
                   
                  
               </td>
            </tr>
            <tr>
               <td colspan="4" class="detailsBox">
                  <div id="runThrghTestNG.TaskingTemplate_tearDown_byStatus_passed_PASS9_details"
                       class="testMethodDetails">
                     <div>
                        <b>Name: </b>tearDown
                     </div>
                     <div>
                        <b>Signature: </b>tearDown()[pri:0, instance:runThrghTestNG.TaskingTemplate@42d34b8c]
                     </div>
                     <div>
                        <b>Start time: </b>17:44:02
                     </div>
                     <div>
                        <b>End time: </b>17:44:03
                     </div>
                     <div>
                        <b>Duration: </b>1s
                        
                     </div>
                  </div>
               </td>
            </tr>
            <tr></tr>
         </table>
      </div>
      <div id="testMethodsByClass">
         <table class="testMethodsTable" cellpadding="0" cellspacing="0">
            <tr>
               <td colspan="4">
                  <h3 style="display: inline;">runThrghTestNG.TaskingTemplate</h3>
               </td>
            </tr>
            <tr class="methodsTableHeader">
               <td width="100%">Name</td>
               <td nowrap="true">Started</td>
               <td nowrap="true">Duration</td>
               <td>Exception</td>
            </tr>
            <tr id="runThrghTestNG.TaskingTemplate_initObjects_byClass_PASS1_row"
                class="testMethodStatusPASS testMethodStatusCONF">
               <td width="100%" class="firstMethodCell">
                  <a onclick="toggleDetailsVisibility('runThrghTestNG.TaskingTemplate_initObjects_byClass_PASS1_details')">initObjects()</a>
               </td>
               <td nowrap="true">17:42:35</td>
               <td nowrap="true" align="right">15 ms
                  
               </td>
               <td nowrap="true">
                   
                  
               </td>
            </tr>
            <tr>
               <td colspan="4" class="detailsBox">
                  <div id="runThrghTestNG.TaskingTemplate_initObjects_byClass_PASS1_details"
                       class="testMethodDetails">
                     <div>
                        <b>Name: </b>initObjects
                     </div>
                     <div>
                        <b>Signature: </b>initObjects()[pri:0, instance:runThrghTestNG.TaskingTemplate@42d34b8c]
                     </div>
                     <div>
                        <b>Start time: </b>17:42:35
                     </div>
                     <div>
                        <b>End time: </b>17:42:35
                     </div>
                     <div>
                        <b>Duration: </b>15 ms
                        
                     </div>
                  </div>
               </td>
            </tr>
            <tr></tr>
            <tr id="runThrghTestNG.TaskingTemplate_initConfigurations_byClass_PASS2_row"
                class="testMethodStatusPASS testMethodStatusCONF">
               <td width="100%" class="firstMethodCell">
                  <a onclick="toggleDetailsVisibility('runThrghTestNG.TaskingTemplate_initConfigurations_byClass_PASS2_details')">initConfigurations()</a>
               </td>
               <td nowrap="true">17:42:35</td>
               <td nowrap="true" align="right">0 ms
                  
               </td>
               <td nowrap="true">
                   
                  
               </td>
            </tr>
            <tr>
               <td colspan="4" class="detailsBox">
                  <div id="runThrghTestNG.TaskingTemplate_initConfigurations_byClass_PASS2_details"
                       class="testMethodDetails">
                     <div>
                        <b>Name: </b>initConfigurations
                     </div>
                     <div>
                        <b>Signature: </b>initConfigurations()[pri:0, instance:runThrghTestNG.TaskingTemplate@42d34b8c]
                     </div>
                     <div>
                        <b>Start time: </b>17:42:35
                     </div>
                     <div>
                        <b>End time: </b>17:42:35
                     </div>
                     <div>
                        <b>Duration: </b>0 ms
                        
                     </div>
                  </div>
               </td>
            </tr>
            <tr></tr>
            <tr id="runThrghTestNG.TaskingTemplate_setUp_byClass_PASS3_row"
                class="testMethodStatusPASS testMethodStatusCONF">
               <td width="100%" class="firstMethodCell">
                  <a onclick="toggleDetailsVisibility('runThrghTestNG.TaskingTemplate_setUp_byClass_PASS3_details')">setUp(https://bbqubed.tbsmga.com/Connect/Default.aspx
                     
                     ,
                     
                     ${environment}
                     
                     ,
                     
                     chrome
                     
                     ,
                     
                     TaskingTemplateTests)
                  </a>
               </td>
               <td nowrap="true">17:42:35</td>
               <td nowrap="true" align="right">13s
                  
               </td>
               <td nowrap="true">
                   
                  
               </td>
            </tr>
            <tr>
               <td colspan="4" class="detailsBox">
                  <div id="runThrghTestNG.TaskingTemplate_setUp_byClass_PASS3_details"
                       class="testMethodDetails">
                     <div>
                        <b>Name: </b>setUp
                     </div>
                     <div>
                        <b>Signature: </b>setUp(java.lang.String, java.lang.String, java.lang.String, java.lang.String)[pri:0, instance:runThrghTestNG.TaskingTemplate@42d34b8c]
                     </div>
                     <div>
                        <b>Parameters: </b>
                        
                        https://bbqubed.tbsmga.com/Connect/Default.aspx
                        
                        ,
                        
                        ${environment}
                        
                        ,
                        
                        chrome
                        
                        ,
                        
                        TaskingTemplateTests
                        
                        
                     </div>
                     <div>
                        <b>Start time: </b>17:42:35
                     </div>
                     <div>
                        <b>End time: </b>17:42:49
                     </div>
                     <div>
                        <b>Duration: </b>13s
                        
                     </div>
                  </div>
               </td>
            </tr>
            <tr></tr>
            <tr id="runThrghTestNG.TaskingTemplate_Navigation_of_TaskTemplate_Listing_page_byClass_PASS4_row"
                class="testMethodStatusPASS">
               <td width="100%" class="firstMethodCell">
                  <a onclick="toggleDetailsVisibility('runThrghTestNG.TaskingTemplate_Navigation_of_TaskTemplate_Listing_page_byClass_PASS4_details')">Navigation_of_TaskTemplate_Listing_page()</a>
               </td>
               <td nowrap="true">17:42:49</td>
               <td nowrap="true" align="right">41s
                  
               </td>
               <td nowrap="true">
                   
                  
               </td>
            </tr>
            <tr>
               <td colspan="4" class="detailsBox">
                  <div id="runThrghTestNG.TaskingTemplate_Navigation_of_TaskTemplate_Listing_page_byClass_PASS4_details"
                       class="testMethodDetails">
                     <div>
                        <b>Name: </b>Navigation_of_TaskTemplate_Listing_page
                     </div>
                     <div>
                        <b>Signature: </b>Navigation_of_TaskTemplate_Listing_page()[pri:0, instance:runThrghTestNG.TaskingTemplate@42d34b8c]
                     </div>
                     <div>
                        <b>Start time: </b>17:42:49
                     </div>
                     <div>
                        <b>End time: </b>17:43:31
                     </div>
                     <div>
                        <b>Duration: </b>41s
                        
                     </div>
                  </div>
               </td>
            </tr>
            <tr></tr>
            <tr id="runThrghTestNG.TaskingTemplate_Element_Verification_on_TaskTemplate_Listing_page_byClass_PASS5_row"
                class="testMethodStatusPASS">
               <td width="100%" class="firstMethodCell">
                  <a onclick="toggleDetailsVisibility('runThrghTestNG.TaskingTemplate_Element_Verification_on_TaskTemplate_Listing_page_byClass_PASS5_details')">Element_Verification_on_TaskTemplate_Listing_page()</a>
               </td>
               <td nowrap="true">17:43:31</td>
               <td nowrap="true" align="right">3s
                  
               </td>
               <td nowrap="true">
                   
                  
               </td>
            </tr>
            <tr>
               <td colspan="4" class="detailsBox">
                  <div id="runThrghTestNG.TaskingTemplate_Element_Verification_on_TaskTemplate_Listing_page_byClass_PASS5_details"
                       class="testMethodDetails">
                     <div>
                        <b>Name: </b>Element_Verification_on_TaskTemplate_Listing_page
                     </div>
                     <div>
                        <b>Signature: </b>Element_Verification_on_TaskTemplate_Listing_page()[pri:0, instance:runThrghTestNG.TaskingTemplate@42d34b8c]
                     </div>
                     <div>
                        <b>Start time: </b>17:43:31
                     </div>
                     <div>
                        <b>End time: </b>17:43:34
                     </div>
                     <div>
                        <b>Duration: </b>3s
                        
                     </div>
                  </div>
               </td>
            </tr>
            <tr></tr>
            <tr id="runThrghTestNG.TaskingTemplate_Validation_check_for_manadataory_fields_on_TaskTemplate_on_Listing_page_for_new_record_byClass_PASS6_row"
                class="testMethodStatusPASS">
               <td width="100%" class="firstMethodCell">
                  <a onclick="toggleDetailsVisibility('runThrghTestNG.TaskingTemplate_Validation_check_for_manadataory_fields_on_TaskTemplate_on_Listing_page_for_new_record_byClass_PASS6_details')">Validation_check_for_manadataory_fields_on_TaskTemplate_on_Listing_page_for_new_record()</a>
               </td>
               <td nowrap="true">17:43:34</td>
               <td nowrap="true" align="right">6s
                  
               </td>
               <td nowrap="true">
                   
                  
               </td>
            </tr>
            <tr>
               <td colspan="4" class="detailsBox">
                  <div id="runThrghTestNG.TaskingTemplate_Validation_check_for_manadataory_fields_on_TaskTemplate_on_Listing_page_for_new_record_byClass_PASS6_details"
                       class="testMethodDetails">
                     <div>
                        <b>Name: </b>Validation_check_for_manadataory_fields_on_TaskTemplate_on_Listing_page_for_new_record
                     </div>
                     <div>
                        <b>Signature: </b>Validation_check_for_manadataory_fields_on_TaskTemplate_on_Listing_page_for_new_record()[pri:0, instance:runThrghTestNG.TaskingTemplate@42d34b8c]
                     </div>
                     <div>
                        <b>Start time: </b>17:43:34
                     </div>
                     <div>
                        <b>End time: </b>17:43:40
                     </div>
                     <div>
                        <b>Duration: </b>6s
                        
                     </div>
                  </div>
               </td>
            </tr>
            <tr></tr>
            <tr id="runThrghTestNG.TaskingTemplate_Cancel_button_functionality_on_New_TaskTemplate_on_Listing_page_byClass_FAIL7_row"
                class="testMethodStatusFAIL">
               <td width="100%" class="firstMethodCell">
                  <a onclick="toggleDetailsVisibility('runThrghTestNG.TaskingTemplate_Cancel_button_functionality_on_New_TaskTemplate_on_Listing_page_byClass_FAIL7_details')">Cancel_button_functionality_on_New_TaskTemplate_on_Listing_page()</a>
               </td>
               <td nowrap="true">17:43:40</td>
               <td nowrap="true" align="right">26 ms
                  
               </td>
               <td nowrap="true">
                  <a onclick="toggleDetailsVisibility('runThrghTestNG.TaskingTemplate_Cancel_button_functionality_on_New_TaskTemplate_on_Listing_page_byClass_FAIL7_exception')">org.openqa.selenium.NoSuchElementException: 
                     no such element
                     (Session info: chrome=40.0.2214.111)
                     (Driver info: chromedriver=2.9.248315,platform=Windows NT 6.1 SP1 x86_64) (WARNING: The server did not provide any stacktrace
                     information)
                     Command duration or timeout: 14 milliseconds
                     For documentation on this error, please visit: http://seleniumhq.org/exceptions/no_such_element.html
                     Build info: version: '2.32.0', revision: '6c40c18', time: '2013-04-09 17:23:22'
                     System info: os.name: 'Windows 7', os.arch: 'amd64', os.version: '6.1', java.version: '1.7.0_80-ea'
                     Session ID: f6d26dcffae9e23e4c8dda2e2b965de3
                     Driver info: org.openqa.selenium.chrome.ChromeDriver
                     Capabilities [{platform=XP, acceptSslCerts=true, javascriptEnabled=true, browserName=chrome, chrome={userDataDir=C:\Users\REENA~1.SHA\AppData\Local\Temp\scoped_dir940_23467},
                     rotatable=false, locationContextEnabled=true, version=40.0.2214.111, takesHeapSnapshot=true, cssSelectorsEnabled=true, databaseEnabled=false,
                     handlesAlerts=true, browserConnectionEnabled=false, webStorageEnabled=true, nativeEvents=true, applicationCacheEnabled=false,
                     takesScreenshot=true}]
                     
                  </a>
                   
                  
               </td>
            </tr>
            <tr>
               <td colspan="4" class="detailsBox">
                  <div id="runThrghTestNG.TaskingTemplate_Cancel_button_functionality_on_New_TaskTemplate_on_Listing_page_byClass_FAIL7_details"
                       class="testMethodDetails">
                     <div>
                        <b>Name: </b>Cancel_button_functionality_on_New_TaskTemplate_on_Listing_page
                     </div>
                     <div>
                        <b>Signature: </b>Cancel_button_functionality_on_New_TaskTemplate_on_Listing_page()[pri:0, instance:runThrghTestNG.TaskingTemplate@42d34b8c]
                     </div>
                     <div>
                        <b>Start time: </b>17:43:40
                     </div>
                     <div>
                        <b>End time: </b>17:43:40
                     </div>
                     <div>
                        <b>Duration: </b>26 ms
                        
                     </div>
                  </div>
               </td>
            </tr>
            <tr>
               <td colspan="4" class="detailsBox">
                  <div id="runThrghTestNG.TaskingTemplate_Cancel_button_functionality_on_New_TaskTemplate_on_Listing_page_byClass_FAIL7_exception"
                       class="testMethodDetails">
                     <pre style="padding: 5px; margin: 0;">org.openqa.selenium.NoSuchElementException: no such element
                        (Session info: chrome=40.0.2214.111)
                        (Driver info: chromedriver=2.9.248315,platform=Windows NT 6.1 SP1 x86_64) (WARNING: The server did not provide any stacktrace
                        information)
                        Command duration or timeout: 14 milliseconds
                        For documentation on this error, please visit: http://seleniumhq.org/exceptions/no_such_element.html
                        Build info: version: '2.32.0', revision: '6c40c18', time: '2013-04-09 17:23:22'
                        System info: os.name: 'Windows 7', os.arch: 'amd64', os.version: '6.1', java.version: '1.7.0_80-ea'
                        Session ID: f6d26dcffae9e23e4c8dda2e2b965de3
                        Driver info: org.openqa.selenium.chrome.ChromeDriver
                        Capabilities [{platform=XP, acceptSslCerts=true, javascriptEnabled=true, browserName=chrome, chrome={userDataDir=C:\Users\REENA~1.SHA\AppData\Local\Temp\scoped_dir940_23467},
                        rotatable=false, locationContextEnabled=true, version=40.0.2214.111, takesHeapSnapshot=true, cssSelectorsEnabled=true, databaseEnabled=false,
                        handlesAlerts=true, browserConnectionEnabled=false, webStorageEnabled=true, nativeEvents=true, applicationCacheEnabled=false,
                        takesScreenshot=true}]
                        	at sun.reflect.NativeConstructorAccessorImpl.newInstance0(Native Method)
                        	at sun.reflect.NativeConstructorAccessorImpl.newInstance(Unknown Source)
                        	at sun.reflect.DelegatingConstructorAccessorImpl.newInstance(Unknown Source)
                        	at java.lang.reflect.Constructor.newInstance(Unknown Source)
                        	at org.openqa.selenium.remote.ErrorHandler.createThrowable(ErrorHandler.java:187)
                        	at org.openqa.selenium.remote.ErrorHandler.throwIfResponseFailed(ErrorHandler.java:145)
                        	at org.openqa.selenium.remote.RemoteWebDriver.execute(RemoteWebDriver.java:554)
                        	at org.openqa.selenium.remote.RemoteWebDriver.findElement(RemoteWebDriver.java:307)
                        	at org.openqa.selenium.remote.RemoteWebDriver.findElementById(RemoteWebDriver.java:348)
                        	at org.openqa.selenium.By$ById.findElement(By.java:216)
                        	at org.openqa.selenium.remote.RemoteWebDriver.findElement(RemoteWebDriver.java:299)
                        	at runThrghTestNG.TaskingTemplate.Cancel_button_functionality_on_New_TaskTemplate_on_Listing_page(TaskingTemplate.java:129)
                        	at sun.reflect.NativeMethodAccessorImpl.invoke0(Native Method)
                        	at sun.reflect.NativeMethodAccessorImpl.invoke(Unknown Source)
                        	at sun.reflect.DelegatingMethodAccessorImpl.invoke(Unknown Source)
                        	at java.lang.reflect.Method.invoke(Unknown Source)
                        	at org.testng.internal.MethodInvocationHelper.invokeMethod(MethodInvocationHelper.java:84)
                        	at org.testng.internal.Invoker.invokeMethod(Invoker.java:714)
                        	at org.testng.internal.Invoker.invokeTestMethod(Invoker.java:901)
                        	at org.testng.internal.Invoker.invokeTestMethods(Invoker.java:1231)
                        	at org.testng.internal.TestMethodWorker.invokeTestMethods(TestMethodWorker.java:127)
                        	at org.testng.internal.TestMethodWorker.run(TestMethodWorker.java:111)
                        	at org.testng.TestRunner.privateRun(TestRunner.java:767)
                        	at org.testng.TestRunner.run(TestRunner.java:617)
                        	at org.testng.SuiteRunner.runTest(SuiteRunner.java:334)
                        	at org.testng.SuiteRunner.runSequentially(SuiteRunner.java:329)
                        	at org.testng.SuiteRunner.privateRun(SuiteRunner.java:291)
                        	at org.testng.SuiteRunner.run(SuiteRunner.java:240)
                        	at org.testng.SuiteRunnerWorker.runSuite(SuiteRunnerWorker.java:52)
                        	at org.testng.SuiteRunnerWorker.run(SuiteRunnerWorker.java:86)
                        	at org.testng.TestNG.runSuitesSequentially(TestNG.java:1224)
                        	at org.testng.TestNG.runSuitesLocally(TestNG.java:1149)
                        	at org.testng.TestNG.run(TestNG.java:1057)
                        	at org.testng.TestNG.privateMain(TestNG.java:1364)
                        	at org.testng.TestNG.main(TestNG.java:1333)
                     </pre>
                  </div>
               </td>
            </tr>
            <tr id="runThrghTestNG.TaskingTemplate_Adition_of_New_TaskTemplate_on_Listing_page_byClass_FAIL8_row"
                class="testMethodStatusFAIL">
               <td width="100%" class="firstMethodCell">
                  <a onclick="toggleDetailsVisibility('runThrghTestNG.TaskingTemplate_Adition_of_New_TaskTemplate_on_Listing_page_byClass_FAIL8_details')">Adition_of_New_TaskTemplate_on_Listing_page()</a>
               </td>
               <td nowrap="true">17:43:40</td>
               <td nowrap="true" align="right">10 ms
                  
               </td>
               <td nowrap="true">
                  <a onclick="toggleDetailsVisibility('runThrghTestNG.TaskingTemplate_Adition_of_New_TaskTemplate_on_Listing_page_byClass_FAIL8_exception')">org.openqa.selenium.NoSuchElementException: 
                     no such element
                     (Session info: chrome=40.0.2214.111)
                     (Driver info: chromedriver=2.9.248315,platform=Windows NT 6.1 SP1 x86_64) (WARNING: The server did not provide any stacktrace
                     information)
                     Command duration or timeout: 10 milliseconds
                     For documentation on this error, please visit: http://seleniumhq.org/exceptions/no_such_element.html
                     Build info: version: '2.32.0', revision: '6c40c18', time: '2013-04-09 17:23:22'
                     System info: os.name: 'Windows 7', os.arch: 'amd64', os.version: '6.1', java.version: '1.7.0_80-ea'
                     Session ID: f6d26dcffae9e23e4c8dda2e2b965de3
                     Driver info: org.openqa.selenium.chrome.ChromeDriver
                     Capabilities [{platform=XP, acceptSslCerts=true, javascriptEnabled=true, browserName=chrome, chrome={userDataDir=C:\Users\REENA~1.SHA\AppData\Local\Temp\scoped_dir940_23467},
                     rotatable=false, locationContextEnabled=true, version=40.0.2214.111, takesHeapSnapshot=true, cssSelectorsEnabled=true, databaseEnabled=false,
                     handlesAlerts=true, browserConnectionEnabled=false, webStorageEnabled=true, nativeEvents=true, applicationCacheEnabled=false,
                     takesScreenshot=true}]
                     
                  </a>
                   
                  
               </td>
            </tr>
            <tr>
               <td colspan="4" class="detailsBox">
                  <div id="runThrghTestNG.TaskingTemplate_Adition_of_New_TaskTemplate_on_Listing_page_byClass_FAIL8_details"
                       class="testMethodDetails">
                     <div>
                        <b>Name: </b>Adition_of_New_TaskTemplate_on_Listing_page
                     </div>
                     <div>
                        <b>Signature: </b>Adition_of_New_TaskTemplate_on_Listing_page()[pri:0, instance:runThrghTestNG.TaskingTemplate@42d34b8c]
                     </div>
                     <div>
                        <b>Start time: </b>17:43:40
                     </div>
                     <div>
                        <b>End time: </b>17:43:40
                     </div>
                     <div>
                        <b>Duration: </b>10 ms
                        
                     </div>
                  </div>
               </td>
            </tr>
            <tr>
               <td colspan="4" class="detailsBox">
                  <div id="runThrghTestNG.TaskingTemplate_Adition_of_New_TaskTemplate_on_Listing_page_byClass_FAIL8_exception"
                       class="testMethodDetails">
                     <pre style="padding: 5px; margin: 0;">org.openqa.selenium.NoSuchElementException: no such element
                        (Session info: chrome=40.0.2214.111)
                        (Driver info: chromedriver=2.9.248315,platform=Windows NT 6.1 SP1 x86_64) (WARNING: The server did not provide any stacktrace
                        information)
                        Command duration or timeout: 10 milliseconds
                        For documentation on this error, please visit: http://seleniumhq.org/exceptions/no_such_element.html
                        Build info: version: '2.32.0', revision: '6c40c18', time: '2013-04-09 17:23:22'
                        System info: os.name: 'Windows 7', os.arch: 'amd64', os.version: '6.1', java.version: '1.7.0_80-ea'
                        Session ID: f6d26dcffae9e23e4c8dda2e2b965de3
                        Driver info: org.openqa.selenium.chrome.ChromeDriver
                        Capabilities [{platform=XP, acceptSslCerts=true, javascriptEnabled=true, browserName=chrome, chrome={userDataDir=C:\Users\REENA~1.SHA\AppData\Local\Temp\scoped_dir940_23467},
                        rotatable=false, locationContextEnabled=true, version=40.0.2214.111, takesHeapSnapshot=true, cssSelectorsEnabled=true, databaseEnabled=false,
                        handlesAlerts=true, browserConnectionEnabled=false, webStorageEnabled=true, nativeEvents=true, applicationCacheEnabled=false,
                        takesScreenshot=true}]
                        	at sun.reflect.NativeConstructorAccessorImpl.newInstance0(Native Method)
                        	at sun.reflect.NativeConstructorAccessorImpl.newInstance(Unknown Source)
                        	at sun.reflect.DelegatingConstructorAccessorImpl.newInstance(Unknown Source)
                        	at java.lang.reflect.Constructor.newInstance(Unknown Source)
                        	at org.openqa.selenium.remote.ErrorHandler.createThrowable(ErrorHandler.java:187)
                        	at org.openqa.selenium.remote.ErrorHandler.throwIfResponseFailed(ErrorHandler.java:145)
                        	at org.openqa.selenium.remote.RemoteWebDriver.execute(RemoteWebDriver.java:554)
                        	at org.openqa.selenium.remote.RemoteWebDriver.findElement(RemoteWebDriver.java:307)
                        	at org.openqa.selenium.remote.RemoteWebDriver.findElementById(RemoteWebDriver.java:348)
                        	at org.openqa.selenium.By$ById.findElement(By.java:216)
                        	at org.openqa.selenium.remote.RemoteWebDriver.findElement(RemoteWebDriver.java:299)
                        	at runThrghTestNG.TaskingTemplate.Adition_of_New_TaskTemplate_on_Listing_page(TaskingTemplate.java:150)
                        	at sun.reflect.NativeMethodAccessorImpl.invoke0(Native Method)
                        	at sun.reflect.NativeMethodAccessorImpl.invoke(Unknown Source)
                        	at sun.reflect.DelegatingMethodAccessorImpl.invoke(Unknown Source)
                        	at java.lang.reflect.Method.invoke(Unknown Source)
                        	at org.testng.internal.MethodInvocationHelper.invokeMethod(MethodInvocationHelper.java:84)
                        	at org.testng.internal.Invoker.invokeMethod(Invoker.java:714)
                        	at org.testng.internal.Invoker.invokeTestMethod(Invoker.java:901)
                        	at org.testng.internal.Invoker.invokeTestMethods(Invoker.java:1231)
                        	at org.testng.internal.TestMethodWorker.invokeTestMethods(TestMethodWorker.java:127)
                        	at org.testng.internal.TestMethodWorker.run(TestMethodWorker.java:111)
                        	at org.testng.TestRunner.privateRun(TestRunner.java:767)
                        	at org.testng.TestRunner.run(TestRunner.java:617)
                        	at org.testng.SuiteRunner.runTest(SuiteRunner.java:334)
                        	at org.testng.SuiteRunner.runSequentially(SuiteRunner.java:329)
                        	at org.testng.SuiteRunner.privateRun(SuiteRunner.java:291)
                        	at org.testng.SuiteRunner.run(SuiteRunner.java:240)
                        	at org.testng.SuiteRunnerWorker.runSuite(SuiteRunnerWorker.java:52)
                        	at org.testng.SuiteRunnerWorker.run(SuiteRunnerWorker.java:86)
                        	at org.testng.TestNG.runSuitesSequentially(TestNG.java:1224)
                        	at org.testng.TestNG.runSuitesLocally(TestNG.java:1149)
                        	at org.testng.TestNG.run(TestNG.java:1057)
                        	at org.testng.TestNG.privateMain(TestNG.java:1364)
                        	at org.testng.TestNG.main(TestNG.java:1333)
                     </pre>
                  </div>
               </td>
            </tr>
            <tr id="runThrghTestNG.TaskingTemplate_Edit_of_TaskTemplate_on_Listing_page_byClass_FAIL9_row"
                class="testMethodStatusFAIL">
               <td width="100%" class="firstMethodCell">
                  <a onclick="toggleDetailsVisibility('runThrghTestNG.TaskingTemplate_Edit_of_TaskTemplate_on_Listing_page_byClass_FAIL9_details')">Edit_of_TaskTemplate_on_Listing_page()</a>
               </td>
               <td nowrap="true">17:43:40</td>
               <td nowrap="true" align="right">3s
                  
               </td>
               <td nowrap="true">
                  <a onclick="toggleDetailsVisibility('runThrghTestNG.TaskingTemplate_Edit_of_TaskTemplate_on_Listing_page_byClass_FAIL9_exception')">org.openqa.selenium.NoSuchElementException: 
                     no such element
                     (Session info: chrome=40.0.2214.111)
                     (Driver info: chromedriver=2.9.248315,platform=Windows NT 6.1 SP1 x86_64) (WARNING: The server did not provide any stacktrace
                     information)
                     Command duration or timeout: 34 milliseconds
                     For documentation on this error, please visit: http://seleniumhq.org/exceptions/no_such_element.html
                     Build info: version: '2.32.0', revision: '6c40c18', time: '2013-04-09 17:23:22'
                     System info: os.name: 'Windows 7', os.arch: 'amd64', os.version: '6.1', java.version: '1.7.0_80-ea'
                     Session ID: f6d26dcffae9e23e4c8dda2e2b965de3
                     Driver info: org.openqa.selenium.chrome.ChromeDriver
                     Capabilities [{platform=XP, acceptSslCerts=true, javascriptEnabled=true, browserName=chrome, chrome={userDataDir=C:\Users\REENA~1.SHA\AppData\Local\Temp\scoped_dir940_23467},
                     rotatable=false, locationContextEnabled=true, version=40.0.2214.111, takesHeapSnapshot=true, cssSelectorsEnabled=true, databaseEnabled=false,
                     handlesAlerts=true, browserConnectionEnabled=false, webStorageEnabled=true, nativeEvents=true, applicationCacheEnabled=false,
                     takesScreenshot=true}]
                     
                  </a>
                   
                  
               </td>
            </tr>
            <tr>
               <td colspan="4" class="detailsBox">
                  <div id="runThrghTestNG.TaskingTemplate_Edit_of_TaskTemplate_on_Listing_page_byClass_FAIL9_details"
                       class="testMethodDetails">
                     <div>
                        <b>Name: </b>Edit_of_TaskTemplate_on_Listing_page
                     </div>
                     <div>
                        <b>Signature: </b>Edit_of_TaskTemplate_on_Listing_page()[pri:0, instance:runThrghTestNG.TaskingTemplate@42d34b8c]
                     </div>
                     <div>
                        <b>Start time: </b>17:43:40
                     </div>
                     <div>
                        <b>End time: </b>17:43:44
                     </div>
                     <div>
                        <b>Duration: </b>3s
                        
                     </div>
                  </div>
               </td>
            </tr>
            <tr>
               <td colspan="4" class="detailsBox">
                  <div id="runThrghTestNG.TaskingTemplate_Edit_of_TaskTemplate_on_Listing_page_byClass_FAIL9_exception"
                       class="testMethodDetails">
                     <pre style="padding: 5px; margin: 0;">org.openqa.selenium.NoSuchElementException: no such element
                        (Session info: chrome=40.0.2214.111)
                        (Driver info: chromedriver=2.9.248315,platform=Windows NT 6.1 SP1 x86_64) (WARNING: The server did not provide any stacktrace
                        information)
                        Command duration or timeout: 34 milliseconds
                        For documentation on this error, please visit: http://seleniumhq.org/exceptions/no_such_element.html
                        Build info: version: '2.32.0', revision: '6c40c18', time: '2013-04-09 17:23:22'
                        System info: os.name: 'Windows 7', os.arch: 'amd64', os.version: '6.1', java.version: '1.7.0_80-ea'
                        Session ID: f6d26dcffae9e23e4c8dda2e2b965de3
                        Driver info: org.openqa.selenium.chrome.ChromeDriver
                        Capabilities [{platform=XP, acceptSslCerts=true, javascriptEnabled=true, browserName=chrome, chrome={userDataDir=C:\Users\REENA~1.SHA\AppData\Local\Temp\scoped_dir940_23467},
                        rotatable=false, locationContextEnabled=true, version=40.0.2214.111, takesHeapSnapshot=true, cssSelectorsEnabled=true, databaseEnabled=false,
                        handlesAlerts=true, browserConnectionEnabled=false, webStorageEnabled=true, nativeEvents=true, applicationCacheEnabled=false,
                        takesScreenshot=true}]
                        	at sun.reflect.NativeConstructorAccessorImpl.newInstance0(Native Method)
                        	at sun.reflect.NativeConstructorAccessorImpl.newInstance(Unknown Source)
                        	at sun.reflect.DelegatingConstructorAccessorImpl.newInstance(Unknown Source)
                        	at java.lang.reflect.Constructor.newInstance(Unknown Source)
                        	at org.openqa.selenium.remote.ErrorHandler.createThrowable(ErrorHandler.java:187)
                        	at org.openqa.selenium.remote.ErrorHandler.throwIfResponseFailed(ErrorHandler.java:145)
                        	at org.openqa.selenium.remote.RemoteWebDriver.execute(RemoteWebDriver.java:554)
                        	at org.openqa.selenium.remote.RemoteWebDriver.findElement(RemoteWebDriver.java:307)
                        	at org.openqa.selenium.remote.RemoteWebDriver.findElementByXPath(RemoteWebDriver.java:404)
                        	at org.openqa.selenium.By$ByXPath.findElement(By.java:344)
                        	at org.openqa.selenium.remote.RemoteWebDriver.findElement(RemoteWebDriver.java:299)
                        	at runThrghTestNG.TaskingTemplate.Edit_of_TaskTemplate_on_Listing_page(TaskingTemplate.java:175)
                        	at sun.reflect.NativeMethodAccessorImpl.invoke0(Native Method)
                        	at sun.reflect.NativeMethodAccessorImpl.invoke(Unknown Source)
                        	at sun.reflect.DelegatingMethodAccessorImpl.invoke(Unknown Source)
                        	at java.lang.reflect.Method.invoke(Unknown Source)
                        	at org.testng.internal.MethodInvocationHelper.invokeMethod(MethodInvocationHelper.java:84)
                        	at org.testng.internal.Invoker.invokeMethod(Invoker.java:714)
                        	at org.testng.internal.Invoker.invokeTestMethod(Invoker.java:901)
                        	at org.testng.internal.Invoker.invokeTestMethods(Invoker.java:1231)
                        	at org.testng.internal.TestMethodWorker.invokeTestMethods(TestMethodWorker.java:127)
                        	at org.testng.internal.TestMethodWorker.run(TestMethodWorker.java:111)
                        	at org.testng.TestRunner.privateRun(TestRunner.java:767)
                        	at org.testng.TestRunner.run(TestRunner.java:617)
                        	at org.testng.SuiteRunner.runTest(SuiteRunner.java:334)
                        	at org.testng.SuiteRunner.runSequentially(SuiteRunner.java:329)
                        	at org.testng.SuiteRunner.privateRun(SuiteRunner.java:291)
                        	at org.testng.SuiteRunner.run(SuiteRunner.java:240)
                        	at org.testng.SuiteRunnerWorker.runSuite(SuiteRunnerWorker.java:52)
                        	at org.testng.SuiteRunnerWorker.run(SuiteRunnerWorker.java:86)
                        	at org.testng.TestNG.runSuitesSequentially(TestNG.java:1224)
                        	at org.testng.TestNG.runSuitesLocally(TestNG.java:1149)
                        	at org.testng.TestNG.run(TestNG.java:1057)
                        	at org.testng.TestNG.privateMain(TestNG.java:1364)
                        	at org.testng.TestNG.main(TestNG.java:1333)
                     </pre>
                  </div>
               </td>
            </tr>
            <tr id="runThrghTestNG.TaskingTemplate_Cancel_button_functionality_on_Edit_of_TaskTemplate_on_Listing_page_byClass_FAIL10_row"
                class="testMethodStatusFAIL">
               <td width="100%" class="firstMethodCell">
                  <a onclick="toggleDetailsVisibility('runThrghTestNG.TaskingTemplate_Cancel_button_functionality_on_Edit_of_TaskTemplate_on_Listing_page_byClass_FAIL10_details')">Cancel_button_functionality_on_Edit_of_TaskTemplate_on_Listing_page()</a>
               </td>
               <td nowrap="true">17:43:44</td>
               <td nowrap="true" align="right">3s
                  
               </td>
               <td nowrap="true">
                  <a onclick="toggleDetailsVisibility('runThrghTestNG.TaskingTemplate_Cancel_button_functionality_on_Edit_of_TaskTemplate_on_Listing_page_byClass_FAIL10_exception')">org.openqa.selenium.NoSuchElementException: 
                     no such element
                     (Session info: chrome=40.0.2214.111)
                     (Driver info: chromedriver=2.9.248315,platform=Windows NT 6.1 SP1 x86_64) (WARNING: The server did not provide any stacktrace
                     information)
                     Command duration or timeout: 43 milliseconds
                     For documentation on this error, please visit: http://seleniumhq.org/exceptions/no_such_element.html
                     Build info: version: '2.32.0', revision: '6c40c18', time: '2013-04-09 17:23:22'
                     System info: os.name: 'Windows 7', os.arch: 'amd64', os.version: '6.1', java.version: '1.7.0_80-ea'
                     Session ID: f6d26dcffae9e23e4c8dda2e2b965de3
                     Driver info: org.openqa.selenium.chrome.ChromeDriver
                     Capabilities [{platform=XP, acceptSslCerts=true, javascriptEnabled=true, browserName=chrome, chrome={userDataDir=C:\Users\REENA~1.SHA\AppData\Local\Temp\scoped_dir940_23467},
                     rotatable=false, locationContextEnabled=true, version=40.0.2214.111, takesHeapSnapshot=true, cssSelectorsEnabled=true, databaseEnabled=false,
                     handlesAlerts=true, browserConnectionEnabled=false, webStorageEnabled=true, nativeEvents=true, applicationCacheEnabled=false,
                     takesScreenshot=true}]
                     
                  </a>
                   
                  
               </td>
            </tr>
            <tr>
               <td colspan="4" class="detailsBox">
                  <div id="runThrghTestNG.TaskingTemplate_Cancel_button_functionality_on_Edit_of_TaskTemplate_on_Listing_page_byClass_FAIL10_details"
                       class="testMethodDetails">
                     <div>
                        <b>Name: </b>Cancel_button_functionality_on_Edit_of_TaskTemplate_on_Listing_page
                     </div>
                     <div>
                        <b>Signature: </b>Cancel_button_functionality_on_Edit_of_TaskTemplate_on_Listing_page()[pri:0, instance:runThrghTestNG.TaskingTemplate@42d34b8c]
                     </div>
                     <div>
                        <b>Start time: </b>17:43:44
                     </div>
                     <div>
                        <b>End time: </b>17:43:47
                     </div>
                     <div>
                        <b>Duration: </b>3s
                        
                     </div>
                  </div>
               </td>
            </tr>
            <tr>
               <td colspan="4" class="detailsBox">
                  <div id="runThrghTestNG.TaskingTemplate_Cancel_button_functionality_on_Edit_of_TaskTemplate_on_Listing_page_byClass_FAIL10_exception"
                       class="testMethodDetails">
                     <pre style="padding: 5px; margin: 0;">org.openqa.selenium.NoSuchElementException: no such element
                        (Session info: chrome=40.0.2214.111)
                        (Driver info: chromedriver=2.9.248315,platform=Windows NT 6.1 SP1 x86_64) (WARNING: The server did not provide any stacktrace
                        information)
                        Command duration or timeout: 43 milliseconds
                        For documentation on this error, please visit: http://seleniumhq.org/exceptions/no_such_element.html
                        Build info: version: '2.32.0', revision: '6c40c18', time: '2013-04-09 17:23:22'
                        System info: os.name: 'Windows 7', os.arch: 'amd64', os.version: '6.1', java.version: '1.7.0_80-ea'
                        Session ID: f6d26dcffae9e23e4c8dda2e2b965de3
                        Driver info: org.openqa.selenium.chrome.ChromeDriver
                        Capabilities [{platform=XP, acceptSslCerts=true, javascriptEnabled=true, browserName=chrome, chrome={userDataDir=C:\Users\REENA~1.SHA\AppData\Local\Temp\scoped_dir940_23467},
                        rotatable=false, locationContextEnabled=true, version=40.0.2214.111, takesHeapSnapshot=true, cssSelectorsEnabled=true, databaseEnabled=false,
                        handlesAlerts=true, browserConnectionEnabled=false, webStorageEnabled=true, nativeEvents=true, applicationCacheEnabled=false,
                        takesScreenshot=true}]
                        	at sun.reflect.NativeConstructorAccessorImpl.newInstance0(Native Method)
                        	at sun.reflect.NativeConstructorAccessorImpl.newInstance(Unknown Source)
                        	at sun.reflect.DelegatingConstructorAccessorImpl.newInstance(Unknown Source)
                        	at java.lang.reflect.Constructor.newInstance(Unknown Source)
                        	at org.openqa.selenium.remote.ErrorHandler.createThrowable(ErrorHandler.java:187)
                        	at org.openqa.selenium.remote.ErrorHandler.throwIfResponseFailed(ErrorHandler.java:145)
                        	at org.openqa.selenium.remote.RemoteWebDriver.execute(RemoteWebDriver.java:554)
                        	at org.openqa.selenium.remote.RemoteWebDriver.findElement(RemoteWebDriver.java:307)
                        	at org.openqa.selenium.remote.RemoteWebDriver.findElementByXPath(RemoteWebDriver.java:404)
                        	at org.openqa.selenium.By$ByXPath.findElement(By.java:344)
                        	at org.openqa.selenium.remote.RemoteWebDriver.findElement(RemoteWebDriver.java:299)
                        	at runThrghTestNG.TaskingTemplate.Cancel_button_functionality_on_Edit_of_TaskTemplate_on_Listing_page(TaskingTemplate.java:188)
                        	at sun.reflect.NativeMethodAccessorImpl.invoke0(Native Method)
                        	at sun.reflect.NativeMethodAccessorImpl.invoke(Unknown Source)
                        	at sun.reflect.DelegatingMethodAccessorImpl.invoke(Unknown Source)
                        	at java.lang.reflect.Method.invoke(Unknown Source)
                        	at org.testng.internal.MethodInvocationHelper.invokeMethod(MethodInvocationHelper.java:84)
                        	at org.testng.internal.Invoker.invokeMethod(Invoker.java:714)
                        	at org.testng.internal.Invoker.invokeTestMethod(Invoker.java:901)
                        	at org.testng.internal.Invoker.invokeTestMethods(Invoker.java:1231)
                        	at org.testng.internal.TestMethodWorker.invokeTestMethods(TestMethodWorker.java:127)
                        	at org.testng.internal.TestMethodWorker.run(TestMethodWorker.java:111)
                        	at org.testng.TestRunner.privateRun(TestRunner.java:767)
                        	at org.testng.TestRunner.run(TestRunner.java:617)
                        	at org.testng.SuiteRunner.runTest(SuiteRunner.java:334)
                        	at org.testng.SuiteRunner.runSequentially(SuiteRunner.java:329)
                        	at org.testng.SuiteRunner.privateRun(SuiteRunner.java:291)
                        	at org.testng.SuiteRunner.run(SuiteRunner.java:240)
                        	at org.testng.SuiteRunnerWorker.runSuite(SuiteRunnerWorker.java:52)
                        	at org.testng.SuiteRunnerWorker.run(SuiteRunnerWorker.java:86)
                        	at org.testng.TestNG.runSuitesSequentially(TestNG.java:1224)
                        	at org.testng.TestNG.runSuitesLocally(TestNG.java:1149)
                        	at org.testng.TestNG.run(TestNG.java:1057)
                        	at org.testng.TestNG.privateMain(TestNG.java:1364)
                        	at org.testng.TestNG.main(TestNG.java:1333)
                     </pre>
                  </div>
               </td>
            </tr>
            <tr id="runThrghTestNG.TaskingTemplate_Delete_button_functionality_on_TaskTemplate_Listing_page_byClass_PASS11_row"
                class="testMethodStatusPASS">
               <td width="100%" class="firstMethodCell">
                  <a onclick="toggleDetailsVisibility('runThrghTestNG.TaskingTemplate_Delete_button_functionality_on_TaskTemplate_Listing_page_byClass_PASS11_details')">Delete_button_functionality_on_TaskTemplate_Listing_page()</a>
               </td>
               <td nowrap="true">17:43:47</td>
               <td nowrap="true" align="right">7s
                  
               </td>
               <td nowrap="true">
                   
                  
               </td>
            </tr>
            <tr>
               <td colspan="4" class="detailsBox">
                  <div id="runThrghTestNG.TaskingTemplate_Delete_button_functionality_on_TaskTemplate_Listing_page_byClass_PASS11_details"
                       class="testMethodDetails">
                     <div>
                        <b>Name: </b>Delete_button_functionality_on_TaskTemplate_Listing_page
                     </div>
                     <div>
                        <b>Signature: </b>Delete_button_functionality_on_TaskTemplate_Listing_page()[pri:0, instance:runThrghTestNG.TaskingTemplate@42d34b8c]
                     </div>
                     <div>
                        <b>Start time: </b>17:43:47
                     </div>
                     <div>
                        <b>End time: </b>17:43:54
                     </div>
                     <div>
                        <b>Duration: </b>7s
                        
                     </div>
                  </div>
               </td>
            </tr>
            <tr></tr>
            <tr id="runThrghTestNG.TaskingTemplate_MultipleTask_button_functionality_on_TaskTemplate_Listing_page_byClass_FAIL12_row"
                class="testMethodStatusFAIL">
               <td width="100%" class="firstMethodCell">
                  <a onclick="toggleDetailsVisibility('runThrghTestNG.TaskingTemplate_MultipleTask_button_functionality_on_TaskTemplate_Listing_page_byClass_FAIL12_details')">MultipleTask_button_functionality_on_TaskTemplate_Listing_page()</a>
               </td>
               <td nowrap="true">17:43:54</td>
               <td nowrap="true" align="right">18 ms
                  
               </td>
               <td nowrap="true">
                  <a onclick="toggleDetailsVisibility('runThrghTestNG.TaskingTemplate_MultipleTask_button_functionality_on_TaskTemplate_Listing_page_byClass_FAIL12_exception')">org.openqa.selenium.NoSuchElementException: 
                     no such element
                     (Session info: chrome=40.0.2214.111)
                     (Driver info: chromedriver=2.9.248315,platform=Windows NT 6.1 SP1 x86_64) (WARNING: The server did not provide any stacktrace
                     information)
                     Command duration or timeout: 17 milliseconds
                     For documentation on this error, please visit: http://seleniumhq.org/exceptions/no_such_element.html
                     Build info: version: '2.32.0', revision: '6c40c18', time: '2013-04-09 17:23:22'
                     System info: os.name: 'Windows 7', os.arch: 'amd64', os.version: '6.1', java.version: '1.7.0_80-ea'
                     Session ID: f6d26dcffae9e23e4c8dda2e2b965de3
                     Driver info: org.openqa.selenium.chrome.ChromeDriver
                     Capabilities [{platform=XP, acceptSslCerts=true, javascriptEnabled=true, browserName=chrome, chrome={userDataDir=C:\Users\REENA~1.SHA\AppData\Local\Temp\scoped_dir940_23467},
                     rotatable=false, locationContextEnabled=true, version=40.0.2214.111, takesHeapSnapshot=true, cssSelectorsEnabled=true, databaseEnabled=false,
                     handlesAlerts=true, browserConnectionEnabled=false, webStorageEnabled=true, nativeEvents=true, applicationCacheEnabled=false,
                     takesScreenshot=true}]
                     
                  </a>
                   
                  
               </td>
            </tr>
            <tr>
               <td colspan="4" class="detailsBox">
                  <div id="runThrghTestNG.TaskingTemplate_MultipleTask_button_functionality_on_TaskTemplate_Listing_page_byClass_FAIL12_details"
                       class="testMethodDetails">
                     <div>
                        <b>Name: </b>MultipleTask_button_functionality_on_TaskTemplate_Listing_page
                     </div>
                     <div>
                        <b>Signature: </b>MultipleTask_button_functionality_on_TaskTemplate_Listing_page()[pri:0, instance:runThrghTestNG.TaskingTemplate@42d34b8c]
                     </div>
                     <div>
                        <b>Start time: </b>17:43:54
                     </div>
                     <div>
                        <b>End time: </b>17:43:54
                     </div>
                     <div>
                        <b>Duration: </b>18 ms
                        
                     </div>
                  </div>
               </td>
            </tr>
            <tr>
               <td colspan="4" class="detailsBox">
                  <div id="runThrghTestNG.TaskingTemplate_MultipleTask_button_functionality_on_TaskTemplate_Listing_page_byClass_FAIL12_exception"
                       class="testMethodDetails">
                     <pre style="padding: 5px; margin: 0;">org.openqa.selenium.NoSuchElementException: no such element
                        (Session info: chrome=40.0.2214.111)
                        (Driver info: chromedriver=2.9.248315,platform=Windows NT 6.1 SP1 x86_64) (WARNING: The server did not provide any stacktrace
                        information)
                        Command duration or timeout: 17 milliseconds
                        For documentation on this error, please visit: http://seleniumhq.org/exceptions/no_such_element.html
                        Build info: version: '2.32.0', revision: '6c40c18', time: '2013-04-09 17:23:22'
                        System info: os.name: 'Windows 7', os.arch: 'amd64', os.version: '6.1', java.version: '1.7.0_80-ea'
                        Session ID: f6d26dcffae9e23e4c8dda2e2b965de3
                        Driver info: org.openqa.selenium.chrome.ChromeDriver
                        Capabilities [{platform=XP, acceptSslCerts=true, javascriptEnabled=true, browserName=chrome, chrome={userDataDir=C:\Users\REENA~1.SHA\AppData\Local\Temp\scoped_dir940_23467},
                        rotatable=false, locationContextEnabled=true, version=40.0.2214.111, takesHeapSnapshot=true, cssSelectorsEnabled=true, databaseEnabled=false,
                        handlesAlerts=true, browserConnectionEnabled=false, webStorageEnabled=true, nativeEvents=true, applicationCacheEnabled=false,
                        takesScreenshot=true}]
                        	at sun.reflect.NativeConstructorAccessorImpl.newInstance0(Native Method)
                        	at sun.reflect.NativeConstructorAccessorImpl.newInstance(Unknown Source)
                        	at sun.reflect.DelegatingConstructorAccessorImpl.newInstance(Unknown Source)
                        	at java.lang.reflect.Constructor.newInstance(Unknown Source)
                        	at org.openqa.selenium.remote.ErrorHandler.createThrowable(ErrorHandler.java:187)
                        	at org.openqa.selenium.remote.ErrorHandler.throwIfResponseFailed(ErrorHandler.java:145)
                        	at org.openqa.selenium.remote.RemoteWebDriver.execute(RemoteWebDriver.java:554)
                        	at org.openqa.selenium.remote.RemoteWebDriver.findElement(RemoteWebDriver.java:307)
                        	at org.openqa.selenium.remote.RemoteWebDriver.findElementById(RemoteWebDriver.java:348)
                        	at org.openqa.selenium.By$ById.findElement(By.java:216)
                        	at org.openqa.selenium.remote.RemoteWebDriver.findElement(RemoteWebDriver.java:299)
                        	at runThrghTestNG.TaskingTemplate.MultipleTask_button_functionality_on_TaskTemplate_Listing_page(TaskingTemplate.java:210)
                        	at sun.reflect.NativeMethodAccessorImpl.invoke0(Native Method)
                        	at sun.reflect.NativeMethodAccessorImpl.invoke(Unknown Source)
                        	at sun.reflect.DelegatingMethodAccessorImpl.invoke(Unknown Source)
                        	at java.lang.reflect.Method.invoke(Unknown Source)
                        	at org.testng.internal.MethodInvocationHelper.invokeMethod(MethodInvocationHelper.java:84)
                        	at org.testng.internal.Invoker.invokeMethod(Invoker.java:714)
                        	at org.testng.internal.Invoker.invokeTestMethod(Invoker.java:901)
                        	at org.testng.internal.Invoker.invokeTestMethods(Invoker.java:1231)
                        	at org.testng.internal.TestMethodWorker.invokeTestMethods(TestMethodWorker.java:127)
                        	at org.testng.internal.TestMethodWorker.run(TestMethodWorker.java:111)
                        	at org.testng.TestRunner.privateRun(TestRunner.java:767)
                        	at org.testng.TestRunner.run(TestRunner.java:617)
                        	at org.testng.SuiteRunner.runTest(SuiteRunner.java:334)
                        	at org.testng.SuiteRunner.runSequentially(SuiteRunner.java:329)
                        	at org.testng.SuiteRunner.privateRun(SuiteRunner.java:291)
                        	at org.testng.SuiteRunner.run(SuiteRunner.java:240)
                        	at org.testng.SuiteRunnerWorker.runSuite(SuiteRunnerWorker.java:52)
                        	at org.testng.SuiteRunnerWorker.run(SuiteRunnerWorker.java:86)
                        	at org.testng.TestNG.runSuitesSequentially(TestNG.java:1224)
                        	at org.testng.TestNG.runSuitesLocally(TestNG.java:1149)
                        	at org.testng.TestNG.run(TestNG.java:1057)
                        	at org.testng.TestNG.privateMain(TestNG.java:1364)
                        	at org.testng.TestNG.main(TestNG.java:1333)
                     </pre>
                  </div>
               </td>
            </tr>
            <tr id="runThrghTestNG.TaskingTemplate_Back_button_functionality_on_Item_TaskTemplate_Listing_page_byClass_FAIL13_row"
                class="testMethodStatusFAIL">
               <td width="100%" class="firstMethodCell">
                  <a onclick="toggleDetailsVisibility('runThrghTestNG.TaskingTemplate_Back_button_functionality_on_Item_TaskTemplate_Listing_page_byClass_FAIL13_details')">Back_button_functionality_on_Item_TaskTemplate_Listing_page()</a>
               </td>
               <td nowrap="true">17:43:54</td>
               <td nowrap="true" align="right">16 ms
                  
               </td>
               <td nowrap="true">
                  <a onclick="toggleDetailsVisibility('runThrghTestNG.TaskingTemplate_Back_button_functionality_on_Item_TaskTemplate_Listing_page_byClass_FAIL13_exception')">org.openqa.selenium.NoSuchElementException: 
                     no such element
                     (Session info: chrome=40.0.2214.111)
                     (Driver info: chromedriver=2.9.248315,platform=Windows NT 6.1 SP1 x86_64) (WARNING: The server did not provide any stacktrace
                     information)
                     Command duration or timeout: 16 milliseconds
                     For documentation on this error, please visit: http://seleniumhq.org/exceptions/no_such_element.html
                     Build info: version: '2.32.0', revision: '6c40c18', time: '2013-04-09 17:23:22'
                     System info: os.name: 'Windows 7', os.arch: 'amd64', os.version: '6.1', java.version: '1.7.0_80-ea'
                     Session ID: f6d26dcffae9e23e4c8dda2e2b965de3
                     Driver info: org.openqa.selenium.chrome.ChromeDriver
                     Capabilities [{platform=XP, acceptSslCerts=true, javascriptEnabled=true, browserName=chrome, chrome={userDataDir=C:\Users\REENA~1.SHA\AppData\Local\Temp\scoped_dir940_23467},
                     rotatable=false, locationContextEnabled=true, version=40.0.2214.111, takesHeapSnapshot=true, cssSelectorsEnabled=true, databaseEnabled=false,
                     handlesAlerts=true, browserConnectionEnabled=false, webStorageEnabled=true, nativeEvents=true, applicationCacheEnabled=false,
                     takesScreenshot=true}]
                     
                  </a>
                   
                  
               </td>
            </tr>
            <tr>
               <td colspan="4" class="detailsBox">
                  <div id="runThrghTestNG.TaskingTemplate_Back_button_functionality_on_Item_TaskTemplate_Listing_page_byClass_FAIL13_details"
                       class="testMethodDetails">
                     <div>
                        <b>Name: </b>Back_button_functionality_on_Item_TaskTemplate_Listing_page
                     </div>
                     <div>
                        <b>Signature: </b>Back_button_functionality_on_Item_TaskTemplate_Listing_page()[pri:0, instance:runThrghTestNG.TaskingTemplate@42d34b8c]
                     </div>
                     <div>
                        <b>Start time: </b>17:43:54
                     </div>
                     <div>
                        <b>End time: </b>17:43:54
                     </div>
                     <div>
                        <b>Duration: </b>16 ms
                        
                     </div>
                  </div>
               </td>
            </tr>
            <tr>
               <td colspan="4" class="detailsBox">
                  <div id="runThrghTestNG.TaskingTemplate_Back_button_functionality_on_Item_TaskTemplate_Listing_page_byClass_FAIL13_exception"
                       class="testMethodDetails">
                     <pre style="padding: 5px; margin: 0;">org.openqa.selenium.NoSuchElementException: no such element
                        (Session info: chrome=40.0.2214.111)
                        (Driver info: chromedriver=2.9.248315,platform=Windows NT 6.1 SP1 x86_64) (WARNING: The server did not provide any stacktrace
                        information)
                        Command duration or timeout: 16 milliseconds
                        For documentation on this error, please visit: http://seleniumhq.org/exceptions/no_such_element.html
                        Build info: version: '2.32.0', revision: '6c40c18', time: '2013-04-09 17:23:22'
                        System info: os.name: 'Windows 7', os.arch: 'amd64', os.version: '6.1', java.version: '1.7.0_80-ea'
                        Session ID: f6d26dcffae9e23e4c8dda2e2b965de3
                        Driver info: org.openqa.selenium.chrome.ChromeDriver
                        Capabilities [{platform=XP, acceptSslCerts=true, javascriptEnabled=true, browserName=chrome, chrome={userDataDir=C:\Users\REENA~1.SHA\AppData\Local\Temp\scoped_dir940_23467},
                        rotatable=false, locationContextEnabled=true, version=40.0.2214.111, takesHeapSnapshot=true, cssSelectorsEnabled=true, databaseEnabled=false,
                        handlesAlerts=true, browserConnectionEnabled=false, webStorageEnabled=true, nativeEvents=true, applicationCacheEnabled=false,
                        takesScreenshot=true}]
                        	at sun.reflect.NativeConstructorAccessorImpl.newInstance0(Native Method)
                        	at sun.reflect.NativeConstructorAccessorImpl.newInstance(Unknown Source)
                        	at sun.reflect.DelegatingConstructorAccessorImpl.newInstance(Unknown Source)
                        	at java.lang.reflect.Constructor.newInstance(Unknown Source)
                        	at org.openqa.selenium.remote.ErrorHandler.createThrowable(ErrorHandler.java:187)
                        	at org.openqa.selenium.remote.ErrorHandler.throwIfResponseFailed(ErrorHandler.java:145)
                        	at org.openqa.selenium.remote.RemoteWebDriver.execute(RemoteWebDriver.java:554)
                        	at org.openqa.selenium.remote.RemoteWebDriver.findElement(RemoteWebDriver.java:307)
                        	at org.openqa.selenium.remote.RemoteWebDriver.findElementByXPath(RemoteWebDriver.java:404)
                        	at org.openqa.selenium.By$ByXPath.findElement(By.java:344)
                        	at org.openqa.selenium.remote.RemoteWebDriver.findElement(RemoteWebDriver.java:299)
                        	at runThrghTestNG.TaskingTemplate.Back_button_functionality_on_Item_TaskTemplate_Listing_page(TaskingTemplate.java:234)
                        	at sun.reflect.NativeMethodAccessorImpl.invoke0(Native Method)
                        	at sun.reflect.NativeMethodAccessorImpl.invoke(Unknown Source)
                        	at sun.reflect.DelegatingMethodAccessorImpl.invoke(Unknown Source)
                        	at java.lang.reflect.Method.invoke(Unknown Source)
                        	at org.testng.internal.MethodInvocationHelper.invokeMethod(MethodInvocationHelper.java:84)
                        	at org.testng.internal.Invoker.invokeMethod(Invoker.java:714)
                        	at org.testng.internal.Invoker.invokeTestMethod(Invoker.java:901)
                        	at org.testng.internal.Invoker.invokeTestMethods(Invoker.java:1231)
                        	at org.testng.internal.TestMethodWorker.invokeTestMethods(TestMethodWorker.java:127)
                        	at org.testng.internal.TestMethodWorker.run(TestMethodWorker.java:111)
                        	at org.testng.TestRunner.privateRun(TestRunner.java:767)
                        	at org.testng.TestRunner.run(TestRunner.java:617)
                        	at org.testng.SuiteRunner.runTest(SuiteRunner.java:334)
                        	at org.testng.SuiteRunner.runSequentially(SuiteRunner.java:329)
                        	at org.testng.SuiteRunner.privateRun(SuiteRunner.java:291)
                        	at org.testng.SuiteRunner.run(SuiteRunner.java:240)
                        	at org.testng.SuiteRunnerWorker.runSuite(SuiteRunnerWorker.java:52)
                        	at org.testng.SuiteRunnerWorker.run(SuiteRunnerWorker.java:86)
                        	at org.testng.TestNG.runSuitesSequentially(TestNG.java:1224)
                        	at org.testng.TestNG.runSuitesLocally(TestNG.java:1149)
                        	at org.testng.TestNG.run(TestNG.java:1057)
                        	at org.testng.TestNG.privateMain(TestNG.java:1364)
                        	at org.testng.TestNG.main(TestNG.java:1333)
                     </pre>
                  </div>
               </td>
            </tr>
            <tr id="runThrghTestNG.TaskingTemplate_Element_Verification_on_Item_TaskTemplate_Listing_page_byClass_FAIL14_row"
                class="testMethodStatusFAIL">
               <td width="100%" class="firstMethodCell">
                  <a onclick="toggleDetailsVisibility('runThrghTestNG.TaskingTemplate_Element_Verification_on_Item_TaskTemplate_Listing_page_byClass_FAIL14_details')">Element_Verification_on_Item_TaskTemplate_Listing_page()</a>
               </td>
               <td nowrap="true">17:43:54</td>
               <td nowrap="true" align="right">3s
                  
               </td>
               <td nowrap="true">
                  <a onclick="toggleDetailsVisibility('runThrghTestNG.TaskingTemplate_Element_Verification_on_Item_TaskTemplate_Listing_page_byClass_FAIL14_exception')">org.openqa.selenium.NoSuchElementException: 
                     no such element
                     (Session info: chrome=40.0.2214.111)
                     (Driver info: chromedriver=2.9.248315,platform=Windows NT 6.1 SP1 x86_64) (WARNING: The server did not provide any stacktrace
                     information)
                     Command duration or timeout: 25 milliseconds
                     For documentation on this error, please visit: http://seleniumhq.org/exceptions/no_such_element.html
                     Build info: version: '2.32.0', revision: '6c40c18', time: '2013-04-09 17:23:22'
                     System info: os.name: 'Windows 7', os.arch: 'amd64', os.version: '6.1', java.version: '1.7.0_80-ea'
                     Session ID: f6d26dcffae9e23e4c8dda2e2b965de3
                     Driver info: org.openqa.selenium.chrome.ChromeDriver
                     Capabilities [{platform=XP, acceptSslCerts=true, javascriptEnabled=true, browserName=chrome, chrome={userDataDir=C:\Users\REENA~1.SHA\AppData\Local\Temp\scoped_dir940_23467},
                     rotatable=false, locationContextEnabled=true, version=40.0.2214.111, takesHeapSnapshot=true, cssSelectorsEnabled=true, databaseEnabled=false,
                     handlesAlerts=true, browserConnectionEnabled=false, webStorageEnabled=true, nativeEvents=true, applicationCacheEnabled=false,
                     takesScreenshot=true}]
                     
                  </a>
                   
                  
               </td>
            </tr>
            <tr>
               <td colspan="4" class="detailsBox">
                  <div id="runThrghTestNG.TaskingTemplate_Element_Verification_on_Item_TaskTemplate_Listing_page_byClass_FAIL14_details"
                       class="testMethodDetails">
                     <div>
                        <b>Name: </b>Element_Verification_on_Item_TaskTemplate_Listing_page
                     </div>
                     <div>
                        <b>Signature: </b>Element_Verification_on_Item_TaskTemplate_Listing_page()[pri:0, instance:runThrghTestNG.TaskingTemplate@42d34b8c]
                     </div>
                     <div>
                        <b>Start time: </b>17:43:54
                     </div>
                     <div>
                        <b>End time: </b>17:43:58
                     </div>
                     <div>
                        <b>Duration: </b>3s
                        
                     </div>
                  </div>
               </td>
            </tr>
            <tr>
               <td colspan="4" class="detailsBox">
                  <div id="runThrghTestNG.TaskingTemplate_Element_Verification_on_Item_TaskTemplate_Listing_page_byClass_FAIL14_exception"
                       class="testMethodDetails">
                     <pre style="padding: 5px; margin: 0;">org.openqa.selenium.NoSuchElementException: no such element
                        (Session info: chrome=40.0.2214.111)
                        (Driver info: chromedriver=2.9.248315,platform=Windows NT 6.1 SP1 x86_64) (WARNING: The server did not provide any stacktrace
                        information)
                        Command duration or timeout: 25 milliseconds
                        For documentation on this error, please visit: http://seleniumhq.org/exceptions/no_such_element.html
                        Build info: version: '2.32.0', revision: '6c40c18', time: '2013-04-09 17:23:22'
                        System info: os.name: 'Windows 7', os.arch: 'amd64', os.version: '6.1', java.version: '1.7.0_80-ea'
                        Session ID: f6d26dcffae9e23e4c8dda2e2b965de3
                        Driver info: org.openqa.selenium.chrome.ChromeDriver
                        Capabilities [{platform=XP, acceptSslCerts=true, javascriptEnabled=true, browserName=chrome, chrome={userDataDir=C:\Users\REENA~1.SHA\AppData\Local\Temp\scoped_dir940_23467},
                        rotatable=false, locationContextEnabled=true, version=40.0.2214.111, takesHeapSnapshot=true, cssSelectorsEnabled=true, databaseEnabled=false,
                        handlesAlerts=true, browserConnectionEnabled=false, webStorageEnabled=true, nativeEvents=true, applicationCacheEnabled=false,
                        takesScreenshot=true}]
                        	at sun.reflect.NativeConstructorAccessorImpl.newInstance0(Native Method)
                        	at sun.reflect.NativeConstructorAccessorImpl.newInstance(Unknown Source)
                        	at sun.reflect.DelegatingConstructorAccessorImpl.newInstance(Unknown Source)
                        	at java.lang.reflect.Constructor.newInstance(Unknown Source)
                        	at org.openqa.selenium.remote.ErrorHandler.createThrowable(ErrorHandler.java:187)
                        	at org.openqa.selenium.remote.ErrorHandler.throwIfResponseFailed(ErrorHandler.java:145)
                        	at org.openqa.selenium.remote.RemoteWebDriver.execute(RemoteWebDriver.java:554)
                        	at org.openqa.selenium.remote.RemoteWebDriver.findElement(RemoteWebDriver.java:307)
                        	at org.openqa.selenium.remote.RemoteWebDriver.findElementByXPath(RemoteWebDriver.java:404)
                        	at org.openqa.selenium.By$ByXPath.findElement(By.java:344)
                        	at org.openqa.selenium.remote.RemoteWebDriver.findElement(RemoteWebDriver.java:299)
                        	at runThrghTestNG.TaskingTemplate.Element_Verification_on_Item_TaskTemplate_Listing_page(TaskingTemplate.java:251)
                        	at sun.reflect.NativeMethodAccessorImpl.invoke0(Native Method)
                        	at sun.reflect.NativeMethodAccessorImpl.invoke(Unknown Source)
                        	at sun.reflect.DelegatingMethodAccessorImpl.invoke(Unknown Source)
                        	at java.lang.reflect.Method.invoke(Unknown Source)
                        	at org.testng.internal.MethodInvocationHelper.invokeMethod(MethodInvocationHelper.java:84)
                        	at org.testng.internal.Invoker.invokeMethod(Invoker.java:714)
                        	at org.testng.internal.Invoker.invokeTestMethod(Invoker.java:901)
                        	at org.testng.internal.Invoker.invokeTestMethods(Invoker.java:1231)
                        	at org.testng.internal.TestMethodWorker.invokeTestMethods(TestMethodWorker.java:127)
                        	at org.testng.internal.TestMethodWorker.run(TestMethodWorker.java:111)
                        	at org.testng.TestRunner.privateRun(TestRunner.java:767)
                        	at org.testng.TestRunner.run(TestRunner.java:617)
                        	at org.testng.SuiteRunner.runTest(SuiteRunner.java:334)
                        	at org.testng.SuiteRunner.runSequentially(SuiteRunner.java:329)
                        	at org.testng.SuiteRunner.privateRun(SuiteRunner.java:291)
                        	at org.testng.SuiteRunner.run(SuiteRunner.java:240)
                        	at org.testng.SuiteRunnerWorker.runSuite(SuiteRunnerWorker.java:52)
                        	at org.testng.SuiteRunnerWorker.run(SuiteRunnerWorker.java:86)
                        	at org.testng.TestNG.runSuitesSequentially(TestNG.java:1224)
                        	at org.testng.TestNG.runSuitesLocally(TestNG.java:1149)
                        	at org.testng.TestNG.run(TestNG.java:1057)
                        	at org.testng.TestNG.privateMain(TestNG.java:1364)
                        	at org.testng.TestNG.main(TestNG.java:1333)
                     </pre>
                  </div>
               </td>
            </tr>
            <tr id="runThrghTestNG.TaskingTemplate_Check_status_on_Item_TaskTemplate_Listing_page_no_task_present_byClass_PASS15_row"
                class="testMethodStatusPASS">
               <td width="100%" class="firstMethodCell">
                  <a onclick="toggleDetailsVisibility('runThrghTestNG.TaskingTemplate_Check_status_on_Item_TaskTemplate_Listing_page_no_task_present_byClass_PASS15_details')">Check_status_on_Item_TaskTemplate_Listing_page_no_task_present()</a>
               </td>
               <td nowrap="true">17:43:58</td>
               <td nowrap="true" align="right">3s
                  
               </td>
               <td nowrap="true">
                   
                  
               </td>
            </tr>
            <tr>
               <td colspan="4" class="detailsBox">
                  <div id="runThrghTestNG.TaskingTemplate_Check_status_on_Item_TaskTemplate_Listing_page_no_task_present_byClass_PASS15_details"
                       class="testMethodDetails">
                     <div>
                        <b>Name: </b>Check_status_on_Item_TaskTemplate_Listing_page_no_task_present
                     </div>
                     <div>
                        <b>Signature: </b>Check_status_on_Item_TaskTemplate_Listing_page_no_task_present()[pri:0, instance:runThrghTestNG.TaskingTemplate@42d34b8c]
                     </div>
                     <div>
                        <b>Start time: </b>17:43:58
                     </div>
                     <div>
                        <b>End time: </b>17:44:01
                     </div>
                     <div>
                        <b>Duration: </b>3s
                        
                     </div>
                  </div>
               </td>
            </tr>
            <tr></tr>
            <tr id="runThrghTestNG.TaskingTemplate_Check_validation_for_New_Task_fields_on_Tasking_Template_Item_byClass_FAIL16_row"
                class="testMethodStatusFAIL">
               <td width="100%" class="firstMethodCell">
                  <a onclick="toggleDetailsVisibility('runThrghTestNG.TaskingTemplate_Check_validation_for_New_Task_fields_on_Tasking_Template_Item_byClass_FAIL16_details')">Check_validation_for_New_Task_fields_on_Tasking_Template_Item()</a>
               </td>
               <td nowrap="true">17:44:01</td>
               <td nowrap="true" align="right">16 ms
                  
               </td>
               <td nowrap="true">
                  <a onclick="toggleDetailsVisibility('runThrghTestNG.TaskingTemplate_Check_validation_for_New_Task_fields_on_Tasking_Template_Item_byClass_FAIL16_exception')">org.openqa.selenium.NoSuchElementException: 
                     no such element
                     (Session info: chrome=40.0.2214.111)
                     (Driver info: chromedriver=2.9.248315,platform=Windows NT 6.1 SP1 x86_64) (WARNING: The server did not provide any stacktrace
                     information)
                     Command duration or timeout: 14 milliseconds
                     For documentation on this error, please visit: http://seleniumhq.org/exceptions/no_such_element.html
                     Build info: version: '2.32.0', revision: '6c40c18', time: '2013-04-09 17:23:22'
                     System info: os.name: 'Windows 7', os.arch: 'amd64', os.version: '6.1', java.version: '1.7.0_80-ea'
                     Session ID: f6d26dcffae9e23e4c8dda2e2b965de3
                     Driver info: org.openqa.selenium.chrome.ChromeDriver
                     Capabilities [{platform=XP, acceptSslCerts=true, javascriptEnabled=true, browserName=chrome, chrome={userDataDir=C:\Users\REENA~1.SHA\AppData\Local\Temp\scoped_dir940_23467},
                     rotatable=false, locationContextEnabled=true, version=40.0.2214.111, takesHeapSnapshot=true, cssSelectorsEnabled=true, databaseEnabled=false,
                     handlesAlerts=true, browserConnectionEnabled=false, webStorageEnabled=true, nativeEvents=true, applicationCacheEnabled=false,
                     takesScreenshot=true}]
                     
                  </a>
                   
                  
               </td>
            </tr>
            <tr>
               <td colspan="4" class="detailsBox">
                  <div id="runThrghTestNG.TaskingTemplate_Check_validation_for_New_Task_fields_on_Tasking_Template_Item_byClass_FAIL16_details"
                       class="testMethodDetails">
                     <div>
                        <b>Name: </b>Check_validation_for_New_Task_fields_on_Tasking_Template_Item
                     </div>
                     <div>
                        <b>Signature: </b>Check_validation_for_New_Task_fields_on_Tasking_Template_Item()[pri:0, instance:runThrghTestNG.TaskingTemplate@42d34b8c]
                     </div>
                     <div>
                        <b>Start time: </b>17:44:01
                     </div>
                     <div>
                        <b>End time: </b>17:44:01
                     </div>
                     <div>
                        <b>Duration: </b>16 ms
                        
                     </div>
                  </div>
               </td>
            </tr>
            <tr>
               <td colspan="4" class="detailsBox">
                  <div id="runThrghTestNG.TaskingTemplate_Check_validation_for_New_Task_fields_on_Tasking_Template_Item_byClass_FAIL16_exception"
                       class="testMethodDetails">
                     <pre style="padding: 5px; margin: 0;">org.openqa.selenium.NoSuchElementException: no such element
                        (Session info: chrome=40.0.2214.111)
                        (Driver info: chromedriver=2.9.248315,platform=Windows NT 6.1 SP1 x86_64) (WARNING: The server did not provide any stacktrace
                        information)
                        Command duration or timeout: 14 milliseconds
                        For documentation on this error, please visit: http://seleniumhq.org/exceptions/no_such_element.html
                        Build info: version: '2.32.0', revision: '6c40c18', time: '2013-04-09 17:23:22'
                        System info: os.name: 'Windows 7', os.arch: 'amd64', os.version: '6.1', java.version: '1.7.0_80-ea'
                        Session ID: f6d26dcffae9e23e4c8dda2e2b965de3
                        Driver info: org.openqa.selenium.chrome.ChromeDriver
                        Capabilities [{platform=XP, acceptSslCerts=true, javascriptEnabled=true, browserName=chrome, chrome={userDataDir=C:\Users\REENA~1.SHA\AppData\Local\Temp\scoped_dir940_23467},
                        rotatable=false, locationContextEnabled=true, version=40.0.2214.111, takesHeapSnapshot=true, cssSelectorsEnabled=true, databaseEnabled=false,
                        handlesAlerts=true, browserConnectionEnabled=false, webStorageEnabled=true, nativeEvents=true, applicationCacheEnabled=false,
                        takesScreenshot=true}]
                        	at sun.reflect.NativeConstructorAccessorImpl.newInstance0(Native Method)
                        	at sun.reflect.NativeConstructorAccessorImpl.newInstance(Unknown Source)
                        	at sun.reflect.DelegatingConstructorAccessorImpl.newInstance(Unknown Source)
                        	at java.lang.reflect.Constructor.newInstance(Unknown Source)
                        	at org.openqa.selenium.remote.ErrorHandler.createThrowable(ErrorHandler.java:187)
                        	at org.openqa.selenium.remote.ErrorHandler.throwIfResponseFailed(ErrorHandler.java:145)
                        	at org.openqa.selenium.remote.RemoteWebDriver.execute(RemoteWebDriver.java:554)
                        	at org.openqa.selenium.remote.RemoteWebDriver.findElement(RemoteWebDriver.java:307)
                        	at org.openqa.selenium.remote.RemoteWebDriver.findElementByXPath(RemoteWebDriver.java:404)
                        	at org.openqa.selenium.By$ByXPath.findElement(By.java:344)
                        	at org.openqa.selenium.remote.RemoteWebDriver.findElement(RemoteWebDriver.java:299)
                        	at runThrghTestNG.TaskingTemplate.Check_validation_for_New_Task_fields_on_Tasking_Template_Item(TaskingTemplate.java:353)
                        	at sun.reflect.NativeMethodAccessorImpl.invoke0(Native Method)
                        	at sun.reflect.NativeMethodAccessorImpl.invoke(Unknown Source)
                        	at sun.reflect.DelegatingMethodAccessorImpl.invoke(Unknown Source)
                        	at java.lang.reflect.Method.invoke(Unknown Source)
                        	at org.testng.internal.MethodInvocationHelper.invokeMethod(MethodInvocationHelper.java:84)
                        	at org.testng.internal.Invoker.invokeMethod(Invoker.java:714)
                        	at org.testng.internal.Invoker.invokeTestMethod(Invoker.java:901)
                        	at org.testng.internal.Invoker.invokeTestMethods(Invoker.java:1231)
                        	at org.testng.internal.TestMethodWorker.invokeTestMethods(TestMethodWorker.java:127)
                        	at org.testng.internal.TestMethodWorker.run(TestMethodWorker.java:111)
                        	at org.testng.TestRunner.privateRun(TestRunner.java:767)
                        	at org.testng.TestRunner.run(TestRunner.java:617)
                        	at org.testng.SuiteRunner.runTest(SuiteRunner.java:334)
                        	at org.testng.SuiteRunner.runSequentially(SuiteRunner.java:329)
                        	at org.testng.SuiteRunner.privateRun(SuiteRunner.java:291)
                        	at org.testng.SuiteRunner.run(SuiteRunner.java:240)
                        	at org.testng.SuiteRunnerWorker.runSuite(SuiteRunnerWorker.java:52)
                        	at org.testng.SuiteRunnerWorker.run(SuiteRunnerWorker.java:86)
                        	at org.testng.TestNG.runSuitesSequentially(TestNG.java:1224)
                        	at org.testng.TestNG.runSuitesLocally(TestNG.java:1149)
                        	at org.testng.TestNG.run(TestNG.java:1057)
                        	at org.testng.TestNG.privateMain(TestNG.java:1364)
                        	at org.testng.TestNG.main(TestNG.java:1333)
                     </pre>
                  </div>
               </td>
            </tr>
            <tr id="runThrghTestNG.TaskingTemplate_Adition_of_New_Task_on_Tasking_Template_Item_byClass_FAIL17_row"
                class="testMethodStatusFAIL">
               <td width="100%" class="firstMethodCell">
                  <a onclick="toggleDetailsVisibility('runThrghTestNG.TaskingTemplate_Adition_of_New_Task_on_Tasking_Template_Item_byClass_FAIL17_details')">Adition_of_New_Task_on_Tasking_Template_Item()</a>
               </td>
               <td nowrap="true">17:44:01</td>
               <td nowrap="true" align="right">9 ms
                  
               </td>
               <td nowrap="true">
                  <a onclick="toggleDetailsVisibility('runThrghTestNG.TaskingTemplate_Adition_of_New_Task_on_Tasking_Template_Item_byClass_FAIL17_exception')">org.openqa.selenium.NoSuchElementException: 
                     no such element
                     (Session info: chrome=40.0.2214.111)
                     (Driver info: chromedriver=2.9.248315,platform=Windows NT 6.1 SP1 x86_64) (WARNING: The server did not provide any stacktrace
                     information)
                     Command duration or timeout: 9 milliseconds
                     For documentation on this error, please visit: http://seleniumhq.org/exceptions/no_such_element.html
                     Build info: version: '2.32.0', revision: '6c40c18', time: '2013-04-09 17:23:22'
                     System info: os.name: 'Windows 7', os.arch: 'amd64', os.version: '6.1', java.version: '1.7.0_80-ea'
                     Session ID: f6d26dcffae9e23e4c8dda2e2b965de3
                     Driver info: org.openqa.selenium.chrome.ChromeDriver
                     Capabilities [{platform=XP, acceptSslCerts=true, javascriptEnabled=true, browserName=chrome, chrome={userDataDir=C:\Users\REENA~1.SHA\AppData\Local\Temp\scoped_dir940_23467},
                     rotatable=false, locationContextEnabled=true, version=40.0.2214.111, takesHeapSnapshot=true, cssSelectorsEnabled=true, databaseEnabled=false,
                     handlesAlerts=true, browserConnectionEnabled=false, webStorageEnabled=true, nativeEvents=true, applicationCacheEnabled=false,
                     takesScreenshot=true}]
                     
                  </a>
                   
                  
               </td>
            </tr>
            <tr>
               <td colspan="4" class="detailsBox">
                  <div id="runThrghTestNG.TaskingTemplate_Adition_of_New_Task_on_Tasking_Template_Item_byClass_FAIL17_details"
                       class="testMethodDetails">
                     <div>
                        <b>Name: </b>Adition_of_New_Task_on_Tasking_Template_Item
                     </div>
                     <div>
                        <b>Signature: </b>Adition_of_New_Task_on_Tasking_Template_Item()[pri:0, instance:runThrghTestNG.TaskingTemplate@42d34b8c]
                     </div>
                     <div>
                        <b>Start time: </b>17:44:01
                     </div>
                     <div>
                        <b>End time: </b>17:44:01
                     </div>
                     <div>
                        <b>Duration: </b>9 ms
                        
                     </div>
                  </div>
               </td>
            </tr>
            <tr>
               <td colspan="4" class="detailsBox">
                  <div id="runThrghTestNG.TaskingTemplate_Adition_of_New_Task_on_Tasking_Template_Item_byClass_FAIL17_exception"
                       class="testMethodDetails">
                     <pre style="padding: 5px; margin: 0;">org.openqa.selenium.NoSuchElementException: no such element
                        (Session info: chrome=40.0.2214.111)
                        (Driver info: chromedriver=2.9.248315,platform=Windows NT 6.1 SP1 x86_64) (WARNING: The server did not provide any stacktrace
                        information)
                        Command duration or timeout: 9 milliseconds
                        For documentation on this error, please visit: http://seleniumhq.org/exceptions/no_such_element.html
                        Build info: version: '2.32.0', revision: '6c40c18', time: '2013-04-09 17:23:22'
                        System info: os.name: 'Windows 7', os.arch: 'amd64', os.version: '6.1', java.version: '1.7.0_80-ea'
                        Session ID: f6d26dcffae9e23e4c8dda2e2b965de3
                        Driver info: org.openqa.selenium.chrome.ChromeDriver
                        Capabilities [{platform=XP, acceptSslCerts=true, javascriptEnabled=true, browserName=chrome, chrome={userDataDir=C:\Users\REENA~1.SHA\AppData\Local\Temp\scoped_dir940_23467},
                        rotatable=false, locationContextEnabled=true, version=40.0.2214.111, takesHeapSnapshot=true, cssSelectorsEnabled=true, databaseEnabled=false,
                        handlesAlerts=true, browserConnectionEnabled=false, webStorageEnabled=true, nativeEvents=true, applicationCacheEnabled=false,
                        takesScreenshot=true}]
                        	at sun.reflect.NativeConstructorAccessorImpl.newInstance0(Native Method)
                        	at sun.reflect.NativeConstructorAccessorImpl.newInstance(Unknown Source)
                        	at sun.reflect.DelegatingConstructorAccessorImpl.newInstance(Unknown Source)
                        	at java.lang.reflect.Constructor.newInstance(Unknown Source)
                        	at org.openqa.selenium.remote.ErrorHandler.createThrowable(ErrorHandler.java:187)
                        	at org.openqa.selenium.remote.ErrorHandler.throwIfResponseFailed(ErrorHandler.java:145)
                        	at org.openqa.selenium.remote.RemoteWebDriver.execute(RemoteWebDriver.java:554)
                        	at org.openqa.selenium.remote.RemoteWebDriver.findElement(RemoteWebDriver.java:307)
                        	at org.openqa.selenium.remote.RemoteWebDriver.findElementByXPath(RemoteWebDriver.java:404)
                        	at org.openqa.selenium.By$ByXPath.findElement(By.java:344)
                        	at org.openqa.selenium.remote.RemoteWebDriver.findElement(RemoteWebDriver.java:299)
                        	at runThrghTestNG.TaskingTemplate.Adition_of_New_Task_on_Tasking_Template_Item(TaskingTemplate.java:376)
                        	at sun.reflect.NativeMethodAccessorImpl.invoke0(Native Method)
                        	at sun.reflect.NativeMethodAccessorImpl.invoke(Unknown Source)
                        	at sun.reflect.DelegatingMethodAccessorImpl.invoke(Unknown Source)
                        	at java.lang.reflect.Method.invoke(Unknown Source)
                        	at org.testng.internal.MethodInvocationHelper.invokeMethod(MethodInvocationHelper.java:84)
                        	at org.testng.internal.Invoker.invokeMethod(Invoker.java:714)
                        	at org.testng.internal.Invoker.invokeTestMethod(Invoker.java:901)
                        	at org.testng.internal.Invoker.invokeTestMethods(Invoker.java:1231)
                        	at org.testng.internal.TestMethodWorker.invokeTestMethods(TestMethodWorker.java:127)
                        	at org.testng.internal.TestMethodWorker.run(TestMethodWorker.java:111)
                        	at org.testng.TestRunner.privateRun(TestRunner.java:767)
                        	at org.testng.TestRunner.run(TestRunner.java:617)
                        	at org.testng.SuiteRunner.runTest(SuiteRunner.java:334)
                        	at org.testng.SuiteRunner.runSequentially(SuiteRunner.java:329)
                        	at org.testng.SuiteRunner.privateRun(SuiteRunner.java:291)
                        	at org.testng.SuiteRunner.run(SuiteRunner.java:240)
                        	at org.testng.SuiteRunnerWorker.runSuite(SuiteRunnerWorker.java:52)
                        	at org.testng.SuiteRunnerWorker.run(SuiteRunnerWorker.java:86)
                        	at org.testng.TestNG.runSuitesSequentially(TestNG.java:1224)
                        	at org.testng.TestNG.runSuitesLocally(TestNG.java:1149)
                        	at org.testng.TestNG.run(TestNG.java:1057)
                        	at org.testng.TestNG.privateMain(TestNG.java:1364)
                        	at org.testng.TestNG.main(TestNG.java:1333)
                     </pre>
                  </div>
               </td>
            </tr>
            <tr id="runThrghTestNG.TaskingTemplate_tearDown_byClass_PASS18_row"
                class="testMethodStatusPASS testMethodStatusCONF">
               <td width="100%" class="firstMethodCell">
                  <a onclick="toggleDetailsVisibility('runThrghTestNG.TaskingTemplate_tearDown_byClass_PASS18_details')">tearDown()</a>
               </td>
               <td nowrap="true">17:44:02</td>
               <td nowrap="true" align="right">1s
                  
               </td>
               <td nowrap="true">
                   
                  
               </td>
            </tr>
            <tr>
               <td colspan="4" class="detailsBox">
                  <div id="runThrghTestNG.TaskingTemplate_tearDown_byClass_PASS18_details"
                       class="testMethodDetails">
                     <div>
                        <b>Name: </b>tearDown
                     </div>
                     <div>
                        <b>Signature: </b>tearDown()[pri:0, instance:runThrghTestNG.TaskingTemplate@42d34b8c]
                     </div>
                     <div>
                        <b>Start time: </b>17:44:02
                     </div>
                     <div>
                        <b>End time: </b>17:44:03
                     </div>
                     <div>
                        <b>Duration: </b>1s
                        
                     </div>
                  </div>
               </td>
            </tr>
            <tr></tr>
         </table>
         <br></br>
      </div>
      <div style="margin-top: 15px; color: gray; text-align: center; font-size: 9px;">
         Generated with
         
         <a href="http://code.google.com/p/testng-xslt/" style="color: #8888aa;"
            target="_blank">
            TestNG XSLT
            
         </a>
      </div>
   </body>
</html>